CRITICAL - 2023-05-30 01:18:30 --> Invalid file: "components/sidebar.php"
in SYSTEMPATH\Exceptions\FrameworkException.php on line 33.
 1 SYSTEMPATH\View\View.php(201): CodeIgniter\Exceptions\FrameworkException::forInvalidFile('components/sidebar.php')
 2 SYSTEMPATH\View\View.php(431): CodeIgniter\View\View->render('components/sidebar', null, true)
 3 APPPATH\Views\components\layout.php(45): CodeIgniter\View\View->include('components/sidebar')
 4 SYSTEMPATH\View\View.php(213): include('C:\\xampp\\htdocs\\ci4\\app\\Views\\components\\layout.php')
 5 SYSTEMPATH\View\View.php(216): CodeIgniter\View\View->CodeIgniter\View\{closure}()
 6 SYSTEMPATH\View\View.php(229): CodeIgniter\View\View->render('components/layout', [], true)
 7 SYSTEMPATH\Common.php(1184): CodeIgniter\View\View->render('v_home', [], true)
 8 APPPATH\Controllers\Home.php(9): view('v_home')
 9 SYSTEMPATH\CodeIgniter.php(934): App\Controllers\Home->index()
10 SYSTEMPATH\CodeIgniter.php(499): CodeIgniter\CodeIgniter->runController(Object(App\Controllers\Home))
11 SYSTEMPATH\CodeIgniter.php(368): CodeIgniter\CodeIgniter->handleRequest(null, Object(Config\Cache), false)
12 FCPATH\index.php(67): CodeIgniter\CodeIgniter->run()
CRITICAL - 2023-05-30 01:18:46 --> Invalid file: "components/sidebar.php"
in SYSTEMPATH\Exceptions\FrameworkException.php on line 33.
 1 SYSTEMPATH\View\View.php(201): CodeIgniter\Exceptions\FrameworkException::forInvalidFile('components/sidebar.php')
 2 SYSTEMPATH\View\View.php(431): CodeIgniter\View\View->render('components/sidebar', null, true)
 3 APPPATH\Views\components\layout.php(45): CodeIgniter\View\View->include('components/sidebar')
 4 SYSTEMPATH\View\View.php(213): include('C:\\xampp\\htdocs\\ci4\\app\\Views\\components\\layout.php')
 5 SYSTEMPATH\View\View.php(216): CodeIgniter\View\View->CodeIgniter\View\{closure}()
 6 SYSTEMPATH\View\View.php(229): CodeIgniter\View\View->render('components/layout', [], true)
 7 SYSTEMPATH\Common.php(1184): CodeIgniter\View\View->render('v_home', [], true)
 8 APPPATH\Controllers\Home.php(9): view('v_home')
 9 SYSTEMPATH\CodeIgniter.php(934): App\Controllers\Home->index()
10 SYSTEMPATH\CodeIgniter.php(499): CodeIgniter\CodeIgniter->runController(Object(App\Controllers\Home))
11 SYSTEMPATH\CodeIgniter.php(368): CodeIgniter\CodeIgniter->handleRequest(null, Object(Config\Cache), false)
12 FCPATH\index.php(67): CodeIgniter\CodeIgniter->run()
CRITICAL - 2023-05-30 01:19:18 --> Invalid file: "components/sidebar.php"
in SYSTEMPATH\Exceptions\FrameworkException.php on line 33.
 1 SYSTEMPATH\View\View.php(201): CodeIgniter\Exceptions\FrameworkException::forInvalidFile('components/sidebar.php')
 2 SYSTEMPATH\View\View.php(431): CodeIgniter\View\View->render('components/sidebar', null, true)
 3 APPPATH\Views\components\layout.php(45): CodeIgniter\View\View->include('components/sidebar')
 4 SYSTEMPATH\View\View.php(213): include('C:\\xampp\\htdocs\\ci4\\app\\Views\\components\\layout.php')
 5 SYSTEMPATH\View\View.php(216): CodeIgniter\View\View->CodeIgniter\View\{closure}()
 6 SYSTEMPATH\View\View.php(229): CodeIgniter\View\View->render('components/layout', [], true)
 7 SYSTEMPATH\Common.php(1184): CodeIgniter\View\View->render('v_home', [], true)
 8 APPPATH\Controllers\Home.php(9): view('v_home')
 9 SYSTEMPATH\CodeIgniter.php(934): App\Controllers\Home->index()
10 SYSTEMPATH\CodeIgniter.php(499): CodeIgniter\CodeIgniter->runController(Object(App\Controllers\Home))
11 SYSTEMPATH\CodeIgniter.php(368): CodeIgniter\CodeIgniter->handleRequest(null, Object(Config\Cache), false)
12 FCPATH\index.php(67): CodeIgniter\CodeIgniter->run()
CRITICAL - 2023-05-30 01:21:26 --> Invalid file: "components/sidebar.php"
in SYSTEMPATH\Exceptions\FrameworkException.php on line 33.
 1 SYSTEMPATH\View\View.php(201): CodeIgniter\Exceptions\FrameworkException::forInvalidFile('components/sidebar.php')
 2 SYSTEMPATH\View\View.php(431): CodeIgniter\View\View->render('components/sidebar', null, true)
 3 APPPATH\Views\components\layout.php(45): CodeIgniter\View\View->include('components/sidebar')
 4 SYSTEMPATH\View\View.php(213): include('C:\\xampp\\htdocs\\ci4\\app\\Views\\components\\layout.php')
 5 SYSTEMPATH\View\View.php(216): CodeIgniter\View\View->CodeIgniter\View\{closure}()
 6 SYSTEMPATH\View\View.php(229): CodeIgniter\View\View->render('components/layout', [], true)
 7 SYSTEMPATH\Common.php(1184): CodeIgniter\View\View->render('v_home', [], true)
 8 APPPATH\Controllers\Home.php(9): view('v_home')
 9 SYSTEMPATH\CodeIgniter.php(934): App\Controllers\Home->index()
10 SYSTEMPATH\CodeIgniter.php(499): CodeIgniter\CodeIgniter->runController(Object(App\Controllers\Home))
11 SYSTEMPATH\CodeIgniter.php(368): CodeIgniter\CodeIgniter->handleRequest(null, Object(Config\Cache), false)
12 FCPATH\index.php(67): CodeIgniter\CodeIgniter->run()
CRITICAL - 2023-05-30 01:22:36 --> Invalid file: "components/sidebar.php"
in SYSTEMPATH\Exceptions\FrameworkException.php on line 33.
 1 SYSTEMPATH\View\View.php(201): CodeIgniter\Exceptions\FrameworkException::forInvalidFile('components/sidebar.php')
 2 SYSTEMPATH\View\View.php(431): CodeIgniter\View\View->render('components/sidebar', null, true)
 3 APPPATH\Views\components\layout.php(45): CodeIgniter\View\View->include('components/sidebar')
 4 SYSTEMPATH\View\View.php(213): include('C:\\xampp\\htdocs\\ci4\\app\\Views\\components\\layout.php')
 5 SYSTEMPATH\View\View.php(216): CodeIgniter\View\View->CodeIgniter\View\{closure}()
 6 SYSTEMPATH\View\View.php(229): CodeIgniter\View\View->render('components/layout', [], true)
 7 SYSTEMPATH\Common.php(1184): CodeIgniter\View\View->render('v_home', [], true)
 8 APPPATH\Controllers\Home.php(9): view('v_home')
 9 SYSTEMPATH\CodeIgniter.php(934): App\Controllers\Home->index()
10 SYSTEMPATH\CodeIgniter.php(499): CodeIgniter\CodeIgniter->runController(Object(App\Controllers\Home))
11 SYSTEMPATH\CodeIgniter.php(368): CodeIgniter\CodeIgniter->handleRequest(null, Object(Config\Cache), false)
12 FCPATH\index.php(67): CodeIgniter\CodeIgniter->run()
CRITICAL - 2023-05-30 01:23:54 --> Invalid file: "components/sidebar.php"
in SYSTEMPATH\Exceptions\FrameworkException.php on line 33.
 1 SYSTEMPATH\View\View.php(201): CodeIgniter\Exceptions\FrameworkException::forInvalidFile('components/sidebar.php')
 2 SYSTEMPATH\View\View.php(431): CodeIgniter\View\View->render('components/sidebar', null, true)
 3 APPPATH\Views\components\layout.php(45): CodeIgniter\View\View->include('components/sidebar')
 4 SYSTEMPATH\View\View.php(213): include('C:\\xampp\\htdocs\\ci4\\app\\Views\\components\\layout.php')
 5 SYSTEMPATH\View\View.php(216): CodeIgniter\View\View->CodeIgniter\View\{closure}()
 6 SYSTEMPATH\View\View.php(229): CodeIgniter\View\View->render('components/layout', [], true)
 7 SYSTEMPATH\Common.php(1184): CodeIgniter\View\View->render('v_home', [], true)
 8 APPPATH\Controllers\Home.php(9): view('v_home')
 9 SYSTEMPATH\CodeIgniter.php(934): App\Controllers\Home->index()
10 SYSTEMPATH\CodeIgniter.php(499): CodeIgniter\CodeIgniter->runController(Object(App\Controllers\Home))
11 SYSTEMPATH\CodeIgniter.php(368): CodeIgniter\CodeIgniter->handleRequest(null, Object(Config\Cache), false)
12 FCPATH\index.php(67): CodeIgniter\CodeIgniter->run()
CRITICAL - 2023-05-30 01:26:02 --> Invalid file: "components/sidebar.php"
in SYSTEMPATH\Exceptions\FrameworkException.php on line 33.
 1 SYSTEMPATH\View\View.php(201): CodeIgniter\Exceptions\FrameworkException::forInvalidFile('components/sidebar.php')
 2 SYSTEMPATH\View\View.php(431): CodeIgniter\View\View->render('components/sidebar', null, true)
 3 APPPATH\Views\components\layout.php(45): CodeIgniter\View\View->include('components/sidebar')
 4 SYSTEMPATH\View\View.php(213): include('C:\\xampp\\htdocs\\ci4\\app\\Views\\components\\layout.php')
 5 SYSTEMPATH\View\View.php(216): CodeIgniter\View\View->CodeIgniter\View\{closure}()
 6 SYSTEMPATH\View\View.php(229): CodeIgniter\View\View->render('components/layout', [], true)
 7 SYSTEMPATH\Common.php(1184): CodeIgniter\View\View->render('v_home', [], true)
 8 APPPATH\Controllers\Home.php(9): view('v_home')
 9 SYSTEMPATH\CodeIgniter.php(934): App\Controllers\Home->index()
10 SYSTEMPATH\CodeIgniter.php(499): CodeIgniter\CodeIgniter->runController(Object(App\Controllers\Home))
11 SYSTEMPATH\CodeIgniter.php(368): CodeIgniter\CodeIgniter->handleRequest(null, Object(Config\Cache), false)
12 FCPATH\index.php(67): CodeIgniter\CodeIgniter->run()
CRITICAL - 2023-05-30 01:26:56 --> Invalid file: "components/sidebar.php"
in SYSTEMPATH\Exceptions\FrameworkException.php on line 33.
 1 SYSTEMPATH\View\View.php(201): CodeIgniter\Exceptions\FrameworkException::forInvalidFile('components/sidebar.php')
 2 SYSTEMPATH\View\View.php(431): CodeIgniter\View\View->render('components/sidebar', null, true)
 3 APPPATH\Views\components\layout.php(45): CodeIgniter\View\View->include('components/sidebar')
 4 SYSTEMPATH\View\View.php(213): include('C:\\xampp\\htdocs\\ci4\\app\\Views\\components\\layout.php')
 5 SYSTEMPATH\View\View.php(216): CodeIgniter\View\View->CodeIgniter\View\{closure}()
 6 SYSTEMPATH\View\View.php(229): CodeIgniter\View\View->render('components/layout', [], true)
 7 SYSTEMPATH\Common.php(1184): CodeIgniter\View\View->render('v_home', [], true)
 8 APPPATH\Controllers\Home.php(9): view('v_home')
 9 SYSTEMPATH\CodeIgniter.php(934): App\Controllers\Home->index()
10 SYSTEMPATH\CodeIgniter.php(499): CodeIgniter\CodeIgniter->runController(Object(App\Controllers\Home))
11 SYSTEMPATH\CodeIgniter.php(368): CodeIgniter\CodeIgniter->handleRequest(null, Object(Config\Cache), false)
12 FCPATH\index.php(67): CodeIgniter\CodeIgniter->run()
CRITICAL - 2023-05-30 01:28:01 --> Invalid file: "components/sidebar.php"
in SYSTEMPATH\Exceptions\FrameworkException.php on line 33.
 1 SYSTEMPATH\View\View.php(201): CodeIgniter\Exceptions\FrameworkException::forInvalidFile('components/sidebar.php')
 2 SYSTEMPATH\View\View.php(431): CodeIgniter\View\View->render('components/sidebar', null, true)
 3 APPPATH\Views\components\layout.php(45): CodeIgniter\View\View->include('components/sidebar')
 4 SYSTEMPATH\View\View.php(213): include('C:\\xampp\\htdocs\\ci4\\app\\Views\\components\\layout.php')
 5 SYSTEMPATH\View\View.php(216): CodeIgniter\View\View->CodeIgniter\View\{closure}()
 6 SYSTEMPATH\View\View.php(229): CodeIgniter\View\View->render('components/layout', [], true)
 7 SYSTEMPATH\Common.php(1184): CodeIgniter\View\View->render('v_home', [], true)
 8 APPPATH\Controllers\Home.php(9): view('v_home')
 9 SYSTEMPATH\CodeIgniter.php(934): App\Controllers\Home->index()
10 SYSTEMPATH\CodeIgniter.php(499): CodeIgniter\CodeIgniter->runController(Object(App\Controllers\Home))
11 SYSTEMPATH\CodeIgniter.php(368): CodeIgniter\CodeIgniter->handleRequest(null, Object(Config\Cache), false)
12 FCPATH\index.php(67): CodeIgniter\CodeIgniter->run()
CRITICAL - 2023-05-30 01:28:02 --> Invalid file: "components/sidebar.php"
in SYSTEMPATH\Exceptions\FrameworkException.php on line 33.
 1 SYSTEMPATH\View\View.php(201): CodeIgniter\Exceptions\FrameworkException::forInvalidFile('components/sidebar.php')
 2 SYSTEMPATH\View\View.php(431): CodeIgniter\View\View->render('components/sidebar', null, true)
 3 APPPATH\Views\components\layout.php(45): CodeIgniter\View\View->include('components/sidebar')
 4 SYSTEMPATH\View\View.php(213): include('C:\\xampp\\htdocs\\ci4\\app\\Views\\components\\layout.php')
 5 SYSTEMPATH\View\View.php(216): CodeIgniter\View\View->CodeIgniter\View\{closure}()
 6 SYSTEMPATH\View\View.php(229): CodeIgniter\View\View->render('components/layout', [], true)
 7 SYSTEMPATH\Common.php(1184): CodeIgniter\View\View->render('v_home', [], true)
 8 APPPATH\Controllers\Home.php(9): view('v_home')
 9 SYSTEMPATH\CodeIgniter.php(934): App\Controllers\Home->index()
10 SYSTEMPATH\CodeIgniter.php(499): CodeIgniter\CodeIgniter->runController(Object(App\Controllers\Home))
11 SYSTEMPATH\CodeIgniter.php(368): CodeIgniter\CodeIgniter->handleRequest(null, Object(Config\Cache), false)
12 FCPATH\index.php(67): CodeIgniter\CodeIgniter->run()
CRITICAL - 2023-05-30 01:28:02 --> Invalid file: "components/sidebar.php"
in SYSTEMPATH\Exceptions\FrameworkException.php on line 33.
 1 SYSTEMPATH\View\View.php(201): CodeIgniter\Exceptions\FrameworkException::forInvalidFile('components/sidebar.php')
 2 SYSTEMPATH\View\View.php(431): CodeIgniter\View\View->render('components/sidebar', null, true)
 3 APPPATH\Views\components\layout.php(45): CodeIgniter\View\View->include('components/sidebar')
 4 SYSTEMPATH\View\View.php(213): include('C:\\xampp\\htdocs\\ci4\\app\\Views\\components\\layout.php')
 5 SYSTEMPATH\View\View.php(216): CodeIgniter\View\View->CodeIgniter\View\{closure}()
 6 SYSTEMPATH\View\View.php(229): CodeIgniter\View\View->render('components/layout', [], true)
 7 SYSTEMPATH\Common.php(1184): CodeIgniter\View\View->render('v_home', [], true)
 8 APPPATH\Controllers\Home.php(9): view('v_home')
 9 SYSTEMPATH\CodeIgniter.php(934): App\Controllers\Home->index()
10 SYSTEMPATH\CodeIgniter.php(499): CodeIgniter\CodeIgniter->runController(Object(App\Controllers\Home))
11 SYSTEMPATH\CodeIgniter.php(368): CodeIgniter\CodeIgniter->handleRequest(null, Object(Config\Cache), false)
12 FCPATH\index.php(67): CodeIgniter\CodeIgniter->run()
CRITICAL - 2023-05-30 01:28:09 --> Invalid file: "components/sidebar.php"
in SYSTEMPATH\Exceptions\FrameworkException.php on line 33.
 1 SYSTEMPATH\View\View.php(201): CodeIgniter\Exceptions\FrameworkException::forInvalidFile('components/sidebar.php')
 2 SYSTEMPATH\View\View.php(431): CodeIgniter\View\View->render('components/sidebar', null, true)
 3 APPPATH\Views\components\layout.php(45): CodeIgniter\View\View->include('components/sidebar')
 4 SYSTEMPATH\View\View.php(213): include('C:\\xampp\\htdocs\\ci4\\app\\Views\\components\\layout.php')
 5 SYSTEMPATH\View\View.php(216): CodeIgniter\View\View->CodeIgniter\View\{closure}()
 6 SYSTEMPATH\View\View.php(229): CodeIgniter\View\View->render('components/layout', [], true)
 7 SYSTEMPATH\Common.php(1184): CodeIgniter\View\View->render('v_home', [], true)
 8 APPPATH\Controllers\Home.php(9): view('v_home')
 9 SYSTEMPATH\CodeIgniter.php(934): App\Controllers\Home->index()
10 SYSTEMPATH\CodeIgniter.php(499): CodeIgniter\CodeIgniter->runController(Object(App\Controllers\Home))
11 SYSTEMPATH\CodeIgniter.php(368): CodeIgniter\CodeIgniter->handleRequest(null, Object(Config\Cache), false)
12 FCPATH\index.php(67): CodeIgniter\CodeIgniter->run()
CRITICAL - 2023-05-30 01:28:10 --> Invalid file: "components/sidebar.php"
in SYSTEMPATH\Exceptions\FrameworkException.php on line 33.
 1 SYSTEMPATH\View\View.php(201): CodeIgniter\Exceptions\FrameworkException::forInvalidFile('components/sidebar.php')
 2 SYSTEMPATH\View\View.php(431): CodeIgniter\View\View->render('components/sidebar', null, true)
 3 APPPATH\Views\components\layout.php(45): CodeIgniter\View\View->include('components/sidebar')
 4 SYSTEMPATH\View\View.php(213): include('C:\\xampp\\htdocs\\ci4\\app\\Views\\components\\layout.php')
 5 SYSTEMPATH\View\View.php(216): CodeIgniter\View\View->CodeIgniter\View\{closure}()
 6 SYSTEMPATH\View\View.php(229): CodeIgniter\View\View->render('components/layout', [], true)
 7 SYSTEMPATH\Common.php(1184): CodeIgniter\View\View->render('v_home', [], true)
 8 APPPATH\Controllers\Home.php(9): view('v_home')
 9 SYSTEMPATH\CodeIgniter.php(934): App\Controllers\Home->index()
10 SYSTEMPATH\CodeIgniter.php(499): CodeIgniter\CodeIgniter->runController(Object(App\Controllers\Home))
11 SYSTEMPATH\CodeIgniter.php(368): CodeIgniter\CodeIgniter->handleRequest(null, Object(Config\Cache), false)
12 FCPATH\index.php(67): CodeIgniter\CodeIgniter->run()
CRITICAL - 2023-05-30 01:28:10 --> Invalid file: "components/sidebar.php"
in SYSTEMPATH\Exceptions\FrameworkException.php on line 33.
 1 SYSTEMPATH\View\View.php(201): CodeIgniter\Exceptions\FrameworkException::forInvalidFile('components/sidebar.php')
 2 SYSTEMPATH\View\View.php(431): CodeIgniter\View\View->render('components/sidebar', null, true)
 3 APPPATH\Views\components\layout.php(45): CodeIgniter\View\View->include('components/sidebar')
 4 SYSTEMPATH\View\View.php(213): include('C:\\xampp\\htdocs\\ci4\\app\\Views\\components\\layout.php')
 5 SYSTEMPATH\View\View.php(216): CodeIgniter\View\View->CodeIgniter\View\{closure}()
 6 SYSTEMPATH\View\View.php(229): CodeIgniter\View\View->render('components/layout', [], true)
 7 SYSTEMPATH\Common.php(1184): CodeIgniter\View\View->render('v_home', [], true)
 8 APPPATH\Controllers\Home.php(9): view('v_home')
 9 SYSTEMPATH\CodeIgniter.php(934): App\Controllers\Home->index()
10 SYSTEMPATH\CodeIgniter.php(499): CodeIgniter\CodeIgniter->runController(Object(App\Controllers\Home))
11 SYSTEMPATH\CodeIgniter.php(368): CodeIgniter\CodeIgniter->handleRequest(null, Object(Config\Cache), false)
12 FCPATH\index.php(67): CodeIgniter\CodeIgniter->run()
CRITICAL - 2023-05-30 01:32:36 --> Invalid file: "components/sidebar.php"
in SYSTEMPATH\Exceptions\FrameworkException.php on line 33.
 1 SYSTEMPATH\View\View.php(201): CodeIgniter\Exceptions\FrameworkException::forInvalidFile('components/sidebar.php')
 2 SYSTEMPATH\View\View.php(431): CodeIgniter\View\View->render('components/sidebar', null, true)
 3 APPPATH\Views\components\layout.php(45): CodeIgniter\View\View->include('components/sidebar')
 4 SYSTEMPATH\View\View.php(213): include('C:\\xampp\\htdocs\\ci4\\app\\Views\\components\\layout.php')
 5 SYSTEMPATH\View\View.php(216): CodeIgniter\View\View->CodeIgniter\View\{closure}()
 6 SYSTEMPATH\View\View.php(229): CodeIgniter\View\View->render('components/layout', [], true)
 7 SYSTEMPATH\Common.php(1184): CodeIgniter\View\View->render('v_home', [], true)
 8 APPPATH\Controllers\Home.php(9): view('v_home')
 9 SYSTEMPATH\CodeIgniter.php(934): App\Controllers\Home->index()
10 SYSTEMPATH\CodeIgniter.php(499): CodeIgniter\CodeIgniter->runController(Object(App\Controllers\Home))
11 SYSTEMPATH\CodeIgniter.php(368): CodeIgniter\CodeIgniter->handleRequest(null, Object(Config\Cache), false)
12 FCPATH\index.php(67): CodeIgniter\CodeIgniter->run()
CRITICAL - 2023-05-30 01:34:50 --> Invalid file: "components/sidebar.php"
in SYSTEMPATH\Exceptions\FrameworkException.php on line 33.
 1 SYSTEMPATH\View\View.php(201): CodeIgniter\Exceptions\FrameworkException::forInvalidFile('components/sidebar.php')
 2 SYSTEMPATH\View\View.php(431): CodeIgniter\View\View->render('components/sidebar', null, true)
 3 APPPATH\Views\components\layout.php(45): CodeIgniter\View\View->include('components/sidebar')
 4 SYSTEMPATH\View\View.php(213): include('C:\\xampp\\htdocs\\ci4\\app\\Views\\components\\layout.php')
 5 SYSTEMPATH\View\View.php(216): CodeIgniter\View\View->CodeIgniter\View\{closure}()
 6 SYSTEMPATH\View\View.php(229): CodeIgniter\View\View->render('components/layout', [], true)
 7 SYSTEMPATH\Common.php(1184): CodeIgniter\View\View->render('v_home', [], true)
 8 APPPATH\Controllers\Home.php(9): view('v_home')
 9 SYSTEMPATH\CodeIgniter.php(934): App\Controllers\Home->index()
10 SYSTEMPATH\CodeIgniter.php(499): CodeIgniter\CodeIgniter->runController(Object(App\Controllers\Home))
11 SYSTEMPATH\CodeIgniter.php(368): CodeIgniter\CodeIgniter->handleRequest(null, Object(Config\Cache), false)
12 FCPATH\index.php(67): CodeIgniter\CodeIgniter->run()
CRITICAL - 2023-05-30 01:34:51 --> Invalid file: "components/sidebar.php"
in SYSTEMPATH\Exceptions\FrameworkException.php on line 33.
 1 SYSTEMPATH\View\View.php(201): CodeIgniter\Exceptions\FrameworkException::forInvalidFile('components/sidebar.php')
 2 SYSTEMPATH\View\View.php(431): CodeIgniter\View\View->render('components/sidebar', null, true)
 3 APPPATH\Views\components\layout.php(45): CodeIgniter\View\View->include('components/sidebar')
 4 SYSTEMPATH\View\View.php(213): include('C:\\xampp\\htdocs\\ci4\\app\\Views\\components\\layout.php')
 5 SYSTEMPATH\View\View.php(216): CodeIgniter\View\View->CodeIgniter\View\{closure}()
 6 SYSTEMPATH\View\View.php(229): CodeIgniter\View\View->render('components/layout', [], true)
 7 SYSTEMPATH\Common.php(1184): CodeIgniter\View\View->render('v_home', [], true)
 8 APPPATH\Controllers\Home.php(9): view('v_home')
 9 SYSTEMPATH\CodeIgniter.php(934): App\Controllers\Home->index()
10 SYSTEMPATH\CodeIgniter.php(499): CodeIgniter\CodeIgniter->runController(Object(App\Controllers\Home))
11 SYSTEMPATH\CodeIgniter.php(368): CodeIgniter\CodeIgniter->handleRequest(null, Object(Config\Cache), false)
12 FCPATH\index.php(67): CodeIgniter\CodeIgniter->run()
CRITICAL - 2023-05-30 01:34:51 --> Invalid file: "components/sidebar.php"
in SYSTEMPATH\Exceptions\FrameworkException.php on line 33.
 1 SYSTEMPATH\View\View.php(201): CodeIgniter\Exceptions\FrameworkException::forInvalidFile('components/sidebar.php')
 2 SYSTEMPATH\View\View.php(431): CodeIgniter\View\View->render('components/sidebar', null, true)
 3 APPPATH\Views\components\layout.php(45): CodeIgniter\View\View->include('components/sidebar')
 4 SYSTEMPATH\View\View.php(213): include('C:\\xampp\\htdocs\\ci4\\app\\Views\\components\\layout.php')
 5 SYSTEMPATH\View\View.php(216): CodeIgniter\View\View->CodeIgniter\View\{closure}()
 6 SYSTEMPATH\View\View.php(229): CodeIgniter\View\View->render('components/layout', [], true)
 7 SYSTEMPATH\Common.php(1184): CodeIgniter\View\View->render('v_home', [], true)
 8 APPPATH\Controllers\Home.php(9): view('v_home')
 9 SYSTEMPATH\CodeIgniter.php(934): App\Controllers\Home->index()
10 SYSTEMPATH\CodeIgniter.php(499): CodeIgniter\CodeIgniter->runController(Object(App\Controllers\Home))
11 SYSTEMPATH\CodeIgniter.php(368): CodeIgniter\CodeIgniter->handleRequest(null, Object(Config\Cache), false)
12 FCPATH\index.php(67): CodeIgniter\CodeIgniter->run()
CRITICAL - 2023-05-30 01:35:35 --> Invalid file: "components/sidebar.php"
in SYSTEMPATH\Exceptions\FrameworkException.php on line 33.
 1 SYSTEMPATH\View\View.php(201): CodeIgniter\Exceptions\FrameworkException::forInvalidFile('components/sidebar.php')
 2 SYSTEMPATH\View\View.php(431): CodeIgniter\View\View->render('components/sidebar', null, true)
 3 APPPATH\Views\components\layout.php(45): CodeIgniter\View\View->include('components/sidebar')
 4 SYSTEMPATH\View\View.php(213): include('C:\\xampp\\htdocs\\ci4\\app\\Views\\components\\layout.php')
 5 SYSTEMPATH\View\View.php(216): CodeIgniter\View\View->CodeIgniter\View\{closure}()
 6 SYSTEMPATH\View\View.php(229): CodeIgniter\View\View->render('components/layout', [], true)
 7 SYSTEMPATH\Common.php(1184): CodeIgniter\View\View->render('v_home', [], true)
 8 APPPATH\Controllers\Home.php(9): view('v_home')
 9 SYSTEMPATH\CodeIgniter.php(934): App\Controllers\Home->index()
10 SYSTEMPATH\CodeIgniter.php(499): CodeIgniter\CodeIgniter->runController(Object(App\Controllers\Home))
11 SYSTEMPATH\CodeIgniter.php(368): CodeIgniter\CodeIgniter->handleRequest(null, Object(Config\Cache), false)
12 FCPATH\index.php(67): CodeIgniter\CodeIgniter->run()
CRITICAL - 2023-05-30 01:35:36 --> Invalid file: "components/sidebar.php"
in SYSTEMPATH\Exceptions\FrameworkException.php on line 33.
 1 SYSTEMPATH\View\View.php(201): CodeIgniter\Exceptions\FrameworkException::forInvalidFile('components/sidebar.php')
 2 SYSTEMPATH\View\View.php(431): CodeIgniter\View\View->render('components/sidebar', null, true)
 3 APPPATH\Views\components\layout.php(45): CodeIgniter\View\View->include('components/sidebar')
 4 SYSTEMPATH\View\View.php(213): include('C:\\xampp\\htdocs\\ci4\\app\\Views\\components\\layout.php')
 5 SYSTEMPATH\View\View.php(216): CodeIgniter\View\View->CodeIgniter\View\{closure}()
 6 SYSTEMPATH\View\View.php(229): CodeIgniter\View\View->render('components/layout', [], true)
 7 SYSTEMPATH\Common.php(1184): CodeIgniter\View\View->render('v_home', [], true)
 8 APPPATH\Controllers\Home.php(9): view('v_home')
 9 SYSTEMPATH\CodeIgniter.php(934): App\Controllers\Home->index()
10 SYSTEMPATH\CodeIgniter.php(499): CodeIgniter\CodeIgniter->runController(Object(App\Controllers\Home))
11 SYSTEMPATH\CodeIgniter.php(368): CodeIgniter\CodeIgniter->handleRequest(null, Object(Config\Cache), false)
12 FCPATH\index.php(67): CodeIgniter\CodeIgniter->run()
CRITICAL - 2023-05-30 01:35:36 --> Invalid file: "components/sidebar.php"
in SYSTEMPATH\Exceptions\FrameworkException.php on line 33.
 1 SYSTEMPATH\View\View.php(201): CodeIgniter\Exceptions\FrameworkException::forInvalidFile('components/sidebar.php')
 2 SYSTEMPATH\View\View.php(431): CodeIgniter\View\View->render('components/sidebar', null, true)
 3 APPPATH\Views\components\layout.php(45): CodeIgniter\View\View->include('components/sidebar')
 4 SYSTEMPATH\View\View.php(213): include('C:\\xampp\\htdocs\\ci4\\app\\Views\\components\\layout.php')
 5 SYSTEMPATH\View\View.php(216): CodeIgniter\View\View->CodeIgniter\View\{closure}()
 6 SYSTEMPATH\View\View.php(229): CodeIgniter\View\View->render('components/layout', [], true)
 7 SYSTEMPATH\Common.php(1184): CodeIgniter\View\View->render('v_home', [], true)
 8 APPPATH\Controllers\Home.php(9): view('v_home')
 9 SYSTEMPATH\CodeIgniter.php(934): App\Controllers\Home->index()
10 SYSTEMPATH\CodeIgniter.php(499): CodeIgniter\CodeIgniter->runController(Object(App\Controllers\Home))
11 SYSTEMPATH\CodeIgniter.php(368): CodeIgniter\CodeIgniter->handleRequest(null, Object(Config\Cache), false)
12 FCPATH\index.php(67): CodeIgniter\CodeIgniter->run()
CRITICAL - 2023-05-30 01:35:37 --> Invalid file: "components/sidebar.php"
in SYSTEMPATH\Exceptions\FrameworkException.php on line 33.
 1 SYSTEMPATH\View\View.php(201): CodeIgniter\Exceptions\FrameworkException::forInvalidFile('components/sidebar.php')
 2 SYSTEMPATH\View\View.php(431): CodeIgniter\View\View->render('components/sidebar', null, true)
 3 APPPATH\Views\components\layout.php(45): CodeIgniter\View\View->include('components/sidebar')
 4 SYSTEMPATH\View\View.php(213): include('C:\\xampp\\htdocs\\ci4\\app\\Views\\components\\layout.php')
 5 SYSTEMPATH\View\View.php(216): CodeIgniter\View\View->CodeIgniter\View\{closure}()
 6 SYSTEMPATH\View\View.php(229): CodeIgniter\View\View->render('components/layout', [], true)
 7 SYSTEMPATH\Common.php(1184): CodeIgniter\View\View->render('v_home', [], true)
 8 APPPATH\Controllers\Home.php(9): view('v_home')
 9 SYSTEMPATH\CodeIgniter.php(934): App\Controllers\Home->index()
10 SYSTEMPATH\CodeIgniter.php(499): CodeIgniter\CodeIgniter->runController(Object(App\Controllers\Home))
11 SYSTEMPATH\CodeIgniter.php(368): CodeIgniter\CodeIgniter->handleRequest(null, Object(Config\Cache), false)
12 FCPATH\index.php(67): CodeIgniter\CodeIgniter->run()
CRITICAL - 2023-05-30 01:35:37 --> Invalid file: "components/sidebar.php"
in SYSTEMPATH\Exceptions\FrameworkException.php on line 33.
 1 SYSTEMPATH\View\View.php(201): CodeIgniter\Exceptions\FrameworkException::forInvalidFile('components/sidebar.php')
 2 SYSTEMPATH\View\View.php(431): CodeIgniter\View\View->render('components/sidebar', null, true)
 3 APPPATH\Views\components\layout.php(45): CodeIgniter\View\View->include('components/sidebar')
 4 SYSTEMPATH\View\View.php(213): include('C:\\xampp\\htdocs\\ci4\\app\\Views\\components\\layout.php')
 5 SYSTEMPATH\View\View.php(216): CodeIgniter\View\View->CodeIgniter\View\{closure}()
 6 SYSTEMPATH\View\View.php(229): CodeIgniter\View\View->render('components/layout', [], true)
 7 SYSTEMPATH\Common.php(1184): CodeIgniter\View\View->render('v_home', [], true)
 8 APPPATH\Controllers\Home.php(9): view('v_home')
 9 SYSTEMPATH\CodeIgniter.php(934): App\Controllers\Home->index()
10 SYSTEMPATH\CodeIgniter.php(499): CodeIgniter\CodeIgniter->runController(Object(App\Controllers\Home))
11 SYSTEMPATH\CodeIgniter.php(368): CodeIgniter\CodeIgniter->handleRequest(null, Object(Config\Cache), false)
12 FCPATH\index.php(67): CodeIgniter\CodeIgniter->run()
CRITICAL - 2023-05-30 01:35:37 --> Invalid file: "components/sidebar.php"
in SYSTEMPATH\Exceptions\FrameworkException.php on line 33.
 1 SYSTEMPATH\View\View.php(201): CodeIgniter\Exceptions\FrameworkException::forInvalidFile('components/sidebar.php')
 2 SYSTEMPATH\View\View.php(431): CodeIgniter\View\View->render('components/sidebar', null, true)
 3 APPPATH\Views\components\layout.php(45): CodeIgniter\View\View->include('components/sidebar')
 4 SYSTEMPATH\View\View.php(213): include('C:\\xampp\\htdocs\\ci4\\app\\Views\\components\\layout.php')
 5 SYSTEMPATH\View\View.php(216): CodeIgniter\View\View->CodeIgniter\View\{closure}()
 6 SYSTEMPATH\View\View.php(229): CodeIgniter\View\View->render('components/layout', [], true)
 7 SYSTEMPATH\Common.php(1184): CodeIgniter\View\View->render('v_home', [], true)
 8 APPPATH\Controllers\Home.php(9): view('v_home')
 9 SYSTEMPATH\CodeIgniter.php(934): App\Controllers\Home->index()
10 SYSTEMPATH\CodeIgniter.php(499): CodeIgniter\CodeIgniter->runController(Object(App\Controllers\Home))
11 SYSTEMPATH\CodeIgniter.php(368): CodeIgniter\CodeIgniter->handleRequest(null, Object(Config\Cache), false)
12 FCPATH\index.php(67): CodeIgniter\CodeIgniter->run()
CRITICAL - 2023-05-30 01:37:32 --> Invalid file: "components./sidebar.php"
in SYSTEMPATH\Exceptions\FrameworkException.php on line 33.
 1 SYSTEMPATH\View\View.php(201): CodeIgniter\Exceptions\FrameworkException::forInvalidFile('components./sidebar.php')
 2 SYSTEMPATH\View\View.php(431): CodeIgniter\View\View->render('components./sidebar', null, true)
 3 APPPATH\Views\components\layout.php(45): CodeIgniter\View\View->include('components./sidebar')
 4 SYSTEMPATH\View\View.php(213): include('C:\\xampp\\htdocs\\ci4\\app\\Views\\components\\layout.php')
 5 SYSTEMPATH\View\View.php(216): CodeIgniter\View\View->CodeIgniter\View\{closure}()
 6 SYSTEMPATH\View\View.php(229): CodeIgniter\View\View->render('components/layout', [], true)
 7 SYSTEMPATH\Common.php(1184): CodeIgniter\View\View->render('v_home', [], true)
 8 APPPATH\Controllers\Home.php(9): view('v_home')
 9 SYSTEMPATH\CodeIgniter.php(934): App\Controllers\Home->index()
10 SYSTEMPATH\CodeIgniter.php(499): CodeIgniter\CodeIgniter->runController(Object(App\Controllers\Home))
11 SYSTEMPATH\CodeIgniter.php(368): CodeIgniter\CodeIgniter->handleRequest(null, Object(Config\Cache), false)
12 FCPATH\index.php(67): CodeIgniter\CodeIgniter->run()
CRITICAL - 2023-05-30 01:37:33 --> Invalid file: "components./sidebar.php"
in SYSTEMPATH\Exceptions\FrameworkException.php on line 33.
 1 SYSTEMPATH\View\View.php(201): CodeIgniter\Exceptions\FrameworkException::forInvalidFile('components./sidebar.php')
 2 SYSTEMPATH\View\View.php(431): CodeIgniter\View\View->render('components./sidebar', null, true)
 3 APPPATH\Views\components\layout.php(45): CodeIgniter\View\View->include('components./sidebar')
 4 SYSTEMPATH\View\View.php(213): include('C:\\xampp\\htdocs\\ci4\\app\\Views\\components\\layout.php')
 5 SYSTEMPATH\View\View.php(216): CodeIgniter\View\View->CodeIgniter\View\{closure}()
 6 SYSTEMPATH\View\View.php(229): CodeIgniter\View\View->render('components/layout', [], true)
 7 SYSTEMPATH\Common.php(1184): CodeIgniter\View\View->render('v_home', [], true)
 8 APPPATH\Controllers\Home.php(9): view('v_home')
 9 SYSTEMPATH\CodeIgniter.php(934): App\Controllers\Home->index()
10 SYSTEMPATH\CodeIgniter.php(499): CodeIgniter\CodeIgniter->runController(Object(App\Controllers\Home))
11 SYSTEMPATH\CodeIgniter.php(368): CodeIgniter\CodeIgniter->handleRequest(null, Object(Config\Cache), false)
12 FCPATH\index.php(67): CodeIgniter\CodeIgniter->run()
CRITICAL - 2023-05-30 01:37:37 --> Invalid file: "components./sidebar.php"
in SYSTEMPATH\Exceptions\FrameworkException.php on line 33.
 1 SYSTEMPATH\View\View.php(201): CodeIgniter\Exceptions\FrameworkException::forInvalidFile('components./sidebar.php')
 2 SYSTEMPATH\View\View.php(431): CodeIgniter\View\View->render('components./sidebar', null, true)
 3 APPPATH\Views\components\layout.php(45): CodeIgniter\View\View->include('components./sidebar')
 4 SYSTEMPATH\View\View.php(213): include('C:\\xampp\\htdocs\\ci4\\app\\Views\\components\\layout.php')
 5 SYSTEMPATH\View\View.php(216): CodeIgniter\View\View->CodeIgniter\View\{closure}()
 6 SYSTEMPATH\View\View.php(229): CodeIgniter\View\View->render('components/layout', [], true)
 7 SYSTEMPATH\Common.php(1184): CodeIgniter\View\View->render('v_home', [], true)
 8 APPPATH\Controllers\Home.php(9): view('v_home')
 9 SYSTEMPATH\CodeIgniter.php(934): App\Controllers\Home->index()
10 SYSTEMPATH\CodeIgniter.php(499): CodeIgniter\CodeIgniter->runController(Object(App\Controllers\Home))
11 SYSTEMPATH\CodeIgniter.php(368): CodeIgniter\CodeIgniter->handleRequest(null, Object(Config\Cache), false)
12 FCPATH\index.php(67): CodeIgniter\CodeIgniter->run()
CRITICAL - 2023-05-30 01:37:38 --> Invalid file: "components./sidebar.php"
in SYSTEMPATH\Exceptions\FrameworkException.php on line 33.
 1 SYSTEMPATH\View\View.php(201): CodeIgniter\Exceptions\FrameworkException::forInvalidFile('components./sidebar.php')
 2 SYSTEMPATH\View\View.php(431): CodeIgniter\View\View->render('components./sidebar', null, true)
 3 APPPATH\Views\components\layout.php(45): CodeIgniter\View\View->include('components./sidebar')
 4 SYSTEMPATH\View\View.php(213): include('C:\\xampp\\htdocs\\ci4\\app\\Views\\components\\layout.php')
 5 SYSTEMPATH\View\View.php(216): CodeIgniter\View\View->CodeIgniter\View\{closure}()
 6 SYSTEMPATH\View\View.php(229): CodeIgniter\View\View->render('components/layout', [], true)
 7 SYSTEMPATH\Common.php(1184): CodeIgniter\View\View->render('v_home', [], true)
 8 APPPATH\Controllers\Home.php(9): view('v_home')
 9 SYSTEMPATH\CodeIgniter.php(934): App\Controllers\Home->index()
10 SYSTEMPATH\CodeIgniter.php(499): CodeIgniter\CodeIgniter->runController(Object(App\Controllers\Home))
11 SYSTEMPATH\CodeIgniter.php(368): CodeIgniter\CodeIgniter->handleRequest(null, Object(Config\Cache), false)
12 FCPATH\index.php(67): CodeIgniter\CodeIgniter->run()
CRITICAL - 2023-05-30 01:37:43 --> Invalid file: "components/sidebar.php"
in SYSTEMPATH\Exceptions\FrameworkException.php on line 33.
 1 SYSTEMPATH\View\View.php(201): CodeIgniter\Exceptions\FrameworkException::forInvalidFile('components/sidebar.php')
 2 SYSTEMPATH\View\View.php(431): CodeIgniter\View\View->render('components/sidebar', null, true)
 3 APPPATH\Views\components\layout.php(45): CodeIgniter\View\View->include('components/sidebar')
 4 SYSTEMPATH\View\View.php(213): include('C:\\xampp\\htdocs\\ci4\\app\\Views\\components\\layout.php')
 5 SYSTEMPATH\View\View.php(216): CodeIgniter\View\View->CodeIgniter\View\{closure}()
 6 SYSTEMPATH\View\View.php(229): CodeIgniter\View\View->render('components/layout', [], true)
 7 SYSTEMPATH\Common.php(1184): CodeIgniter\View\View->render('v_home', [], true)
 8 APPPATH\Controllers\Home.php(9): view('v_home')
 9 SYSTEMPATH\CodeIgniter.php(934): App\Controllers\Home->index()
10 SYSTEMPATH\CodeIgniter.php(499): CodeIgniter\CodeIgniter->runController(Object(App\Controllers\Home))
11 SYSTEMPATH\CodeIgniter.php(368): CodeIgniter\CodeIgniter->handleRequest(null, Object(Config\Cache), false)
12 FCPATH\index.php(67): CodeIgniter\CodeIgniter->run()
CRITICAL - 2023-05-30 01:37:44 --> Invalid file: "components/sidebar.php"
in SYSTEMPATH\Exceptions\FrameworkException.php on line 33.
 1 SYSTEMPATH\View\View.php(201): CodeIgniter\Exceptions\FrameworkException::forInvalidFile('components/sidebar.php')
 2 SYSTEMPATH\View\View.php(431): CodeIgniter\View\View->render('components/sidebar', null, true)
 3 APPPATH\Views\components\layout.php(45): CodeIgniter\View\View->include('components/sidebar')
 4 SYSTEMPATH\View\View.php(213): include('C:\\xampp\\htdocs\\ci4\\app\\Views\\components\\layout.php')
 5 SYSTEMPATH\View\View.php(216): CodeIgniter\View\View->CodeIgniter\View\{closure}()
 6 SYSTEMPATH\View\View.php(229): CodeIgniter\View\View->render('components/layout', [], true)
 7 SYSTEMPATH\Common.php(1184): CodeIgniter\View\View->render('v_home', [], true)
 8 APPPATH\Controllers\Home.php(9): view('v_home')
 9 SYSTEMPATH\CodeIgniter.php(934): App\Controllers\Home->index()
10 SYSTEMPATH\CodeIgniter.php(499): CodeIgniter\CodeIgniter->runController(Object(App\Controllers\Home))
11 SYSTEMPATH\CodeIgniter.php(368): CodeIgniter\CodeIgniter->handleRequest(null, Object(Config\Cache), false)
12 FCPATH\index.php(67): CodeIgniter\CodeIgniter->run()
CRITICAL - 2023-05-30 01:37:46 --> Invalid file: "components/sidebar.php"
in SYSTEMPATH\Exceptions\FrameworkException.php on line 33.
 1 SYSTEMPATH\View\View.php(201): CodeIgniter\Exceptions\FrameworkException::forInvalidFile('components/sidebar.php')
 2 SYSTEMPATH\View\View.php(431): CodeIgniter\View\View->render('components/sidebar', null, true)
 3 APPPATH\Views\components\layout.php(45): CodeIgniter\View\View->include('components/sidebar')
 4 SYSTEMPATH\View\View.php(213): include('C:\\xampp\\htdocs\\ci4\\app\\Views\\components\\layout.php')
 5 SYSTEMPATH\View\View.php(216): CodeIgniter\View\View->CodeIgniter\View\{closure}()
 6 SYSTEMPATH\View\View.php(229): CodeIgniter\View\View->render('components/layout', [], true)
 7 SYSTEMPATH\Common.php(1184): CodeIgniter\View\View->render('v_home', [], true)
 8 APPPATH\Controllers\Home.php(9): view('v_home')
 9 SYSTEMPATH\CodeIgniter.php(934): App\Controllers\Home->index()
10 SYSTEMPATH\CodeIgniter.php(499): CodeIgniter\CodeIgniter->runController(Object(App\Controllers\Home))
11 SYSTEMPATH\CodeIgniter.php(368): CodeIgniter\CodeIgniter->handleRequest(null, Object(Config\Cache), false)
12 FCPATH\index.php(67): CodeIgniter\CodeIgniter->run()
