INFO - 2023-07-05 20:18:38 --> Session: Class initialized using 'CodeIgniter\Session\Handlers\FileHandler' driver.
INFO - 2023-07-05 20:18:40 --> Session: Class initialized using 'CodeIgniter\Session\Handlers\FileHandler' driver.
INFO - 2023-07-05 20:18:46 --> Session: Class initialized using 'CodeIgniter\Session\Handlers\FileHandler' driver.
INFO - 2023-07-05 20:18:47 --> Session: Class initialized using 'CodeIgniter\Session\Handlers\FileHandler' driver.
INFO - 2023-07-05 20:19:04 --> Session: Class initialized using 'CodeIgniter\Session\Handlers\FileHandler' driver.
INFO - 2023-07-05 20:19:05 --> Session: Class initialized using 'CodeIgniter\Session\Handlers\FileHandler' driver.
INFO - 2023-07-05 20:20:54 --> Session: Class initialized using 'CodeIgniter\Session\Handlers\FileHandler' driver.
WARNING - 2023-07-05 20:20:54 --> [DEPRECATED] Creation of dynamic property App\Controllers\ProfileController::$validation is deprecated in APPPATH\Controllers\ProfileController.php on line 14.
 1 SYSTEMPATH\CodeIgniter.php(906): App\Controllers\ProfileController->__construct()
 2 SYSTEMPATH\CodeIgniter.php(490): CodeIgniter\CodeIgniter->createController()
 3 SYSTEMPATH\CodeIgniter.php(368): CodeIgniter\CodeIgniter->handleRequest(null, Object(Config\Cache), false)
 4 FCPATH\index.php(67): CodeIgniter\CodeIgniter->run()
WARNING - 2023-07-05 20:20:54 --> [DEPRECATED] Creation of dynamic property App\Controllers\ProfileController::$user is deprecated in APPPATH\Controllers\ProfileController.php on line 16.
 1 SYSTEMPATH\CodeIgniter.php(906): App\Controllers\ProfileController->__construct()
 2 SYSTEMPATH\CodeIgniter.php(490): CodeIgniter\CodeIgniter->createController()
 3 SYSTEMPATH\CodeIgniter.php(368): CodeIgniter\CodeIgniter->handleRequest(null, Object(Config\Cache), false)
 4 FCPATH\index.php(67): CodeIgniter\CodeIgniter->run()
INFO - 2023-07-05 20:20:55 --> Session: Class initialized using 'CodeIgniter\Session\Handlers\FileHandler' driver.
WARNING - 2023-07-05 20:20:55 --> [DEPRECATED] Creation of dynamic property App\Controllers\ProfileController::$validation is deprecated in APPPATH\Controllers\ProfileController.php on line 14.
 1 SYSTEMPATH\CodeIgniter.php(906): App\Controllers\ProfileController->__construct()
 2 SYSTEMPATH\CodeIgniter.php(490): CodeIgniter\CodeIgniter->createController()
 3 SYSTEMPATH\CodeIgniter.php(368): CodeIgniter\CodeIgniter->handleRequest(null, Object(Config\Cache), false)
 4 FCPATH\index.php(67): CodeIgniter\CodeIgniter->run()
WARNING - 2023-07-05 20:20:55 --> [DEPRECATED] Creation of dynamic property App\Controllers\ProfileController::$user is deprecated in APPPATH\Controllers\ProfileController.php on line 16.
 1 SYSTEMPATH\CodeIgniter.php(906): App\Controllers\ProfileController->__construct()
 2 SYSTEMPATH\CodeIgniter.php(490): CodeIgniter\CodeIgniter->createController()
 3 SYSTEMPATH\CodeIgniter.php(368): CodeIgniter\CodeIgniter->handleRequest(null, Object(Config\Cache), false)
 4 FCPATH\index.php(67): CodeIgniter\CodeIgniter->run()
INFO - 2023-07-05 20:20:56 --> Session: Class initialized using 'CodeIgniter\Session\Handlers\FileHandler' driver.
WARNING - 2023-07-05 20:20:56 --> [DEPRECATED] Creation of dynamic property App\Controllers\ProfileController::$validation is deprecated in APPPATH\Controllers\ProfileController.php on line 14.
 1 SYSTEMPATH\CodeIgniter.php(906): App\Controllers\ProfileController->__construct()
 2 SYSTEMPATH\CodeIgniter.php(490): CodeIgniter\CodeIgniter->createController()
 3 SYSTEMPATH\CodeIgniter.php(368): CodeIgniter\CodeIgniter->handleRequest(null, Object(Config\Cache), false)
 4 FCPATH\index.php(67): CodeIgniter\CodeIgniter->run()
WARNING - 2023-07-05 20:20:56 --> [DEPRECATED] Creation of dynamic property App\Controllers\ProfileController::$user is deprecated in APPPATH\Controllers\ProfileController.php on line 16.
 1 SYSTEMPATH\CodeIgniter.php(906): App\Controllers\ProfileController->__construct()
 2 SYSTEMPATH\CodeIgniter.php(490): CodeIgniter\CodeIgniter->createController()
 3 SYSTEMPATH\CodeIgniter.php(368): CodeIgniter\CodeIgniter->handleRequest(null, Object(Config\Cache), false)
 4 FCPATH\index.php(67): CodeIgniter\CodeIgniter->run()
INFO - 2023-07-05 20:20:56 --> Session: Class initialized using 'CodeIgniter\Session\Handlers\FileHandler' driver.
WARNING - 2023-07-05 20:20:56 --> [DEPRECATED] Creation of dynamic property App\Controllers\ProfileController::$validation is deprecated in APPPATH\Controllers\ProfileController.php on line 14.
 1 SYSTEMPATH\CodeIgniter.php(906): App\Controllers\ProfileController->__construct()
 2 SYSTEMPATH\CodeIgniter.php(490): CodeIgniter\CodeIgniter->createController()
 3 SYSTEMPATH\CodeIgniter.php(368): CodeIgniter\CodeIgniter->handleRequest(null, Object(Config\Cache), false)
 4 FCPATH\index.php(67): CodeIgniter\CodeIgniter->run()
WARNING - 2023-07-05 20:20:56 --> [DEPRECATED] Creation of dynamic property App\Controllers\ProfileController::$user is deprecated in APPPATH\Controllers\ProfileController.php on line 16.
 1 SYSTEMPATH\CodeIgniter.php(906): App\Controllers\ProfileController->__construct()
 2 SYSTEMPATH\CodeIgniter.php(490): CodeIgniter\CodeIgniter->createController()
 3 SYSTEMPATH\CodeIgniter.php(368): CodeIgniter\CodeIgniter->handleRequest(null, Object(Config\Cache), false)
 4 FCPATH\index.php(67): CodeIgniter\CodeIgniter->run()
INFO - 2023-07-05 20:20:56 --> Session: Class initialized using 'CodeIgniter\Session\Handlers\FileHandler' driver.
WARNING - 2023-07-05 20:20:56 --> [DEPRECATED] Creation of dynamic property App\Controllers\ProfileController::$validation is deprecated in APPPATH\Controllers\ProfileController.php on line 14.
 1 SYSTEMPATH\CodeIgniter.php(906): App\Controllers\ProfileController->__construct()
 2 SYSTEMPATH\CodeIgniter.php(490): CodeIgniter\CodeIgniter->createController()
 3 SYSTEMPATH\CodeIgniter.php(368): CodeIgniter\CodeIgniter->handleRequest(null, Object(Config\Cache), false)
 4 FCPATH\index.php(67): CodeIgniter\CodeIgniter->run()
WARNING - 2023-07-05 20:20:56 --> [DEPRECATED] Creation of dynamic property App\Controllers\ProfileController::$user is deprecated in APPPATH\Controllers\ProfileController.php on line 16.
 1 SYSTEMPATH\CodeIgniter.php(906): App\Controllers\ProfileController->__construct()
 2 SYSTEMPATH\CodeIgniter.php(490): CodeIgniter\CodeIgniter->createController()
 3 SYSTEMPATH\CodeIgniter.php(368): CodeIgniter\CodeIgniter->handleRequest(null, Object(Config\Cache), false)
 4 FCPATH\index.php(67): CodeIgniter\CodeIgniter->run()
INFO - 2023-07-05 20:20:56 --> Session: Class initialized using 'CodeIgniter\Session\Handlers\FileHandler' driver.
WARNING - 2023-07-05 20:20:56 --> [DEPRECATED] Creation of dynamic property App\Controllers\ProfileController::$validation is deprecated in APPPATH\Controllers\ProfileController.php on line 14.
 1 SYSTEMPATH\CodeIgniter.php(906): App\Controllers\ProfileController->__construct()
 2 SYSTEMPATH\CodeIgniter.php(490): CodeIgniter\CodeIgniter->createController()
 3 SYSTEMPATH\CodeIgniter.php(368): CodeIgniter\CodeIgniter->handleRequest(null, Object(Config\Cache), false)
 4 FCPATH\index.php(67): CodeIgniter\CodeIgniter->run()
WARNING - 2023-07-05 20:20:56 --> [DEPRECATED] Creation of dynamic property App\Controllers\ProfileController::$user is deprecated in APPPATH\Controllers\ProfileController.php on line 16.
 1 SYSTEMPATH\CodeIgniter.php(906): App\Controllers\ProfileController->__construct()
 2 SYSTEMPATH\CodeIgniter.php(490): CodeIgniter\CodeIgniter->createController()
 3 SYSTEMPATH\CodeIgniter.php(368): CodeIgniter\CodeIgniter->handleRequest(null, Object(Config\Cache), false)
 4 FCPATH\index.php(67): CodeIgniter\CodeIgniter->run()
INFO - 2023-07-05 20:21:55 --> Session: Class initialized using 'CodeIgniter\Session\Handlers\FileHandler' driver.
WARNING - 2023-07-05 20:21:55 --> [DEPRECATED] Creation of dynamic property App\Controllers\ProfileController::$validation is deprecated in APPPATH\Controllers\ProfileController.php on line 14.
 1 SYSTEMPATH\CodeIgniter.php(906): App\Controllers\ProfileController->__construct()
 2 SYSTEMPATH\CodeIgniter.php(490): CodeIgniter\CodeIgniter->createController()
 3 SYSTEMPATH\CodeIgniter.php(368): CodeIgniter\CodeIgniter->handleRequest(null, Object(Config\Cache), false)
 4 FCPATH\index.php(67): CodeIgniter\CodeIgniter->run()
WARNING - 2023-07-05 20:21:55 --> [DEPRECATED] Creation of dynamic property App\Controllers\ProfileController::$user is deprecated in APPPATH\Controllers\ProfileController.php on line 16.
 1 SYSTEMPATH\CodeIgniter.php(906): App\Controllers\ProfileController->__construct()
 2 SYSTEMPATH\CodeIgniter.php(490): CodeIgniter\CodeIgniter->createController()
 3 SYSTEMPATH\CodeIgniter.php(368): CodeIgniter\CodeIgniter->handleRequest(null, Object(Config\Cache), false)
 4 FCPATH\index.php(67): CodeIgniter\CodeIgniter->run()
INFO - 2023-07-05 20:21:56 --> Session: Class initialized using 'CodeIgniter\Session\Handlers\FileHandler' driver.
WARNING - 2023-07-05 20:21:56 --> [DEPRECATED] Creation of dynamic property App\Controllers\ProfileController::$validation is deprecated in APPPATH\Controllers\ProfileController.php on line 14.
 1 SYSTEMPATH\CodeIgniter.php(906): App\Controllers\ProfileController->__construct()
 2 SYSTEMPATH\CodeIgniter.php(490): CodeIgniter\CodeIgniter->createController()
 3 SYSTEMPATH\CodeIgniter.php(368): CodeIgniter\CodeIgniter->handleRequest(null, Object(Config\Cache), false)
 4 FCPATH\index.php(67): CodeIgniter\CodeIgniter->run()
WARNING - 2023-07-05 20:21:56 --> [DEPRECATED] Creation of dynamic property App\Controllers\ProfileController::$user is deprecated in APPPATH\Controllers\ProfileController.php on line 16.
 1 SYSTEMPATH\CodeIgniter.php(906): App\Controllers\ProfileController->__construct()
 2 SYSTEMPATH\CodeIgniter.php(490): CodeIgniter\CodeIgniter->createController()
 3 SYSTEMPATH\CodeIgniter.php(368): CodeIgniter\CodeIgniter->handleRequest(null, Object(Config\Cache), false)
 4 FCPATH\index.php(67): CodeIgniter\CodeIgniter->run()
INFO - 2023-07-05 20:21:56 --> Session: Class initialized using 'CodeIgniter\Session\Handlers\FileHandler' driver.
WARNING - 2023-07-05 20:21:56 --> [DEPRECATED] Creation of dynamic property App\Controllers\ProfileController::$validation is deprecated in APPPATH\Controllers\ProfileController.php on line 14.
 1 SYSTEMPATH\CodeIgniter.php(906): App\Controllers\ProfileController->__construct()
 2 SYSTEMPATH\CodeIgniter.php(490): CodeIgniter\CodeIgniter->createController()
 3 SYSTEMPATH\CodeIgniter.php(368): CodeIgniter\CodeIgniter->handleRequest(null, Object(Config\Cache), false)
 4 FCPATH\index.php(67): CodeIgniter\CodeIgniter->run()
WARNING - 2023-07-05 20:21:56 --> [DEPRECATED] Creation of dynamic property App\Controllers\ProfileController::$user is deprecated in APPPATH\Controllers\ProfileController.php on line 16.
 1 SYSTEMPATH\CodeIgniter.php(906): App\Controllers\ProfileController->__construct()
 2 SYSTEMPATH\CodeIgniter.php(490): CodeIgniter\CodeIgniter->createController()
 3 SYSTEMPATH\CodeIgniter.php(368): CodeIgniter\CodeIgniter->handleRequest(null, Object(Config\Cache), false)
 4 FCPATH\index.php(67): CodeIgniter\CodeIgniter->run()
INFO - 2023-07-05 20:21:56 --> Session: Class initialized using 'CodeIgniter\Session\Handlers\FileHandler' driver.
WARNING - 2023-07-05 20:21:56 --> [DEPRECATED] Creation of dynamic property App\Controllers\ProfileController::$validation is deprecated in APPPATH\Controllers\ProfileController.php on line 14.
 1 SYSTEMPATH\CodeIgniter.php(906): App\Controllers\ProfileController->__construct()
 2 SYSTEMPATH\CodeIgniter.php(490): CodeIgniter\CodeIgniter->createController()
 3 SYSTEMPATH\CodeIgniter.php(368): CodeIgniter\CodeIgniter->handleRequest(null, Object(Config\Cache), false)
 4 FCPATH\index.php(67): CodeIgniter\CodeIgniter->run()
WARNING - 2023-07-05 20:21:56 --> [DEPRECATED] Creation of dynamic property App\Controllers\ProfileController::$user is deprecated in APPPATH\Controllers\ProfileController.php on line 16.
 1 SYSTEMPATH\CodeIgniter.php(906): App\Controllers\ProfileController->__construct()
 2 SYSTEMPATH\CodeIgniter.php(490): CodeIgniter\CodeIgniter->createController()
 3 SYSTEMPATH\CodeIgniter.php(368): CodeIgniter\CodeIgniter->handleRequest(null, Object(Config\Cache), false)
 4 FCPATH\index.php(67): CodeIgniter\CodeIgniter->run()
INFO - 2023-07-05 20:21:56 --> Session: Class initialized using 'CodeIgniter\Session\Handlers\FileHandler' driver.
WARNING - 2023-07-05 20:21:56 --> [DEPRECATED] Creation of dynamic property App\Controllers\ProfileController::$validation is deprecated in APPPATH\Controllers\ProfileController.php on line 14.
 1 SYSTEMPATH\CodeIgniter.php(906): App\Controllers\ProfileController->__construct()
 2 SYSTEMPATH\CodeIgniter.php(490): CodeIgniter\CodeIgniter->createController()
 3 SYSTEMPATH\CodeIgniter.php(368): CodeIgniter\CodeIgniter->handleRequest(null, Object(Config\Cache), false)
 4 FCPATH\index.php(67): CodeIgniter\CodeIgniter->run()
WARNING - 2023-07-05 20:21:56 --> [DEPRECATED] Creation of dynamic property App\Controllers\ProfileController::$user is deprecated in APPPATH\Controllers\ProfileController.php on line 16.
 1 SYSTEMPATH\CodeIgniter.php(906): App\Controllers\ProfileController->__construct()
 2 SYSTEMPATH\CodeIgniter.php(490): CodeIgniter\CodeIgniter->createController()
 3 SYSTEMPATH\CodeIgniter.php(368): CodeIgniter\CodeIgniter->handleRequest(null, Object(Config\Cache), false)
 4 FCPATH\index.php(67): CodeIgniter\CodeIgniter->run()
INFO - 2023-07-05 20:21:57 --> Session: Class initialized using 'CodeIgniter\Session\Handlers\FileHandler' driver.
WARNING - 2023-07-05 20:21:57 --> [DEPRECATED] Creation of dynamic property App\Controllers\ProfileController::$validation is deprecated in APPPATH\Controllers\ProfileController.php on line 14.
 1 SYSTEMPATH\CodeIgniter.php(906): App\Controllers\ProfileController->__construct()
 2 SYSTEMPATH\CodeIgniter.php(490): CodeIgniter\CodeIgniter->createController()
 3 SYSTEMPATH\CodeIgniter.php(368): CodeIgniter\CodeIgniter->handleRequest(null, Object(Config\Cache), false)
 4 FCPATH\index.php(67): CodeIgniter\CodeIgniter->run()
WARNING - 2023-07-05 20:21:57 --> [DEPRECATED] Creation of dynamic property App\Controllers\ProfileController::$user is deprecated in APPPATH\Controllers\ProfileController.php on line 16.
 1 SYSTEMPATH\CodeIgniter.php(906): App\Controllers\ProfileController->__construct()
 2 SYSTEMPATH\CodeIgniter.php(490): CodeIgniter\CodeIgniter->createController()
 3 SYSTEMPATH\CodeIgniter.php(368): CodeIgniter\CodeIgniter->handleRequest(null, Object(Config\Cache), false)
 4 FCPATH\index.php(67): CodeIgniter\CodeIgniter->run()
INFO - 2023-07-05 20:21:58 --> Session: Class initialized using 'CodeIgniter\Session\Handlers\FileHandler' driver.
WARNING - 2023-07-05 20:21:58 --> [DEPRECATED] Creation of dynamic property App\Controllers\ProfileController::$validation is deprecated in APPPATH\Controllers\ProfileController.php on line 14.
 1 SYSTEMPATH\CodeIgniter.php(906): App\Controllers\ProfileController->__construct()
 2 SYSTEMPATH\CodeIgniter.php(490): CodeIgniter\CodeIgniter->createController()
 3 SYSTEMPATH\CodeIgniter.php(368): CodeIgniter\CodeIgniter->handleRequest(null, Object(Config\Cache), false)
 4 FCPATH\index.php(67): CodeIgniter\CodeIgniter->run()
WARNING - 2023-07-05 20:21:58 --> [DEPRECATED] Creation of dynamic property App\Controllers\ProfileController::$user is deprecated in APPPATH\Controllers\ProfileController.php on line 16.
 1 SYSTEMPATH\CodeIgniter.php(906): App\Controllers\ProfileController->__construct()
 2 SYSTEMPATH\CodeIgniter.php(490): CodeIgniter\CodeIgniter->createController()
 3 SYSTEMPATH\CodeIgniter.php(368): CodeIgniter\CodeIgniter->handleRequest(null, Object(Config\Cache), false)
 4 FCPATH\index.php(67): CodeIgniter\CodeIgniter->run()
INFO - 2023-07-05 20:21:58 --> Session: Class initialized using 'CodeIgniter\Session\Handlers\FileHandler' driver.
WARNING - 2023-07-05 20:21:58 --> [DEPRECATED] Creation of dynamic property App\Controllers\ProfileController::$validation is deprecated in APPPATH\Controllers\ProfileController.php on line 14.
 1 SYSTEMPATH\CodeIgniter.php(906): App\Controllers\ProfileController->__construct()
 2 SYSTEMPATH\CodeIgniter.php(490): CodeIgniter\CodeIgniter->createController()
 3 SYSTEMPATH\CodeIgniter.php(368): CodeIgniter\CodeIgniter->handleRequest(null, Object(Config\Cache), false)
 4 FCPATH\index.php(67): CodeIgniter\CodeIgniter->run()
WARNING - 2023-07-05 20:21:58 --> [DEPRECATED] Creation of dynamic property App\Controllers\ProfileController::$user is deprecated in APPPATH\Controllers\ProfileController.php on line 16.
 1 SYSTEMPATH\CodeIgniter.php(906): App\Controllers\ProfileController->__construct()
 2 SYSTEMPATH\CodeIgniter.php(490): CodeIgniter\CodeIgniter->createController()
 3 SYSTEMPATH\CodeIgniter.php(368): CodeIgniter\CodeIgniter->handleRequest(null, Object(Config\Cache), false)
 4 FCPATH\index.php(67): CodeIgniter\CodeIgniter->run()
INFO - 2023-07-05 20:21:58 --> Session: Class initialized using 'CodeIgniter\Session\Handlers\FileHandler' driver.
WARNING - 2023-07-05 20:21:58 --> [DEPRECATED] Creation of dynamic property App\Controllers\ProfileController::$validation is deprecated in APPPATH\Controllers\ProfileController.php on line 14.
 1 SYSTEMPATH\CodeIgniter.php(906): App\Controllers\ProfileController->__construct()
 2 SYSTEMPATH\CodeIgniter.php(490): CodeIgniter\CodeIgniter->createController()
 3 SYSTEMPATH\CodeIgniter.php(368): CodeIgniter\CodeIgniter->handleRequest(null, Object(Config\Cache), false)
 4 FCPATH\index.php(67): CodeIgniter\CodeIgniter->run()
WARNING - 2023-07-05 20:21:58 --> [DEPRECATED] Creation of dynamic property App\Controllers\ProfileController::$user is deprecated in APPPATH\Controllers\ProfileController.php on line 16.
 1 SYSTEMPATH\CodeIgniter.php(906): App\Controllers\ProfileController->__construct()
 2 SYSTEMPATH\CodeIgniter.php(490): CodeIgniter\CodeIgniter->createController()
 3 SYSTEMPATH\CodeIgniter.php(368): CodeIgniter\CodeIgniter->handleRequest(null, Object(Config\Cache), false)
 4 FCPATH\index.php(67): CodeIgniter\CodeIgniter->run()
INFO - 2023-07-05 20:21:58 --> Session: Class initialized using 'CodeIgniter\Session\Handlers\FileHandler' driver.
WARNING - 2023-07-05 20:21:58 --> [DEPRECATED] Creation of dynamic property App\Controllers\ProfileController::$validation is deprecated in APPPATH\Controllers\ProfileController.php on line 14.
 1 SYSTEMPATH\CodeIgniter.php(906): App\Controllers\ProfileController->__construct()
 2 SYSTEMPATH\CodeIgniter.php(490): CodeIgniter\CodeIgniter->createController()
 3 SYSTEMPATH\CodeIgniter.php(368): CodeIgniter\CodeIgniter->handleRequest(null, Object(Config\Cache), false)
 4 FCPATH\index.php(67): CodeIgniter\CodeIgniter->run()
WARNING - 2023-07-05 20:21:58 --> [DEPRECATED] Creation of dynamic property App\Controllers\ProfileController::$user is deprecated in APPPATH\Controllers\ProfileController.php on line 16.
 1 SYSTEMPATH\CodeIgniter.php(906): App\Controllers\ProfileController->__construct()
 2 SYSTEMPATH\CodeIgniter.php(490): CodeIgniter\CodeIgniter->createController()
 3 SYSTEMPATH\CodeIgniter.php(368): CodeIgniter\CodeIgniter->handleRequest(null, Object(Config\Cache), false)
 4 FCPATH\index.php(67): CodeIgniter\CodeIgniter->run()
INFO - 2023-07-05 20:36:25 --> Session: Class initialized using 'CodeIgniter\Session\Handlers\FileHandler' driver.
WARNING - 2023-07-05 20:36:25 --> [DEPRECATED] Creation of dynamic property App\Controllers\ProfileController::$validation is deprecated in APPPATH\Controllers\ProfileController.php on line 14.
 1 SYSTEMPATH\CodeIgniter.php(906): App\Controllers\ProfileController->__construct()
 2 SYSTEMPATH\CodeIgniter.php(490): CodeIgniter\CodeIgniter->createController()
 3 SYSTEMPATH\CodeIgniter.php(368): CodeIgniter\CodeIgniter->handleRequest(null, Object(Config\Cache), false)
 4 FCPATH\index.php(67): CodeIgniter\CodeIgniter->run()
WARNING - 2023-07-05 20:36:25 --> [DEPRECATED] Creation of dynamic property App\Controllers\ProfileController::$user is deprecated in APPPATH\Controllers\ProfileController.php on line 16.
 1 SYSTEMPATH\CodeIgniter.php(906): App\Controllers\ProfileController->__construct()
 2 SYSTEMPATH\CodeIgniter.php(490): CodeIgniter\CodeIgniter->createController()
 3 SYSTEMPATH\CodeIgniter.php(368): CodeIgniter\CodeIgniter->handleRequest(null, Object(Config\Cache), false)
 4 FCPATH\index.php(67): CodeIgniter\CodeIgniter->run()
