INFO - 2023-07-03 09:34:48 --> Session: Class initialized using 'CodeIgniter\Session\Handlers\FileHandler' driver.
INFO - 2023-07-03 09:34:49 --> Session: Class initialized using 'CodeIgniter\Session\Handlers\FileHandler' driver.
INFO - 2023-07-03 09:35:26 --> Session: Class initialized using 'CodeIgniter\Session\Handlers\FileHandler' driver.
INFO - 2023-07-03 09:35:26 --> Session: Class initialized using 'CodeIgniter\Session\Handlers\FileHandler' driver.
INFO - 2023-07-03 09:35:32 --> Session: Class initialized using 'CodeIgniter\Session\Handlers\FileHandler' driver.
INFO - 2023-07-03 09:35:33 --> Session: Class initialized using 'CodeIgniter\Session\Handlers\FileHandler' driver.
INFO - 2023-07-03 09:38:23 --> Session: Class initialized using 'CodeIgniter\Session\Handlers\FileHandler' driver.
INFO - 2023-07-03 09:38:23 --> Session: Class initialized using 'CodeIgniter\Session\Handlers\FileHandler' driver.
INFO - 2023-07-03 09:38:25 --> Session: Class initialized using 'CodeIgniter\Session\Handlers\FileHandler' driver.
INFO - 2023-07-03 09:38:25 --> Cart Class Initialized
INFO - 2023-07-03 09:38:27 --> Session: Class initialized using 'CodeIgniter\Session\Handlers\FileHandler' driver.
INFO - 2023-07-03 09:38:27 --> Cart Class Initialized
INFO - 2023-07-03 09:54:15 --> Session: Class initialized using 'CodeIgniter\Session\Handlers\FileHandler' driver.
INFO - 2023-07-03 09:54:15 --> Session: Class initialized using 'CodeIgniter\Session\Handlers\FileHandler' driver.
INFO - 2023-07-03 09:56:21 --> Session: Class initialized using 'CodeIgniter\Session\Handlers\FileHandler' driver.
INFO - 2023-07-03 09:56:24 --> Session: Class initialized using 'CodeIgniter\Session\Handlers\FileHandler' driver.
INFO - 2023-07-03 09:57:35 --> Session: Class initialized using 'CodeIgniter\Session\Handlers\FileHandler' driver.
INFO - 2023-07-03 09:57:54 --> Session: Class initialized using 'CodeIgniter\Session\Handlers\FileHandler' driver.
INFO - 2023-07-03 09:58:17 --> Session: Class initialized using 'CodeIgniter\Session\Handlers\FileHandler' driver.
INFO - 2023-07-03 09:58:17 --> Session: Class initialized using 'CodeIgniter\Session\Handlers\FileHandler' driver.
INFO - 2023-07-03 09:58:40 --> Session: Class initialized using 'CodeIgniter\Session\Handlers\FileHandler' driver.
INFO - 2023-07-03 09:58:41 --> Session: Class initialized using 'CodeIgniter\Session\Handlers\FileHandler' driver.
INFO - 2023-07-03 09:58:45 --> Session: Class initialized using 'CodeIgniter\Session\Handlers\FileHandler' driver.
INFO - 2023-07-03 09:58:45 --> Session: Class initialized using 'CodeIgniter\Session\Handlers\FileHandler' driver.
INFO - 2023-07-03 09:58:58 --> Session: Class initialized using 'CodeIgniter\Session\Handlers\FileHandler' driver.
INFO - 2023-07-03 09:58:58 --> Session: Class initialized using 'CodeIgniter\Session\Handlers\FileHandler' driver.
INFO - 2023-07-03 09:59:00 --> Session: Class initialized using 'CodeIgniter\Session\Handlers\FileHandler' driver.
INFO - 2023-07-03 09:59:06 --> Session: Class initialized using 'CodeIgniter\Session\Handlers\FileHandler' driver.
INFO - 2023-07-03 09:59:12 --> Session: Class initialized using 'CodeIgniter\Session\Handlers\FileHandler' driver.
INFO - 2023-07-03 09:59:24 --> Session: Class initialized using 'CodeIgniter\Session\Handlers\FileHandler' driver.
INFO - 2023-07-03 09:59:24 --> Session: Class initialized using 'CodeIgniter\Session\Handlers\FileHandler' driver.
INFO - 2023-07-03 09:59:27 --> Session: Class initialized using 'CodeIgniter\Session\Handlers\FileHandler' driver.
INFO - 2023-07-03 09:59:28 --> Session: Class initialized using 'CodeIgniter\Session\Handlers\FileHandler' driver.
INFO - 2023-07-03 09:59:31 --> Session: Class initialized using 'CodeIgniter\Session\Handlers\FileHandler' driver.
INFO - 2023-07-03 09:59:31 --> Session: Class initialized using 'CodeIgniter\Session\Handlers\FileHandler' driver.
INFO - 2023-07-03 09:59:34 --> Session: Class initialized using 'CodeIgniter\Session\Handlers\FileHandler' driver.
WARNING - 2023-07-03 09:59:34 --> [DEPRECATED] Creation of dynamic property App\Controllers\ProfileController::$validation is deprecated in APPPATH\Controllers\ProfileController.php on line 14.
 1 SYSTEMPATH\CodeIgniter.php(906): App\Controllers\ProfileController->__construct()
 2 SYSTEMPATH\CodeIgniter.php(490): CodeIgniter\CodeIgniter->createController()
 3 SYSTEMPATH\CodeIgniter.php(368): CodeIgniter\CodeIgniter->handleRequest(null, Object(Config\Cache), false)
 4 FCPATH\index.php(67): CodeIgniter\CodeIgniter->run()
WARNING - 2023-07-03 09:59:34 --> [DEPRECATED] Creation of dynamic property App\Controllers\ProfileController::$user is deprecated in APPPATH\Controllers\ProfileController.php on line 16.
 1 SYSTEMPATH\CodeIgniter.php(906): App\Controllers\ProfileController->__construct()
 2 SYSTEMPATH\CodeIgniter.php(490): CodeIgniter\CodeIgniter->createController()
 3 SYSTEMPATH\CodeIgniter.php(368): CodeIgniter\CodeIgniter->handleRequest(null, Object(Config\Cache), false)
 4 FCPATH\index.php(67): CodeIgniter\CodeIgniter->run()
INFO - 2023-07-03 09:59:34 --> Session: Class initialized using 'CodeIgniter\Session\Handlers\FileHandler' driver.
WARNING - 2023-07-03 09:59:34 --> [DEPRECATED] Creation of dynamic property App\Controllers\ProfileController::$validation is deprecated in APPPATH\Controllers\ProfileController.php on line 14.
 1 SYSTEMPATH\CodeIgniter.php(906): App\Controllers\ProfileController->__construct()
 2 SYSTEMPATH\CodeIgniter.php(490): CodeIgniter\CodeIgniter->createController()
 3 SYSTEMPATH\CodeIgniter.php(368): CodeIgniter\CodeIgniter->handleRequest(null, Object(Config\Cache), false)
 4 FCPATH\index.php(67): CodeIgniter\CodeIgniter->run()
WARNING - 2023-07-03 09:59:34 --> [DEPRECATED] Creation of dynamic property App\Controllers\ProfileController::$user is deprecated in APPPATH\Controllers\ProfileController.php on line 16.
 1 SYSTEMPATH\CodeIgniter.php(906): App\Controllers\ProfileController->__construct()
 2 SYSTEMPATH\CodeIgniter.php(490): CodeIgniter\CodeIgniter->createController()
 3 SYSTEMPATH\CodeIgniter.php(368): CodeIgniter\CodeIgniter->handleRequest(null, Object(Config\Cache), false)
 4 FCPATH\index.php(67): CodeIgniter\CodeIgniter->run()
INFO - 2023-07-03 09:59:34 --> Session: Class initialized using 'CodeIgniter\Session\Handlers\FileHandler' driver.
WARNING - 2023-07-03 09:59:34 --> [DEPRECATED] Creation of dynamic property App\Controllers\ProfileController::$validation is deprecated in APPPATH\Controllers\ProfileController.php on line 14.
 1 SYSTEMPATH\CodeIgniter.php(906): App\Controllers\ProfileController->__construct()
 2 SYSTEMPATH\CodeIgniter.php(490): CodeIgniter\CodeIgniter->createController()
 3 SYSTEMPATH\CodeIgniter.php(368): CodeIgniter\CodeIgniter->handleRequest(null, Object(Config\Cache), false)
 4 FCPATH\index.php(67): CodeIgniter\CodeIgniter->run()
WARNING - 2023-07-03 09:59:34 --> [DEPRECATED] Creation of dynamic property App\Controllers\ProfileController::$user is deprecated in APPPATH\Controllers\ProfileController.php on line 16.
 1 SYSTEMPATH\CodeIgniter.php(906): App\Controllers\ProfileController->__construct()
 2 SYSTEMPATH\CodeIgniter.php(490): CodeIgniter\CodeIgniter->createController()
 3 SYSTEMPATH\CodeIgniter.php(368): CodeIgniter\CodeIgniter->handleRequest(null, Object(Config\Cache), false)
 4 FCPATH\index.php(67): CodeIgniter\CodeIgniter->run()
INFO - 2023-07-03 09:59:35 --> Session: Class initialized using 'CodeIgniter\Session\Handlers\FileHandler' driver.
WARNING - 2023-07-03 09:59:35 --> [DEPRECATED] Creation of dynamic property App\Controllers\ProfileController::$validation is deprecated in APPPATH\Controllers\ProfileController.php on line 14.
 1 SYSTEMPATH\CodeIgniter.php(906): App\Controllers\ProfileController->__construct()
 2 SYSTEMPATH\CodeIgniter.php(490): CodeIgniter\CodeIgniter->createController()
 3 SYSTEMPATH\CodeIgniter.php(368): CodeIgniter\CodeIgniter->handleRequest(null, Object(Config\Cache), false)
 4 FCPATH\index.php(67): CodeIgniter\CodeIgniter->run()
WARNING - 2023-07-03 09:59:35 --> [DEPRECATED] Creation of dynamic property App\Controllers\ProfileController::$user is deprecated in APPPATH\Controllers\ProfileController.php on line 16.
 1 SYSTEMPATH\CodeIgniter.php(906): App\Controllers\ProfileController->__construct()
 2 SYSTEMPATH\CodeIgniter.php(490): CodeIgniter\CodeIgniter->createController()
 3 SYSTEMPATH\CodeIgniter.php(368): CodeIgniter\CodeIgniter->handleRequest(null, Object(Config\Cache), false)
 4 FCPATH\index.php(67): CodeIgniter\CodeIgniter->run()
INFO - 2023-07-03 09:59:35 --> Session: Class initialized using 'CodeIgniter\Session\Handlers\FileHandler' driver.
WARNING - 2023-07-03 09:59:35 --> [DEPRECATED] Creation of dynamic property App\Controllers\ProfileController::$validation is deprecated in APPPATH\Controllers\ProfileController.php on line 14.
 1 SYSTEMPATH\CodeIgniter.php(906): App\Controllers\ProfileController->__construct()
 2 SYSTEMPATH\CodeIgniter.php(490): CodeIgniter\CodeIgniter->createController()
 3 SYSTEMPATH\CodeIgniter.php(368): CodeIgniter\CodeIgniter->handleRequest(null, Object(Config\Cache), false)
 4 FCPATH\index.php(67): CodeIgniter\CodeIgniter->run()
WARNING - 2023-07-03 09:59:35 --> [DEPRECATED] Creation of dynamic property App\Controllers\ProfileController::$user is deprecated in APPPATH\Controllers\ProfileController.php on line 16.
 1 SYSTEMPATH\CodeIgniter.php(906): App\Controllers\ProfileController->__construct()
 2 SYSTEMPATH\CodeIgniter.php(490): CodeIgniter\CodeIgniter->createController()
 3 SYSTEMPATH\CodeIgniter.php(368): CodeIgniter\CodeIgniter->handleRequest(null, Object(Config\Cache), false)
 4 FCPATH\index.php(67): CodeIgniter\CodeIgniter->run()
INFO - 2023-07-03 09:59:51 --> Session: Class initialized using 'CodeIgniter\Session\Handlers\FileHandler' driver.
WARNING - 2023-07-03 09:59:51 --> [DEPRECATED] Creation of dynamic property App\Controllers\ProfileController::$validation is deprecated in APPPATH\Controllers\ProfileController.php on line 14.
 1 SYSTEMPATH\CodeIgniter.php(906): App\Controllers\ProfileController->__construct()
 2 SYSTEMPATH\CodeIgniter.php(490): CodeIgniter\CodeIgniter->createController()
 3 SYSTEMPATH\CodeIgniter.php(368): CodeIgniter\CodeIgniter->handleRequest(null, Object(Config\Cache), false)
 4 FCPATH\index.php(67): CodeIgniter\CodeIgniter->run()
WARNING - 2023-07-03 09:59:51 --> [DEPRECATED] Creation of dynamic property App\Controllers\ProfileController::$user is deprecated in APPPATH\Controllers\ProfileController.php on line 16.
 1 SYSTEMPATH\CodeIgniter.php(906): App\Controllers\ProfileController->__construct()
 2 SYSTEMPATH\CodeIgniter.php(490): CodeIgniter\CodeIgniter->createController()
 3 SYSTEMPATH\CodeIgniter.php(368): CodeIgniter\CodeIgniter->handleRequest(null, Object(Config\Cache), false)
 4 FCPATH\index.php(67): CodeIgniter\CodeIgniter->run()
INFO - 2023-07-03 09:59:51 --> Session: Class initialized using 'CodeIgniter\Session\Handlers\FileHandler' driver.
WARNING - 2023-07-03 09:59:51 --> [DEPRECATED] Creation of dynamic property App\Controllers\ProfileController::$validation is deprecated in APPPATH\Controllers\ProfileController.php on line 14.
 1 SYSTEMPATH\CodeIgniter.php(906): App\Controllers\ProfileController->__construct()
 2 SYSTEMPATH\CodeIgniter.php(490): CodeIgniter\CodeIgniter->createController()
 3 SYSTEMPATH\CodeIgniter.php(368): CodeIgniter\CodeIgniter->handleRequest(null, Object(Config\Cache), false)
 4 FCPATH\index.php(67): CodeIgniter\CodeIgniter->run()
WARNING - 2023-07-03 09:59:51 --> [DEPRECATED] Creation of dynamic property App\Controllers\ProfileController::$user is deprecated in APPPATH\Controllers\ProfileController.php on line 16.
 1 SYSTEMPATH\CodeIgniter.php(906): App\Controllers\ProfileController->__construct()
 2 SYSTEMPATH\CodeIgniter.php(490): CodeIgniter\CodeIgniter->createController()
 3 SYSTEMPATH\CodeIgniter.php(368): CodeIgniter\CodeIgniter->handleRequest(null, Object(Config\Cache), false)
 4 FCPATH\index.php(67): CodeIgniter\CodeIgniter->run()
INFO - 2023-07-03 09:59:51 --> Session: Class initialized using 'CodeIgniter\Session\Handlers\FileHandler' driver.
WARNING - 2023-07-03 09:59:51 --> [DEPRECATED] Creation of dynamic property App\Controllers\ProfileController::$validation is deprecated in APPPATH\Controllers\ProfileController.php on line 14.
 1 SYSTEMPATH\CodeIgniter.php(906): App\Controllers\ProfileController->__construct()
 2 SYSTEMPATH\CodeIgniter.php(490): CodeIgniter\CodeIgniter->createController()
 3 SYSTEMPATH\CodeIgniter.php(368): CodeIgniter\CodeIgniter->handleRequest(null, Object(Config\Cache), false)
 4 FCPATH\index.php(67): CodeIgniter\CodeIgniter->run()
WARNING - 2023-07-03 09:59:51 --> [DEPRECATED] Creation of dynamic property App\Controllers\ProfileController::$user is deprecated in APPPATH\Controllers\ProfileController.php on line 16.
 1 SYSTEMPATH\CodeIgniter.php(906): App\Controllers\ProfileController->__construct()
 2 SYSTEMPATH\CodeIgniter.php(490): CodeIgniter\CodeIgniter->createController()
 3 SYSTEMPATH\CodeIgniter.php(368): CodeIgniter\CodeIgniter->handleRequest(null, Object(Config\Cache), false)
 4 FCPATH\index.php(67): CodeIgniter\CodeIgniter->run()
INFO - 2023-07-03 09:59:51 --> Session: Class initialized using 'CodeIgniter\Session\Handlers\FileHandler' driver.
WARNING - 2023-07-03 09:59:51 --> [DEPRECATED] Creation of dynamic property App\Controllers\ProfileController::$validation is deprecated in APPPATH\Controllers\ProfileController.php on line 14.
 1 SYSTEMPATH\CodeIgniter.php(906): App\Controllers\ProfileController->__construct()
 2 SYSTEMPATH\CodeIgniter.php(490): CodeIgniter\CodeIgniter->createController()
 3 SYSTEMPATH\CodeIgniter.php(368): CodeIgniter\CodeIgniter->handleRequest(null, Object(Config\Cache), false)
 4 FCPATH\index.php(67): CodeIgniter\CodeIgniter->run()
WARNING - 2023-07-03 09:59:51 --> [DEPRECATED] Creation of dynamic property App\Controllers\ProfileController::$user is deprecated in APPPATH\Controllers\ProfileController.php on line 16.
 1 SYSTEMPATH\CodeIgniter.php(906): App\Controllers\ProfileController->__construct()
 2 SYSTEMPATH\CodeIgniter.php(490): CodeIgniter\CodeIgniter->createController()
 3 SYSTEMPATH\CodeIgniter.php(368): CodeIgniter\CodeIgniter->handleRequest(null, Object(Config\Cache), false)
 4 FCPATH\index.php(67): CodeIgniter\CodeIgniter->run()
INFO - 2023-07-03 09:59:51 --> Session: Class initialized using 'CodeIgniter\Session\Handlers\FileHandler' driver.
WARNING - 2023-07-03 09:59:51 --> [DEPRECATED] Creation of dynamic property App\Controllers\ProfileController::$validation is deprecated in APPPATH\Controllers\ProfileController.php on line 14.
 1 SYSTEMPATH\CodeIgniter.php(906): App\Controllers\ProfileController->__construct()
 2 SYSTEMPATH\CodeIgniter.php(490): CodeIgniter\CodeIgniter->createController()
 3 SYSTEMPATH\CodeIgniter.php(368): CodeIgniter\CodeIgniter->handleRequest(null, Object(Config\Cache), false)
 4 FCPATH\index.php(67): CodeIgniter\CodeIgniter->run()
WARNING - 2023-07-03 09:59:51 --> [DEPRECATED] Creation of dynamic property App\Controllers\ProfileController::$user is deprecated in APPPATH\Controllers\ProfileController.php on line 16.
 1 SYSTEMPATH\CodeIgniter.php(906): App\Controllers\ProfileController->__construct()
 2 SYSTEMPATH\CodeIgniter.php(490): CodeIgniter\CodeIgniter->createController()
 3 SYSTEMPATH\CodeIgniter.php(368): CodeIgniter\CodeIgniter->handleRequest(null, Object(Config\Cache), false)
 4 FCPATH\index.php(67): CodeIgniter\CodeIgniter->run()
INFO - 2023-07-03 09:59:56 --> Session: Class initialized using 'CodeIgniter\Session\Handlers\FileHandler' driver.
WARNING - 2023-07-03 09:59:56 --> [DEPRECATED] Creation of dynamic property App\Controllers\ProfileController::$validation is deprecated in APPPATH\Controllers\ProfileController.php on line 14.
 1 SYSTEMPATH\CodeIgniter.php(906): App\Controllers\ProfileController->__construct()
 2 SYSTEMPATH\CodeIgniter.php(490): CodeIgniter\CodeIgniter->createController()
 3 SYSTEMPATH\CodeIgniter.php(368): CodeIgniter\CodeIgniter->handleRequest(null, Object(Config\Cache), false)
 4 FCPATH\index.php(67): CodeIgniter\CodeIgniter->run()
WARNING - 2023-07-03 09:59:56 --> [DEPRECATED] Creation of dynamic property App\Controllers\ProfileController::$user is deprecated in APPPATH\Controllers\ProfileController.php on line 16.
 1 SYSTEMPATH\CodeIgniter.php(906): App\Controllers\ProfileController->__construct()
 2 SYSTEMPATH\CodeIgniter.php(490): CodeIgniter\CodeIgniter->createController()
 3 SYSTEMPATH\CodeIgniter.php(368): CodeIgniter\CodeIgniter->handleRequest(null, Object(Config\Cache), false)
 4 FCPATH\index.php(67): CodeIgniter\CodeIgniter->run()
INFO - 2023-07-03 09:59:56 --> Session: Class initialized using 'CodeIgniter\Session\Handlers\FileHandler' driver.
WARNING - 2023-07-03 09:59:56 --> [DEPRECATED] Creation of dynamic property App\Controllers\ProfileController::$validation is deprecated in APPPATH\Controllers\ProfileController.php on line 14.
 1 SYSTEMPATH\CodeIgniter.php(906): App\Controllers\ProfileController->__construct()
 2 SYSTEMPATH\CodeIgniter.php(490): CodeIgniter\CodeIgniter->createController()
 3 SYSTEMPATH\CodeIgniter.php(368): CodeIgniter\CodeIgniter->handleRequest(null, Object(Config\Cache), false)
 4 FCPATH\index.php(67): CodeIgniter\CodeIgniter->run()
WARNING - 2023-07-03 09:59:56 --> [DEPRECATED] Creation of dynamic property App\Controllers\ProfileController::$user is deprecated in APPPATH\Controllers\ProfileController.php on line 16.
 1 SYSTEMPATH\CodeIgniter.php(906): App\Controllers\ProfileController->__construct()
 2 SYSTEMPATH\CodeIgniter.php(490): CodeIgniter\CodeIgniter->createController()
 3 SYSTEMPATH\CodeIgniter.php(368): CodeIgniter\CodeIgniter->handleRequest(null, Object(Config\Cache), false)
 4 FCPATH\index.php(67): CodeIgniter\CodeIgniter->run()
INFO - 2023-07-03 09:59:56 --> Session: Class initialized using 'CodeIgniter\Session\Handlers\FileHandler' driver.
WARNING - 2023-07-03 09:59:56 --> [DEPRECATED] Creation of dynamic property App\Controllers\ProfileController::$validation is deprecated in APPPATH\Controllers\ProfileController.php on line 14.
 1 SYSTEMPATH\CodeIgniter.php(906): App\Controllers\ProfileController->__construct()
 2 SYSTEMPATH\CodeIgniter.php(490): CodeIgniter\CodeIgniter->createController()
 3 SYSTEMPATH\CodeIgniter.php(368): CodeIgniter\CodeIgniter->handleRequest(null, Object(Config\Cache), false)
 4 FCPATH\index.php(67): CodeIgniter\CodeIgniter->run()
WARNING - 2023-07-03 09:59:56 --> [DEPRECATED] Creation of dynamic property App\Controllers\ProfileController::$user is deprecated in APPPATH\Controllers\ProfileController.php on line 16.
 1 SYSTEMPATH\CodeIgniter.php(906): App\Controllers\ProfileController->__construct()
 2 SYSTEMPATH\CodeIgniter.php(490): CodeIgniter\CodeIgniter->createController()
 3 SYSTEMPATH\CodeIgniter.php(368): CodeIgniter\CodeIgniter->handleRequest(null, Object(Config\Cache), false)
 4 FCPATH\index.php(67): CodeIgniter\CodeIgniter->run()
INFO - 2023-07-03 09:59:56 --> Session: Class initialized using 'CodeIgniter\Session\Handlers\FileHandler' driver.
WARNING - 2023-07-03 09:59:56 --> [DEPRECATED] Creation of dynamic property App\Controllers\ProfileController::$validation is deprecated in APPPATH\Controllers\ProfileController.php on line 14.
 1 SYSTEMPATH\CodeIgniter.php(906): App\Controllers\ProfileController->__construct()
 2 SYSTEMPATH\CodeIgniter.php(490): CodeIgniter\CodeIgniter->createController()
 3 SYSTEMPATH\CodeIgniter.php(368): CodeIgniter\CodeIgniter->handleRequest(null, Object(Config\Cache), false)
 4 FCPATH\index.php(67): CodeIgniter\CodeIgniter->run()
WARNING - 2023-07-03 09:59:56 --> [DEPRECATED] Creation of dynamic property App\Controllers\ProfileController::$user is deprecated in APPPATH\Controllers\ProfileController.php on line 16.
 1 SYSTEMPATH\CodeIgniter.php(906): App\Controllers\ProfileController->__construct()
 2 SYSTEMPATH\CodeIgniter.php(490): CodeIgniter\CodeIgniter->createController()
 3 SYSTEMPATH\CodeIgniter.php(368): CodeIgniter\CodeIgniter->handleRequest(null, Object(Config\Cache), false)
 4 FCPATH\index.php(67): CodeIgniter\CodeIgniter->run()
INFO - 2023-07-03 09:59:57 --> Session: Class initialized using 'CodeIgniter\Session\Handlers\FileHandler' driver.
WARNING - 2023-07-03 09:59:57 --> [DEPRECATED] Creation of dynamic property App\Controllers\ProfileController::$validation is deprecated in APPPATH\Controllers\ProfileController.php on line 14.
 1 SYSTEMPATH\CodeIgniter.php(906): App\Controllers\ProfileController->__construct()
 2 SYSTEMPATH\CodeIgniter.php(490): CodeIgniter\CodeIgniter->createController()
 3 SYSTEMPATH\CodeIgniter.php(368): CodeIgniter\CodeIgniter->handleRequest(null, Object(Config\Cache), false)
 4 FCPATH\index.php(67): CodeIgniter\CodeIgniter->run()
WARNING - 2023-07-03 09:59:57 --> [DEPRECATED] Creation of dynamic property App\Controllers\ProfileController::$user is deprecated in APPPATH\Controllers\ProfileController.php on line 16.
 1 SYSTEMPATH\CodeIgniter.php(906): App\Controllers\ProfileController->__construct()
 2 SYSTEMPATH\CodeIgniter.php(490): CodeIgniter\CodeIgniter->createController()
 3 SYSTEMPATH\CodeIgniter.php(368): CodeIgniter\CodeIgniter->handleRequest(null, Object(Config\Cache), false)
 4 FCPATH\index.php(67): CodeIgniter\CodeIgniter->run()
INFO - 2023-07-03 10:00:02 --> Session: Class initialized using 'CodeIgniter\Session\Handlers\FileHandler' driver.
INFO - 2023-07-03 10:00:05 --> Session: Class initialized using 'CodeIgniter\Session\Handlers\FileHandler' driver.
WARNING - 2023-07-03 10:00:05 --> [DEPRECATED] Creation of dynamic property App\Controllers\ProdukController::$validation is deprecated in APPPATH\Controllers\ProdukController.php on line 13.
 1 SYSTEMPATH\CodeIgniter.php(906): App\Controllers\ProdukController->__construct()
 2 SYSTEMPATH\CodeIgniter.php(490): CodeIgniter\CodeIgniter->createController()
 3 SYSTEMPATH\CodeIgniter.php(368): CodeIgniter\CodeIgniter->handleRequest(null, Object(Config\Cache), false)
 4 FCPATH\index.php(67): CodeIgniter\CodeIgniter->run()
INFO - 2023-07-03 10:00:22 --> Session: Class initialized using 'CodeIgniter\Session\Handlers\FileHandler' driver.
WARNING - 2023-07-03 10:00:22 --> [DEPRECATED] Creation of dynamic property App\Controllers\ProdukController::$validation is deprecated in APPPATH\Controllers\ProdukController.php on line 13.
 1 SYSTEMPATH\CodeIgniter.php(906): App\Controllers\ProdukController->__construct()
 2 SYSTEMPATH\CodeIgniter.php(490): CodeIgniter\CodeIgniter->createController()
 3 SYSTEMPATH\CodeIgniter.php(368): CodeIgniter\CodeIgniter->handleRequest(null, Object(Config\Cache), false)
 4 FCPATH\index.php(67): CodeIgniter\CodeIgniter->run()
INFO - 2023-07-03 10:00:23 --> Session: Class initialized using 'CodeIgniter\Session\Handlers\FileHandler' driver.
WARNING - 2023-07-03 10:00:23 --> [DEPRECATED] Creation of dynamic property App\Controllers\ProdukController::$validation is deprecated in APPPATH\Controllers\ProdukController.php on line 13.
 1 SYSTEMPATH\CodeIgniter.php(906): App\Controllers\ProdukController->__construct()
 2 SYSTEMPATH\CodeIgniter.php(490): CodeIgniter\CodeIgniter->createController()
 3 SYSTEMPATH\CodeIgniter.php(368): CodeIgniter\CodeIgniter->handleRequest(null, Object(Config\Cache), false)
 4 FCPATH\index.php(67): CodeIgniter\CodeIgniter->run()
INFO - 2023-07-03 10:00:30 --> Session: Class initialized using 'CodeIgniter\Session\Handlers\FileHandler' driver.
INFO - 2023-07-03 10:00:41 --> Session: Class initialized using 'CodeIgniter\Session\Handlers\FileHandler' driver.
INFO - 2023-07-03 10:00:41 --> Cart Class Initialized
INFO - 2023-07-03 10:00:44 --> Session: Class initialized using 'CodeIgniter\Session\Handlers\FileHandler' driver.
INFO - 2023-07-03 10:00:45 --> Session: Class initialized using 'CodeIgniter\Session\Handlers\FileHandler' driver.
INFO - 2023-07-03 10:00:45 --> Cart Class Initialized
INFO - 2023-07-03 10:00:45 --> Session: Class initialized using 'CodeIgniter\Session\Handlers\FileHandler' driver.
INFO - 2023-07-03 10:00:48 --> Session: Class initialized using 'CodeIgniter\Session\Handlers\FileHandler' driver.
INFO - 2023-07-03 10:00:48 --> Cart Class Initialized
INFO - 2023-07-03 10:00:55 --> Session: Class initialized using 'CodeIgniter\Session\Handlers\FileHandler' driver.
INFO - 2023-07-03 10:00:55 --> Cart Class Initialized
INFO - 2023-07-03 10:00:55 --> Session: Class initialized using 'CodeIgniter\Session\Handlers\FileHandler' driver.
INFO - 2023-07-03 10:00:55 --> Cart Class Initialized
INFO - 2023-07-03 10:01:11 --> Session: Class initialized using 'CodeIgniter\Session\Handlers\FileHandler' driver.
INFO - 2023-07-03 10:01:11 --> Cart Class Initialized
INFO - 2023-07-03 10:01:12 --> Session: Class initialized using 'CodeIgniter\Session\Handlers\FileHandler' driver.
INFO - 2023-07-03 10:01:12 --> Cart Class Initialized
INFO - 2023-07-03 10:01:15 --> Session: Class initialized using 'CodeIgniter\Session\Handlers\FileHandler' driver.
INFO - 2023-07-03 10:01:17 --> Session: Class initialized using 'CodeIgniter\Session\Handlers\FileHandler' driver.
INFO - 2023-07-03 10:01:17 --> Cart Class Initialized
INFO - 2023-07-03 10:01:17 --> Session: Class initialized using 'CodeIgniter\Session\Handlers\FileHandler' driver.
INFO - 2023-07-03 10:01:18 --> Session: Class initialized using 'CodeIgniter\Session\Handlers\FileHandler' driver.
INFO - 2023-07-03 10:01:18 --> Cart Class Initialized
INFO - 2023-07-03 10:01:20 --> Session: Class initialized using 'CodeIgniter\Session\Handlers\FileHandler' driver.
INFO - 2023-07-03 10:01:21 --> Cart Class Initialized
INFO - 2023-07-03 10:01:21 --> Session: Class initialized using 'CodeIgniter\Session\Handlers\FileHandler' driver.
INFO - 2023-07-03 10:01:21 --> Cart Class Initialized
INFO - 2023-07-03 10:01:22 --> Session: Class initialized using 'CodeIgniter\Session\Handlers\FileHandler' driver.
INFO - 2023-07-03 10:01:22 --> Cart Class Initialized
INFO - 2023-07-03 10:01:38 --> Session: Class initialized using 'CodeIgniter\Session\Handlers\FileHandler' driver.
INFO - 2023-07-03 10:01:38 --> Cart Class Initialized
INFO - 2023-07-03 10:01:43 --> Session: Class initialized using 'CodeIgniter\Session\Handlers\FileHandler' driver.
INFO - 2023-07-03 10:01:43 --> Cart Class Initialized
INFO - 2023-07-03 10:02:01 --> Session: Class initialized using 'CodeIgniter\Session\Handlers\FileHandler' driver.
INFO - 2023-07-03 10:02:01 --> Cart Class Initialized
INFO - 2023-07-03 10:02:01 --> Session: Class initialized using 'CodeIgniter\Session\Handlers\FileHandler' driver.
INFO - 2023-07-03 10:02:01 --> Cart Class Initialized
INFO - 2023-07-03 10:02:04 --> Session: Class initialized using 'CodeIgniter\Session\Handlers\FileHandler' driver.
WARNING - 2023-07-03 10:02:04 --> [DEPRECATED] Creation of dynamic property App\Controllers\HistoriController::$validation is deprecated in APPPATH\Controllers\HistoriController.php on line 14.
 1 SYSTEMPATH\CodeIgniter.php(906): App\Controllers\HistoriController->__construct()
 2 SYSTEMPATH\CodeIgniter.php(490): CodeIgniter\CodeIgniter->createController()
 3 SYSTEMPATH\CodeIgniter.php(368): CodeIgniter\CodeIgniter->handleRequest(null, Object(Config\Cache), false)
 4 FCPATH\index.php(67): CodeIgniter\CodeIgniter->run()
INFO - 2023-07-03 10:02:16 --> Session: Class initialized using 'CodeIgniter\Session\Handlers\FileHandler' driver.
WARNING - 2023-07-03 10:02:16 --> [DEPRECATED] Creation of dynamic property App\Controllers\ProdukController::$validation is deprecated in APPPATH\Controllers\ProdukController.php on line 13.
 1 SYSTEMPATH\CodeIgniter.php(906): App\Controllers\ProdukController->__construct()
 2 SYSTEMPATH\CodeIgniter.php(490): CodeIgniter\CodeIgniter->createController()
 3 SYSTEMPATH\CodeIgniter.php(368): CodeIgniter\CodeIgniter->handleRequest(null, Object(Config\Cache), false)
 4 FCPATH\index.php(67): CodeIgniter\CodeIgniter->run()
INFO - 2023-07-03 10:02:41 --> Session: Class initialized using 'CodeIgniter\Session\Handlers\FileHandler' driver.
WARNING - 2023-07-03 10:02:41 --> [DEPRECATED] Creation of dynamic property App\Controllers\ProdukController::$validation is deprecated in APPPATH\Controllers\ProdukController.php on line 13.
 1 SYSTEMPATH\CodeIgniter.php(906): App\Controllers\ProdukController->__construct()
 2 SYSTEMPATH\CodeIgniter.php(490): CodeIgniter\CodeIgniter->createController()
 3 SYSTEMPATH\CodeIgniter.php(368): CodeIgniter\CodeIgniter->handleRequest(null, Object(Config\Cache), false)
 4 FCPATH\index.php(67): CodeIgniter\CodeIgniter->run()
INFO - 2023-07-03 10:02:42 --> Session: Class initialized using 'CodeIgniter\Session\Handlers\FileHandler' driver.
WARNING - 2023-07-03 10:02:42 --> [DEPRECATED] Creation of dynamic property App\Controllers\ProdukController::$validation is deprecated in APPPATH\Controllers\ProdukController.php on line 13.
 1 SYSTEMPATH\CodeIgniter.php(906): App\Controllers\ProdukController->__construct()
 2 SYSTEMPATH\CodeIgniter.php(490): CodeIgniter\CodeIgniter->createController()
 3 SYSTEMPATH\CodeIgniter.php(368): CodeIgniter\CodeIgniter->handleRequest(null, Object(Config\Cache), false)
 4 FCPATH\index.php(67): CodeIgniter\CodeIgniter->run()
INFO - 2023-07-03 10:02:49 --> Session: Class initialized using 'CodeIgniter\Session\Handlers\FileHandler' driver.
WARNING - 2023-07-03 10:02:49 --> [DEPRECATED] Creation of dynamic property App\Controllers\ProfileController::$validation is deprecated in APPPATH\Controllers\ProfileController.php on line 14.
 1 SYSTEMPATH\CodeIgniter.php(906): App\Controllers\ProfileController->__construct()
 2 SYSTEMPATH\CodeIgniter.php(490): CodeIgniter\CodeIgniter->createController()
 3 SYSTEMPATH\CodeIgniter.php(368): CodeIgniter\CodeIgniter->handleRequest(null, Object(Config\Cache), false)
 4 FCPATH\index.php(67): CodeIgniter\CodeIgniter->run()
WARNING - 2023-07-03 10:02:49 --> [DEPRECATED] Creation of dynamic property App\Controllers\ProfileController::$user is deprecated in APPPATH\Controllers\ProfileController.php on line 16.
 1 SYSTEMPATH\CodeIgniter.php(906): App\Controllers\ProfileController->__construct()
 2 SYSTEMPATH\CodeIgniter.php(490): CodeIgniter\CodeIgniter->createController()
 3 SYSTEMPATH\CodeIgniter.php(368): CodeIgniter\CodeIgniter->handleRequest(null, Object(Config\Cache), false)
 4 FCPATH\index.php(67): CodeIgniter\CodeIgniter->run()
INFO - 2023-07-03 10:02:55 --> Session: Class initialized using 'CodeIgniter\Session\Handlers\FileHandler' driver.
WARNING - 2023-07-03 10:02:55 --> [DEPRECATED] Creation of dynamic property App\Controllers\ProfileController::$validation is deprecated in APPPATH\Controllers\ProfileController.php on line 14.
 1 SYSTEMPATH\CodeIgniter.php(906): App\Controllers\ProfileController->__construct()
 2 SYSTEMPATH\CodeIgniter.php(490): CodeIgniter\CodeIgniter->createController()
 3 SYSTEMPATH\CodeIgniter.php(368): CodeIgniter\CodeIgniter->handleRequest(null, Object(Config\Cache), false)
 4 FCPATH\index.php(67): CodeIgniter\CodeIgniter->run()
WARNING - 2023-07-03 10:02:55 --> [DEPRECATED] Creation of dynamic property App\Controllers\ProfileController::$user is deprecated in APPPATH\Controllers\ProfileController.php on line 16.
 1 SYSTEMPATH\CodeIgniter.php(906): App\Controllers\ProfileController->__construct()
 2 SYSTEMPATH\CodeIgniter.php(490): CodeIgniter\CodeIgniter->createController()
 3 SYSTEMPATH\CodeIgniter.php(368): CodeIgniter\CodeIgniter->handleRequest(null, Object(Config\Cache), false)
 4 FCPATH\index.php(67): CodeIgniter\CodeIgniter->run()
INFO - 2023-07-03 10:03:07 --> Session: Class initialized using 'CodeIgniter\Session\Handlers\FileHandler' driver.
WARNING - 2023-07-03 10:03:07 --> [DEPRECATED] Creation of dynamic property App\Controllers\ProfileController::$validation is deprecated in APPPATH\Controllers\ProfileController.php on line 14.
 1 SYSTEMPATH\CodeIgniter.php(906): App\Controllers\ProfileController->__construct()
 2 SYSTEMPATH\CodeIgniter.php(490): CodeIgniter\CodeIgniter->createController()
 3 SYSTEMPATH\CodeIgniter.php(368): CodeIgniter\CodeIgniter->handleRequest(null, Object(Config\Cache), false)
 4 FCPATH\index.php(67): CodeIgniter\CodeIgniter->run()
WARNING - 2023-07-03 10:03:07 --> [DEPRECATED] Creation of dynamic property App\Controllers\ProfileController::$user is deprecated in APPPATH\Controllers\ProfileController.php on line 16.
 1 SYSTEMPATH\CodeIgniter.php(906): App\Controllers\ProfileController->__construct()
 2 SYSTEMPATH\CodeIgniter.php(490): CodeIgniter\CodeIgniter->createController()
 3 SYSTEMPATH\CodeIgniter.php(368): CodeIgniter\CodeIgniter->handleRequest(null, Object(Config\Cache), false)
 4 FCPATH\index.php(67): CodeIgniter\CodeIgniter->run()
INFO - 2023-07-03 10:03:07 --> Session: Class initialized using 'CodeIgniter\Session\Handlers\FileHandler' driver.
WARNING - 2023-07-03 10:03:07 --> [DEPRECATED] Creation of dynamic property App\Controllers\ProfileController::$validation is deprecated in APPPATH\Controllers\ProfileController.php on line 14.
 1 SYSTEMPATH\CodeIgniter.php(906): App\Controllers\ProfileController->__construct()
 2 SYSTEMPATH\CodeIgniter.php(490): CodeIgniter\CodeIgniter->createController()
 3 SYSTEMPATH\CodeIgniter.php(368): CodeIgniter\CodeIgniter->handleRequest(null, Object(Config\Cache), false)
 4 FCPATH\index.php(67): CodeIgniter\CodeIgniter->run()
WARNING - 2023-07-03 10:03:07 --> [DEPRECATED] Creation of dynamic property App\Controllers\ProfileController::$user is deprecated in APPPATH\Controllers\ProfileController.php on line 16.
 1 SYSTEMPATH\CodeIgniter.php(906): App\Controllers\ProfileController->__construct()
 2 SYSTEMPATH\CodeIgniter.php(490): CodeIgniter\CodeIgniter->createController()
 3 SYSTEMPATH\CodeIgniter.php(368): CodeIgniter\CodeIgniter->handleRequest(null, Object(Config\Cache), false)
 4 FCPATH\index.php(67): CodeIgniter\CodeIgniter->run()
INFO - 2023-07-03 10:03:18 --> Session: Class initialized using 'CodeIgniter\Session\Handlers\FileHandler' driver.
WARNING - 2023-07-03 10:03:18 --> [DEPRECATED] Creation of dynamic property App\Controllers\ProfileController::$validation is deprecated in APPPATH\Controllers\ProfileController.php on line 14.
 1 SYSTEMPATH\CodeIgniter.php(906): App\Controllers\ProfileController->__construct()
 2 SYSTEMPATH\CodeIgniter.php(490): CodeIgniter\CodeIgniter->createController()
 3 SYSTEMPATH\CodeIgniter.php(368): CodeIgniter\CodeIgniter->handleRequest(null, Object(Config\Cache), false)
 4 FCPATH\index.php(67): CodeIgniter\CodeIgniter->run()
WARNING - 2023-07-03 10:03:18 --> [DEPRECATED] Creation of dynamic property App\Controllers\ProfileController::$user is deprecated in APPPATH\Controllers\ProfileController.php on line 16.
 1 SYSTEMPATH\CodeIgniter.php(906): App\Controllers\ProfileController->__construct()
 2 SYSTEMPATH\CodeIgniter.php(490): CodeIgniter\CodeIgniter->createController()
 3 SYSTEMPATH\CodeIgniter.php(368): CodeIgniter\CodeIgniter->handleRequest(null, Object(Config\Cache), false)
 4 FCPATH\index.php(67): CodeIgniter\CodeIgniter->run()
INFO - 2023-07-03 10:03:19 --> Session: Class initialized using 'CodeIgniter\Session\Handlers\FileHandler' driver.
WARNING - 2023-07-03 10:03:19 --> [DEPRECATED] Creation of dynamic property App\Controllers\ProfileController::$validation is deprecated in APPPATH\Controllers\ProfileController.php on line 14.
 1 SYSTEMPATH\CodeIgniter.php(906): App\Controllers\ProfileController->__construct()
 2 SYSTEMPATH\CodeIgniter.php(490): CodeIgniter\CodeIgniter->createController()
 3 SYSTEMPATH\CodeIgniter.php(368): CodeIgniter\CodeIgniter->handleRequest(null, Object(Config\Cache), false)
 4 FCPATH\index.php(67): CodeIgniter\CodeIgniter->run()
WARNING - 2023-07-03 10:03:19 --> [DEPRECATED] Creation of dynamic property App\Controllers\ProfileController::$user is deprecated in APPPATH\Controllers\ProfileController.php on line 16.
 1 SYSTEMPATH\CodeIgniter.php(906): App\Controllers\ProfileController->__construct()
 2 SYSTEMPATH\CodeIgniter.php(490): CodeIgniter\CodeIgniter->createController()
 3 SYSTEMPATH\CodeIgniter.php(368): CodeIgniter\CodeIgniter->handleRequest(null, Object(Config\Cache), false)
 4 FCPATH\index.php(67): CodeIgniter\CodeIgniter->run()
INFO - 2023-07-03 10:03:19 --> Session: Class initialized using 'CodeIgniter\Session\Handlers\FileHandler' driver.
WARNING - 2023-07-03 10:03:19 --> [DEPRECATED] Creation of dynamic property App\Controllers\ProfileController::$validation is deprecated in APPPATH\Controllers\ProfileController.php on line 14.
 1 SYSTEMPATH\CodeIgniter.php(906): App\Controllers\ProfileController->__construct()
 2 SYSTEMPATH\CodeIgniter.php(490): CodeIgniter\CodeIgniter->createController()
 3 SYSTEMPATH\CodeIgniter.php(368): CodeIgniter\CodeIgniter->handleRequest(null, Object(Config\Cache), false)
 4 FCPATH\index.php(67): CodeIgniter\CodeIgniter->run()
WARNING - 2023-07-03 10:03:19 --> [DEPRECATED] Creation of dynamic property App\Controllers\ProfileController::$user is deprecated in APPPATH\Controllers\ProfileController.php on line 16.
 1 SYSTEMPATH\CodeIgniter.php(906): App\Controllers\ProfileController->__construct()
 2 SYSTEMPATH\CodeIgniter.php(490): CodeIgniter\CodeIgniter->createController()
 3 SYSTEMPATH\CodeIgniter.php(368): CodeIgniter\CodeIgniter->handleRequest(null, Object(Config\Cache), false)
 4 FCPATH\index.php(67): CodeIgniter\CodeIgniter->run()
INFO - 2023-07-03 10:03:19 --> Session: Class initialized using 'CodeIgniter\Session\Handlers\FileHandler' driver.
WARNING - 2023-07-03 10:03:19 --> [DEPRECATED] Creation of dynamic property App\Controllers\ProfileController::$validation is deprecated in APPPATH\Controllers\ProfileController.php on line 14.
 1 SYSTEMPATH\CodeIgniter.php(906): App\Controllers\ProfileController->__construct()
 2 SYSTEMPATH\CodeIgniter.php(490): CodeIgniter\CodeIgniter->createController()
 3 SYSTEMPATH\CodeIgniter.php(368): CodeIgniter\CodeIgniter->handleRequest(null, Object(Config\Cache), false)
 4 FCPATH\index.php(67): CodeIgniter\CodeIgniter->run()
WARNING - 2023-07-03 10:03:19 --> [DEPRECATED] Creation of dynamic property App\Controllers\ProfileController::$user is deprecated in APPPATH\Controllers\ProfileController.php on line 16.
 1 SYSTEMPATH\CodeIgniter.php(906): App\Controllers\ProfileController->__construct()
 2 SYSTEMPATH\CodeIgniter.php(490): CodeIgniter\CodeIgniter->createController()
 3 SYSTEMPATH\CodeIgniter.php(368): CodeIgniter\CodeIgniter->handleRequest(null, Object(Config\Cache), false)
 4 FCPATH\index.php(67): CodeIgniter\CodeIgniter->run()
INFO - 2023-07-03 10:03:19 --> Session: Class initialized using 'CodeIgniter\Session\Handlers\FileHandler' driver.
WARNING - 2023-07-03 10:03:19 --> [DEPRECATED] Creation of dynamic property App\Controllers\ProfileController::$validation is deprecated in APPPATH\Controllers\ProfileController.php on line 14.
 1 SYSTEMPATH\CodeIgniter.php(906): App\Controllers\ProfileController->__construct()
 2 SYSTEMPATH\CodeIgniter.php(490): CodeIgniter\CodeIgniter->createController()
 3 SYSTEMPATH\CodeIgniter.php(368): CodeIgniter\CodeIgniter->handleRequest(null, Object(Config\Cache), false)
 4 FCPATH\index.php(67): CodeIgniter\CodeIgniter->run()
WARNING - 2023-07-03 10:03:19 --> [DEPRECATED] Creation of dynamic property App\Controllers\ProfileController::$user is deprecated in APPPATH\Controllers\ProfileController.php on line 16.
 1 SYSTEMPATH\CodeIgniter.php(906): App\Controllers\ProfileController->__construct()
 2 SYSTEMPATH\CodeIgniter.php(490): CodeIgniter\CodeIgniter->createController()
 3 SYSTEMPATH\CodeIgniter.php(368): CodeIgniter\CodeIgniter->handleRequest(null, Object(Config\Cache), false)
 4 FCPATH\index.php(67): CodeIgniter\CodeIgniter->run()
INFO - 2023-07-03 10:03:23 --> Session: Class initialized using 'CodeIgniter\Session\Handlers\FileHandler' driver.
WARNING - 2023-07-03 10:03:23 --> [DEPRECATED] Creation of dynamic property App\Controllers\ProfileController::$validation is deprecated in APPPATH\Controllers\ProfileController.php on line 14.
 1 SYSTEMPATH\CodeIgniter.php(906): App\Controllers\ProfileController->__construct()
 2 SYSTEMPATH\CodeIgniter.php(490): CodeIgniter\CodeIgniter->createController()
 3 SYSTEMPATH\CodeIgniter.php(368): CodeIgniter\CodeIgniter->handleRequest(null, Object(Config\Cache), false)
 4 FCPATH\index.php(67): CodeIgniter\CodeIgniter->run()
WARNING - 2023-07-03 10:03:23 --> [DEPRECATED] Creation of dynamic property App\Controllers\ProfileController::$user is deprecated in APPPATH\Controllers\ProfileController.php on line 16.
 1 SYSTEMPATH\CodeIgniter.php(906): App\Controllers\ProfileController->__construct()
 2 SYSTEMPATH\CodeIgniter.php(490): CodeIgniter\CodeIgniter->createController()
 3 SYSTEMPATH\CodeIgniter.php(368): CodeIgniter\CodeIgniter->handleRequest(null, Object(Config\Cache), false)
 4 FCPATH\index.php(67): CodeIgniter\CodeIgniter->run()
INFO - 2023-07-03 10:03:23 --> Session: Class initialized using 'CodeIgniter\Session\Handlers\FileHandler' driver.
WARNING - 2023-07-03 10:03:23 --> [DEPRECATED] Creation of dynamic property App\Controllers\ProfileController::$validation is deprecated in APPPATH\Controllers\ProfileController.php on line 14.
 1 SYSTEMPATH\CodeIgniter.php(906): App\Controllers\ProfileController->__construct()
 2 SYSTEMPATH\CodeIgniter.php(490): CodeIgniter\CodeIgniter->createController()
 3 SYSTEMPATH\CodeIgniter.php(368): CodeIgniter\CodeIgniter->handleRequest(null, Object(Config\Cache), false)
 4 FCPATH\index.php(67): CodeIgniter\CodeIgniter->run()
WARNING - 2023-07-03 10:03:23 --> [DEPRECATED] Creation of dynamic property App\Controllers\ProfileController::$user is deprecated in APPPATH\Controllers\ProfileController.php on line 16.
 1 SYSTEMPATH\CodeIgniter.php(906): App\Controllers\ProfileController->__construct()
 2 SYSTEMPATH\CodeIgniter.php(490): CodeIgniter\CodeIgniter->createController()
 3 SYSTEMPATH\CodeIgniter.php(368): CodeIgniter\CodeIgniter->handleRequest(null, Object(Config\Cache), false)
 4 FCPATH\index.php(67): CodeIgniter\CodeIgniter->run()
INFO - 2023-07-03 10:03:27 --> Session: Class initialized using 'CodeIgniter\Session\Handlers\FileHandler' driver.
WARNING - 2023-07-03 10:03:27 --> [DEPRECATED] Creation of dynamic property App\Controllers\MenuTransaksiController::$validation is deprecated in APPPATH\Controllers\MenuTransaksiController.php on line 14.
 1 SYSTEMPATH\CodeIgniter.php(906): App\Controllers\MenuTransaksiController->__construct()
 2 SYSTEMPATH\CodeIgniter.php(490): CodeIgniter\CodeIgniter->createController()
 3 SYSTEMPATH\CodeIgniter.php(368): CodeIgniter\CodeIgniter->handleRequest(null, Object(Config\Cache), false)
 4 FCPATH\index.php(67): CodeIgniter\CodeIgniter->run()
INFO - 2023-07-03 10:03:33 --> Session: Class initialized using 'CodeIgniter\Session\Handlers\FileHandler' driver.
WARNING - 2023-07-03 10:03:33 --> [DEPRECATED] Creation of dynamic property App\Controllers\MenuTransaksiController::$validation is deprecated in APPPATH\Controllers\MenuTransaksiController.php on line 14.
 1 SYSTEMPATH\CodeIgniter.php(906): App\Controllers\MenuTransaksiController->__construct()
 2 SYSTEMPATH\CodeIgniter.php(490): CodeIgniter\CodeIgniter->createController()
 3 SYSTEMPATH\CodeIgniter.php(368): CodeIgniter\CodeIgniter->handleRequest(null, Object(Config\Cache), false)
 4 FCPATH\index.php(67): CodeIgniter\CodeIgniter->run()
INFO - 2023-07-03 10:03:34 --> Session: Class initialized using 'CodeIgniter\Session\Handlers\FileHandler' driver.
WARNING - 2023-07-03 10:03:34 --> [DEPRECATED] Creation of dynamic property App\Controllers\MenuTransaksiController::$validation is deprecated in APPPATH\Controllers\MenuTransaksiController.php on line 14.
 1 SYSTEMPATH\CodeIgniter.php(906): App\Controllers\MenuTransaksiController->__construct()
 2 SYSTEMPATH\CodeIgniter.php(490): CodeIgniter\CodeIgniter->createController()
 3 SYSTEMPATH\CodeIgniter.php(368): CodeIgniter\CodeIgniter->handleRequest(null, Object(Config\Cache), false)
 4 FCPATH\index.php(67): CodeIgniter\CodeIgniter->run()
