INFO - 2023-06-29 10:45:42 --> Session: Class initialized using 'CodeIgniter\Session\Handlers\FileHandler' driver.
INFO - 2023-06-29 10:45:42 --> Session: Class initialized using 'CodeIgniter\Session\Handlers\FileHandler' driver.
INFO - 2023-06-29 10:45:52 --> Session: Class initialized using 'CodeIgniter\Session\Handlers\FileHandler' driver.
INFO - 2023-06-29 10:45:52 --> Session: Class initialized using 'CodeIgniter\Session\Handlers\FileHandler' driver.
INFO - 2023-06-29 10:45:55 --> Session: Class initialized using 'CodeIgniter\Session\Handlers\FileHandler' driver.
WARNING - 2023-06-29 10:45:55 --> [DEPRECATED] Creation of dynamic property App\Controllers\ProfileController::$validation is deprecated in APPPATH\Controllers\ProfileController.php on line 14.
 1 SYSTEMPATH\CodeIgniter.php(906): App\Controllers\ProfileController->__construct()
 2 SYSTEMPATH\CodeIgniter.php(490): CodeIgniter\CodeIgniter->createController()
 3 SYSTEMPATH\CodeIgniter.php(368): CodeIgniter\CodeIgniter->handleRequest(null, Object(Config\Cache), false)
 4 FCPATH\index.php(67): CodeIgniter\CodeIgniter->run()
WARNING - 2023-06-29 10:45:55 --> [DEPRECATED] Creation of dynamic property App\Controllers\ProfileController::$user is deprecated in APPPATH\Controllers\ProfileController.php on line 16.
 1 SYSTEMPATH\CodeIgniter.php(906): App\Controllers\ProfileController->__construct()
 2 SYSTEMPATH\CodeIgniter.php(490): CodeIgniter\CodeIgniter->createController()
 3 SYSTEMPATH\CodeIgniter.php(368): CodeIgniter\CodeIgniter->handleRequest(null, Object(Config\Cache), false)
 4 FCPATH\index.php(67): CodeIgniter\CodeIgniter->run()
INFO - 2023-06-29 10:45:57 --> Session: Class initialized using 'CodeIgniter\Session\Handlers\FileHandler' driver.
WARNING - 2023-06-29 10:45:57 --> [DEPRECATED] Creation of dynamic property App\Controllers\ProfileController::$validation is deprecated in APPPATH\Controllers\ProfileController.php on line 14.
 1 SYSTEMPATH\CodeIgniter.php(906): App\Controllers\ProfileController->__construct()
 2 SYSTEMPATH\CodeIgniter.php(490): CodeIgniter\CodeIgniter->createController()
 3 SYSTEMPATH\CodeIgniter.php(368): CodeIgniter\CodeIgniter->handleRequest(null, Object(Config\Cache), false)
 4 FCPATH\index.php(67): CodeIgniter\CodeIgniter->run()
WARNING - 2023-06-29 10:45:57 --> [DEPRECATED] Creation of dynamic property App\Controllers\ProfileController::$user is deprecated in APPPATH\Controllers\ProfileController.php on line 16.
 1 SYSTEMPATH\CodeIgniter.php(906): App\Controllers\ProfileController->__construct()
 2 SYSTEMPATH\CodeIgniter.php(490): CodeIgniter\CodeIgniter->createController()
 3 SYSTEMPATH\CodeIgniter.php(368): CodeIgniter\CodeIgniter->handleRequest(null, Object(Config\Cache), false)
 4 FCPATH\index.php(67): CodeIgniter\CodeIgniter->run()
INFO - 2023-06-29 10:45:57 --> Session: Class initialized using 'CodeIgniter\Session\Handlers\FileHandler' driver.
WARNING - 2023-06-29 10:45:57 --> [DEPRECATED] Creation of dynamic property App\Controllers\ProfileController::$validation is deprecated in APPPATH\Controllers\ProfileController.php on line 14.
 1 SYSTEMPATH\CodeIgniter.php(906): App\Controllers\ProfileController->__construct()
 2 SYSTEMPATH\CodeIgniter.php(490): CodeIgniter\CodeIgniter->createController()
 3 SYSTEMPATH\CodeIgniter.php(368): CodeIgniter\CodeIgniter->handleRequest(null, Object(Config\Cache), false)
 4 FCPATH\index.php(67): CodeIgniter\CodeIgniter->run()
WARNING - 2023-06-29 10:45:57 --> [DEPRECATED] Creation of dynamic property App\Controllers\ProfileController::$user is deprecated in APPPATH\Controllers\ProfileController.php on line 16.
 1 SYSTEMPATH\CodeIgniter.php(906): App\Controllers\ProfileController->__construct()
 2 SYSTEMPATH\CodeIgniter.php(490): CodeIgniter\CodeIgniter->createController()
 3 SYSTEMPATH\CodeIgniter.php(368): CodeIgniter\CodeIgniter->handleRequest(null, Object(Config\Cache), false)
 4 FCPATH\index.php(67): CodeIgniter\CodeIgniter->run()
INFO - 2023-06-29 10:45:57 --> Session: Class initialized using 'CodeIgniter\Session\Handlers\FileHandler' driver.
WARNING - 2023-06-29 10:45:57 --> [DEPRECATED] Creation of dynamic property App\Controllers\ProfileController::$validation is deprecated in APPPATH\Controllers\ProfileController.php on line 14.
 1 SYSTEMPATH\CodeIgniter.php(906): App\Controllers\ProfileController->__construct()
 2 SYSTEMPATH\CodeIgniter.php(490): CodeIgniter\CodeIgniter->createController()
 3 SYSTEMPATH\CodeIgniter.php(368): CodeIgniter\CodeIgniter->handleRequest(null, Object(Config\Cache), false)
 4 FCPATH\index.php(67): CodeIgniter\CodeIgniter->run()
WARNING - 2023-06-29 10:45:57 --> [DEPRECATED] Creation of dynamic property App\Controllers\ProfileController::$user is deprecated in APPPATH\Controllers\ProfileController.php on line 16.
 1 SYSTEMPATH\CodeIgniter.php(906): App\Controllers\ProfileController->__construct()
 2 SYSTEMPATH\CodeIgniter.php(490): CodeIgniter\CodeIgniter->createController()
 3 SYSTEMPATH\CodeIgniter.php(368): CodeIgniter\CodeIgniter->handleRequest(null, Object(Config\Cache), false)
 4 FCPATH\index.php(67): CodeIgniter\CodeIgniter->run()
INFO - 2023-06-29 10:45:58 --> Session: Class initialized using 'CodeIgniter\Session\Handlers\FileHandler' driver.
WARNING - 2023-06-29 10:45:58 --> [DEPRECATED] Creation of dynamic property App\Controllers\ProfileController::$validation is deprecated in APPPATH\Controllers\ProfileController.php on line 14.
 1 SYSTEMPATH\CodeIgniter.php(906): App\Controllers\ProfileController->__construct()
 2 SYSTEMPATH\CodeIgniter.php(490): CodeIgniter\CodeIgniter->createController()
 3 SYSTEMPATH\CodeIgniter.php(368): CodeIgniter\CodeIgniter->handleRequest(null, Object(Config\Cache), false)
 4 FCPATH\index.php(67): CodeIgniter\CodeIgniter->run()
WARNING - 2023-06-29 10:45:58 --> [DEPRECATED] Creation of dynamic property App\Controllers\ProfileController::$user is deprecated in APPPATH\Controllers\ProfileController.php on line 16.
 1 SYSTEMPATH\CodeIgniter.php(906): App\Controllers\ProfileController->__construct()
 2 SYSTEMPATH\CodeIgniter.php(490): CodeIgniter\CodeIgniter->createController()
 3 SYSTEMPATH\CodeIgniter.php(368): CodeIgniter\CodeIgniter->handleRequest(null, Object(Config\Cache), false)
 4 FCPATH\index.php(67): CodeIgniter\CodeIgniter->run()
INFO - 2023-06-29 10:45:58 --> Session: Class initialized using 'CodeIgniter\Session\Handlers\FileHandler' driver.
WARNING - 2023-06-29 10:45:58 --> [DEPRECATED] Creation of dynamic property App\Controllers\ProfileController::$validation is deprecated in APPPATH\Controllers\ProfileController.php on line 14.
 1 SYSTEMPATH\CodeIgniter.php(906): App\Controllers\ProfileController->__construct()
 2 SYSTEMPATH\CodeIgniter.php(490): CodeIgniter\CodeIgniter->createController()
 3 SYSTEMPATH\CodeIgniter.php(368): CodeIgniter\CodeIgniter->handleRequest(null, Object(Config\Cache), false)
 4 FCPATH\index.php(67): CodeIgniter\CodeIgniter->run()
WARNING - 2023-06-29 10:45:58 --> [DEPRECATED] Creation of dynamic property App\Controllers\ProfileController::$user is deprecated in APPPATH\Controllers\ProfileController.php on line 16.
 1 SYSTEMPATH\CodeIgniter.php(906): App\Controllers\ProfileController->__construct()
 2 SYSTEMPATH\CodeIgniter.php(490): CodeIgniter\CodeIgniter->createController()
 3 SYSTEMPATH\CodeIgniter.php(368): CodeIgniter\CodeIgniter->handleRequest(null, Object(Config\Cache), false)
 4 FCPATH\index.php(67): CodeIgniter\CodeIgniter->run()
INFO - 2023-06-29 10:47:19 --> Session: Class initialized using 'CodeIgniter\Session\Handlers\FileHandler' driver.
WARNING - 2023-06-29 10:47:19 --> [DEPRECATED] Creation of dynamic property App\Controllers\ProfileController::$validation is deprecated in APPPATH\Controllers\ProfileController.php on line 14.
 1 SYSTEMPATH\CodeIgniter.php(906): App\Controllers\ProfileController->__construct()
 2 SYSTEMPATH\CodeIgniter.php(490): CodeIgniter\CodeIgniter->createController()
 3 SYSTEMPATH\CodeIgniter.php(368): CodeIgniter\CodeIgniter->handleRequest(null, Object(Config\Cache), false)
 4 FCPATH\index.php(67): CodeIgniter\CodeIgniter->run()
WARNING - 2023-06-29 10:47:19 --> [DEPRECATED] Creation of dynamic property App\Controllers\ProfileController::$user is deprecated in APPPATH\Controllers\ProfileController.php on line 16.
 1 SYSTEMPATH\CodeIgniter.php(906): App\Controllers\ProfileController->__construct()
 2 SYSTEMPATH\CodeIgniter.php(490): CodeIgniter\CodeIgniter->createController()
 3 SYSTEMPATH\CodeIgniter.php(368): CodeIgniter\CodeIgniter->handleRequest(null, Object(Config\Cache), false)
 4 FCPATH\index.php(67): CodeIgniter\CodeIgniter->run()
INFO - 2023-06-29 10:47:19 --> Session: Class initialized using 'CodeIgniter\Session\Handlers\FileHandler' driver.
WARNING - 2023-06-29 10:47:19 --> [DEPRECATED] Creation of dynamic property App\Controllers\ProfileController::$validation is deprecated in APPPATH\Controllers\ProfileController.php on line 14.
 1 SYSTEMPATH\CodeIgniter.php(906): App\Controllers\ProfileController->__construct()
 2 SYSTEMPATH\CodeIgniter.php(490): CodeIgniter\CodeIgniter->createController()
 3 SYSTEMPATH\CodeIgniter.php(368): CodeIgniter\CodeIgniter->handleRequest(null, Object(Config\Cache), false)
 4 FCPATH\index.php(67): CodeIgniter\CodeIgniter->run()
WARNING - 2023-06-29 10:47:19 --> [DEPRECATED] Creation of dynamic property App\Controllers\ProfileController::$user is deprecated in APPPATH\Controllers\ProfileController.php on line 16.
 1 SYSTEMPATH\CodeIgniter.php(906): App\Controllers\ProfileController->__construct()
 2 SYSTEMPATH\CodeIgniter.php(490): CodeIgniter\CodeIgniter->createController()
 3 SYSTEMPATH\CodeIgniter.php(368): CodeIgniter\CodeIgniter->handleRequest(null, Object(Config\Cache), false)
 4 FCPATH\index.php(67): CodeIgniter\CodeIgniter->run()
INFO - 2023-06-29 10:47:19 --> Session: Class initialized using 'CodeIgniter\Session\Handlers\FileHandler' driver.
WARNING - 2023-06-29 10:47:19 --> [DEPRECATED] Creation of dynamic property App\Controllers\ProfileController::$validation is deprecated in APPPATH\Controllers\ProfileController.php on line 14.
 1 SYSTEMPATH\CodeIgniter.php(906): App\Controllers\ProfileController->__construct()
 2 SYSTEMPATH\CodeIgniter.php(490): CodeIgniter\CodeIgniter->createController()
 3 SYSTEMPATH\CodeIgniter.php(368): CodeIgniter\CodeIgniter->handleRequest(null, Object(Config\Cache), false)
 4 FCPATH\index.php(67): CodeIgniter\CodeIgniter->run()
WARNING - 2023-06-29 10:47:19 --> [DEPRECATED] Creation of dynamic property App\Controllers\ProfileController::$user is deprecated in APPPATH\Controllers\ProfileController.php on line 16.
 1 SYSTEMPATH\CodeIgniter.php(906): App\Controllers\ProfileController->__construct()
 2 SYSTEMPATH\CodeIgniter.php(490): CodeIgniter\CodeIgniter->createController()
 3 SYSTEMPATH\CodeIgniter.php(368): CodeIgniter\CodeIgniter->handleRequest(null, Object(Config\Cache), false)
 4 FCPATH\index.php(67): CodeIgniter\CodeIgniter->run()
INFO - 2023-06-29 10:47:19 --> Session: Class initialized using 'CodeIgniter\Session\Handlers\FileHandler' driver.
WARNING - 2023-06-29 10:47:19 --> [DEPRECATED] Creation of dynamic property App\Controllers\ProfileController::$validation is deprecated in APPPATH\Controllers\ProfileController.php on line 14.
 1 SYSTEMPATH\CodeIgniter.php(906): App\Controllers\ProfileController->__construct()
 2 SYSTEMPATH\CodeIgniter.php(490): CodeIgniter\CodeIgniter->createController()
 3 SYSTEMPATH\CodeIgniter.php(368): CodeIgniter\CodeIgniter->handleRequest(null, Object(Config\Cache), false)
 4 FCPATH\index.php(67): CodeIgniter\CodeIgniter->run()
WARNING - 2023-06-29 10:47:19 --> [DEPRECATED] Creation of dynamic property App\Controllers\ProfileController::$user is deprecated in APPPATH\Controllers\ProfileController.php on line 16.
 1 SYSTEMPATH\CodeIgniter.php(906): App\Controllers\ProfileController->__construct()
 2 SYSTEMPATH\CodeIgniter.php(490): CodeIgniter\CodeIgniter->createController()
 3 SYSTEMPATH\CodeIgniter.php(368): CodeIgniter\CodeIgniter->handleRequest(null, Object(Config\Cache), false)
 4 FCPATH\index.php(67): CodeIgniter\CodeIgniter->run()
INFO - 2023-06-29 10:47:20 --> Session: Class initialized using 'CodeIgniter\Session\Handlers\FileHandler' driver.
WARNING - 2023-06-29 10:47:20 --> [DEPRECATED] Creation of dynamic property App\Controllers\ProfileController::$validation is deprecated in APPPATH\Controllers\ProfileController.php on line 14.
 1 SYSTEMPATH\CodeIgniter.php(906): App\Controllers\ProfileController->__construct()
 2 SYSTEMPATH\CodeIgniter.php(490): CodeIgniter\CodeIgniter->createController()
 3 SYSTEMPATH\CodeIgniter.php(368): CodeIgniter\CodeIgniter->handleRequest(null, Object(Config\Cache), false)
 4 FCPATH\index.php(67): CodeIgniter\CodeIgniter->run()
WARNING - 2023-06-29 10:47:20 --> [DEPRECATED] Creation of dynamic property App\Controllers\ProfileController::$user is deprecated in APPPATH\Controllers\ProfileController.php on line 16.
 1 SYSTEMPATH\CodeIgniter.php(906): App\Controllers\ProfileController->__construct()
 2 SYSTEMPATH\CodeIgniter.php(490): CodeIgniter\CodeIgniter->createController()
 3 SYSTEMPATH\CodeIgniter.php(368): CodeIgniter\CodeIgniter->handleRequest(null, Object(Config\Cache), false)
 4 FCPATH\index.php(67): CodeIgniter\CodeIgniter->run()
INFO - 2023-06-29 10:47:44 --> Session: Class initialized using 'CodeIgniter\Session\Handlers\FileHandler' driver.
WARNING - 2023-06-29 10:47:44 --> [DEPRECATED] Creation of dynamic property App\Controllers\ProfileController::$validation is deprecated in APPPATH\Controllers\ProfileController.php on line 14.
 1 SYSTEMPATH\CodeIgniter.php(906): App\Controllers\ProfileController->__construct()
 2 SYSTEMPATH\CodeIgniter.php(490): CodeIgniter\CodeIgniter->createController()
 3 SYSTEMPATH\CodeIgniter.php(368): CodeIgniter\CodeIgniter->handleRequest(null, Object(Config\Cache), false)
 4 FCPATH\index.php(67): CodeIgniter\CodeIgniter->run()
WARNING - 2023-06-29 10:47:44 --> [DEPRECATED] Creation of dynamic property App\Controllers\ProfileController::$user is deprecated in APPPATH\Controllers\ProfileController.php on line 16.
 1 SYSTEMPATH\CodeIgniter.php(906): App\Controllers\ProfileController->__construct()
 2 SYSTEMPATH\CodeIgniter.php(490): CodeIgniter\CodeIgniter->createController()
 3 SYSTEMPATH\CodeIgniter.php(368): CodeIgniter\CodeIgniter->handleRequest(null, Object(Config\Cache), false)
 4 FCPATH\index.php(67): CodeIgniter\CodeIgniter->run()
INFO - 2023-06-29 10:47:45 --> Session: Class initialized using 'CodeIgniter\Session\Handlers\FileHandler' driver.
WARNING - 2023-06-29 10:47:45 --> [DEPRECATED] Creation of dynamic property App\Controllers\ProfileController::$validation is deprecated in APPPATH\Controllers\ProfileController.php on line 14.
 1 SYSTEMPATH\CodeIgniter.php(906): App\Controllers\ProfileController->__construct()
 2 SYSTEMPATH\CodeIgniter.php(490): CodeIgniter\CodeIgniter->createController()
 3 SYSTEMPATH\CodeIgniter.php(368): CodeIgniter\CodeIgniter->handleRequest(null, Object(Config\Cache), false)
 4 FCPATH\index.php(67): CodeIgniter\CodeIgniter->run()
WARNING - 2023-06-29 10:47:45 --> [DEPRECATED] Creation of dynamic property App\Controllers\ProfileController::$user is deprecated in APPPATH\Controllers\ProfileController.php on line 16.
 1 SYSTEMPATH\CodeIgniter.php(906): App\Controllers\ProfileController->__construct()
 2 SYSTEMPATH\CodeIgniter.php(490): CodeIgniter\CodeIgniter->createController()
 3 SYSTEMPATH\CodeIgniter.php(368): CodeIgniter\CodeIgniter->handleRequest(null, Object(Config\Cache), false)
 4 FCPATH\index.php(67): CodeIgniter\CodeIgniter->run()
INFO - 2023-06-29 10:47:45 --> Session: Class initialized using 'CodeIgniter\Session\Handlers\FileHandler' driver.
WARNING - 2023-06-29 10:47:45 --> [DEPRECATED] Creation of dynamic property App\Controllers\ProfileController::$validation is deprecated in APPPATH\Controllers\ProfileController.php on line 14.
 1 SYSTEMPATH\CodeIgniter.php(906): App\Controllers\ProfileController->__construct()
 2 SYSTEMPATH\CodeIgniter.php(490): CodeIgniter\CodeIgniter->createController()
 3 SYSTEMPATH\CodeIgniter.php(368): CodeIgniter\CodeIgniter->handleRequest(null, Object(Config\Cache), false)
 4 FCPATH\index.php(67): CodeIgniter\CodeIgniter->run()
WARNING - 2023-06-29 10:47:45 --> [DEPRECATED] Creation of dynamic property App\Controllers\ProfileController::$user is deprecated in APPPATH\Controllers\ProfileController.php on line 16.
 1 SYSTEMPATH\CodeIgniter.php(906): App\Controllers\ProfileController->__construct()
 2 SYSTEMPATH\CodeIgniter.php(490): CodeIgniter\CodeIgniter->createController()
 3 SYSTEMPATH\CodeIgniter.php(368): CodeIgniter\CodeIgniter->handleRequest(null, Object(Config\Cache), false)
 4 FCPATH\index.php(67): CodeIgniter\CodeIgniter->run()
INFO - 2023-06-29 10:47:45 --> Session: Class initialized using 'CodeIgniter\Session\Handlers\FileHandler' driver.
WARNING - 2023-06-29 10:47:45 --> [DEPRECATED] Creation of dynamic property App\Controllers\ProfileController::$validation is deprecated in APPPATH\Controllers\ProfileController.php on line 14.
 1 SYSTEMPATH\CodeIgniter.php(906): App\Controllers\ProfileController->__construct()
 2 SYSTEMPATH\CodeIgniter.php(490): CodeIgniter\CodeIgniter->createController()
 3 SYSTEMPATH\CodeIgniter.php(368): CodeIgniter\CodeIgniter->handleRequest(null, Object(Config\Cache), false)
 4 FCPATH\index.php(67): CodeIgniter\CodeIgniter->run()
WARNING - 2023-06-29 10:47:45 --> [DEPRECATED] Creation of dynamic property App\Controllers\ProfileController::$user is deprecated in APPPATH\Controllers\ProfileController.php on line 16.
 1 SYSTEMPATH\CodeIgniter.php(906): App\Controllers\ProfileController->__construct()
 2 SYSTEMPATH\CodeIgniter.php(490): CodeIgniter\CodeIgniter->createController()
 3 SYSTEMPATH\CodeIgniter.php(368): CodeIgniter\CodeIgniter->handleRequest(null, Object(Config\Cache), false)
 4 FCPATH\index.php(67): CodeIgniter\CodeIgniter->run()
INFO - 2023-06-29 10:47:45 --> Session: Class initialized using 'CodeIgniter\Session\Handlers\FileHandler' driver.
WARNING - 2023-06-29 10:47:45 --> [DEPRECATED] Creation of dynamic property App\Controllers\ProfileController::$validation is deprecated in APPPATH\Controllers\ProfileController.php on line 14.
 1 SYSTEMPATH\CodeIgniter.php(906): App\Controllers\ProfileController->__construct()
 2 SYSTEMPATH\CodeIgniter.php(490): CodeIgniter\CodeIgniter->createController()
 3 SYSTEMPATH\CodeIgniter.php(368): CodeIgniter\CodeIgniter->handleRequest(null, Object(Config\Cache), false)
 4 FCPATH\index.php(67): CodeIgniter\CodeIgniter->run()
WARNING - 2023-06-29 10:47:45 --> [DEPRECATED] Creation of dynamic property App\Controllers\ProfileController::$user is deprecated in APPPATH\Controllers\ProfileController.php on line 16.
 1 SYSTEMPATH\CodeIgniter.php(906): App\Controllers\ProfileController->__construct()
 2 SYSTEMPATH\CodeIgniter.php(490): CodeIgniter\CodeIgniter->createController()
 3 SYSTEMPATH\CodeIgniter.php(368): CodeIgniter\CodeIgniter->handleRequest(null, Object(Config\Cache), false)
 4 FCPATH\index.php(67): CodeIgniter\CodeIgniter->run()
INFO - 2023-06-29 10:48:30 --> Session: Class initialized using 'CodeIgniter\Session\Handlers\FileHandler' driver.
WARNING - 2023-06-29 10:48:30 --> [DEPRECATED] Creation of dynamic property App\Controllers\ProfileController::$validation is deprecated in APPPATH\Controllers\ProfileController.php on line 14.
 1 SYSTEMPATH\CodeIgniter.php(906): App\Controllers\ProfileController->__construct()
 2 SYSTEMPATH\CodeIgniter.php(490): CodeIgniter\CodeIgniter->createController()
 3 SYSTEMPATH\CodeIgniter.php(368): CodeIgniter\CodeIgniter->handleRequest(null, Object(Config\Cache), false)
 4 FCPATH\index.php(67): CodeIgniter\CodeIgniter->run()
WARNING - 2023-06-29 10:48:30 --> [DEPRECATED] Creation of dynamic property App\Controllers\ProfileController::$user is deprecated in APPPATH\Controllers\ProfileController.php on line 16.
 1 SYSTEMPATH\CodeIgniter.php(906): App\Controllers\ProfileController->__construct()
 2 SYSTEMPATH\CodeIgniter.php(490): CodeIgniter\CodeIgniter->createController()
 3 SYSTEMPATH\CodeIgniter.php(368): CodeIgniter\CodeIgniter->handleRequest(null, Object(Config\Cache), false)
 4 FCPATH\index.php(67): CodeIgniter\CodeIgniter->run()
INFO - 2023-06-29 10:48:31 --> Session: Class initialized using 'CodeIgniter\Session\Handlers\FileHandler' driver.
WARNING - 2023-06-29 10:48:31 --> [DEPRECATED] Creation of dynamic property App\Controllers\ProfileController::$validation is deprecated in APPPATH\Controllers\ProfileController.php on line 14.
 1 SYSTEMPATH\CodeIgniter.php(906): App\Controllers\ProfileController->__construct()
 2 SYSTEMPATH\CodeIgniter.php(490): CodeIgniter\CodeIgniter->createController()
 3 SYSTEMPATH\CodeIgniter.php(368): CodeIgniter\CodeIgniter->handleRequest(null, Object(Config\Cache), false)
 4 FCPATH\index.php(67): CodeIgniter\CodeIgniter->run()
WARNING - 2023-06-29 10:48:31 --> [DEPRECATED] Creation of dynamic property App\Controllers\ProfileController::$user is deprecated in APPPATH\Controllers\ProfileController.php on line 16.
 1 SYSTEMPATH\CodeIgniter.php(906): App\Controllers\ProfileController->__construct()
 2 SYSTEMPATH\CodeIgniter.php(490): CodeIgniter\CodeIgniter->createController()
 3 SYSTEMPATH\CodeIgniter.php(368): CodeIgniter\CodeIgniter->handleRequest(null, Object(Config\Cache), false)
 4 FCPATH\index.php(67): CodeIgniter\CodeIgniter->run()
INFO - 2023-06-29 10:48:31 --> Session: Class initialized using 'CodeIgniter\Session\Handlers\FileHandler' driver.
WARNING - 2023-06-29 10:48:31 --> [DEPRECATED] Creation of dynamic property App\Controllers\ProfileController::$validation is deprecated in APPPATH\Controllers\ProfileController.php on line 14.
 1 SYSTEMPATH\CodeIgniter.php(906): App\Controllers\ProfileController->__construct()
 2 SYSTEMPATH\CodeIgniter.php(490): CodeIgniter\CodeIgniter->createController()
 3 SYSTEMPATH\CodeIgniter.php(368): CodeIgniter\CodeIgniter->handleRequest(null, Object(Config\Cache), false)
 4 FCPATH\index.php(67): CodeIgniter\CodeIgniter->run()
WARNING - 2023-06-29 10:48:31 --> [DEPRECATED] Creation of dynamic property App\Controllers\ProfileController::$user is deprecated in APPPATH\Controllers\ProfileController.php on line 16.
 1 SYSTEMPATH\CodeIgniter.php(906): App\Controllers\ProfileController->__construct()
 2 SYSTEMPATH\CodeIgniter.php(490): CodeIgniter\CodeIgniter->createController()
 3 SYSTEMPATH\CodeIgniter.php(368): CodeIgniter\CodeIgniter->handleRequest(null, Object(Config\Cache), false)
 4 FCPATH\index.php(67): CodeIgniter\CodeIgniter->run()
INFO - 2023-06-29 10:48:31 --> Session: Class initialized using 'CodeIgniter\Session\Handlers\FileHandler' driver.
WARNING - 2023-06-29 10:48:31 --> [DEPRECATED] Creation of dynamic property App\Controllers\ProfileController::$validation is deprecated in APPPATH\Controllers\ProfileController.php on line 14.
 1 SYSTEMPATH\CodeIgniter.php(906): App\Controllers\ProfileController->__construct()
 2 SYSTEMPATH\CodeIgniter.php(490): CodeIgniter\CodeIgniter->createController()
 3 SYSTEMPATH\CodeIgniter.php(368): CodeIgniter\CodeIgniter->handleRequest(null, Object(Config\Cache), false)
 4 FCPATH\index.php(67): CodeIgniter\CodeIgniter->run()
WARNING - 2023-06-29 10:48:31 --> [DEPRECATED] Creation of dynamic property App\Controllers\ProfileController::$user is deprecated in APPPATH\Controllers\ProfileController.php on line 16.
 1 SYSTEMPATH\CodeIgniter.php(906): App\Controllers\ProfileController->__construct()
 2 SYSTEMPATH\CodeIgniter.php(490): CodeIgniter\CodeIgniter->createController()
 3 SYSTEMPATH\CodeIgniter.php(368): CodeIgniter\CodeIgniter->handleRequest(null, Object(Config\Cache), false)
 4 FCPATH\index.php(67): CodeIgniter\CodeIgniter->run()
INFO - 2023-06-29 10:48:31 --> Session: Class initialized using 'CodeIgniter\Session\Handlers\FileHandler' driver.
WARNING - 2023-06-29 10:48:31 --> [DEPRECATED] Creation of dynamic property App\Controllers\ProfileController::$validation is deprecated in APPPATH\Controllers\ProfileController.php on line 14.
 1 SYSTEMPATH\CodeIgniter.php(906): App\Controllers\ProfileController->__construct()
 2 SYSTEMPATH\CodeIgniter.php(490): CodeIgniter\CodeIgniter->createController()
 3 SYSTEMPATH\CodeIgniter.php(368): CodeIgniter\CodeIgniter->handleRequest(null, Object(Config\Cache), false)
 4 FCPATH\index.php(67): CodeIgniter\CodeIgniter->run()
WARNING - 2023-06-29 10:48:31 --> [DEPRECATED] Creation of dynamic property App\Controllers\ProfileController::$user is deprecated in APPPATH\Controllers\ProfileController.php on line 16.
 1 SYSTEMPATH\CodeIgniter.php(906): App\Controllers\ProfileController->__construct()
 2 SYSTEMPATH\CodeIgniter.php(490): CodeIgniter\CodeIgniter->createController()
 3 SYSTEMPATH\CodeIgniter.php(368): CodeIgniter\CodeIgniter->handleRequest(null, Object(Config\Cache), false)
 4 FCPATH\index.php(67): CodeIgniter\CodeIgniter->run()
INFO - 2023-06-29 10:48:37 --> Session: Class initialized using 'CodeIgniter\Session\Handlers\FileHandler' driver.
INFO - 2023-06-29 10:48:37 --> Session: Class initialized using 'CodeIgniter\Session\Handlers\FileHandler' driver.
INFO - 2023-06-29 10:48:40 --> Session: Class initialized using 'CodeIgniter\Session\Handlers\FileHandler' driver.
INFO - 2023-06-29 10:48:40 --> Session: Class initialized using 'CodeIgniter\Session\Handlers\FileHandler' driver.
INFO - 2023-06-29 10:48:43 --> Session: Class initialized using 'CodeIgniter\Session\Handlers\FileHandler' driver.
WARNING - 2023-06-29 10:48:43 --> [DEPRECATED] Creation of dynamic property App\Controllers\ProfileController::$validation is deprecated in APPPATH\Controllers\ProfileController.php on line 14.
 1 SYSTEMPATH\CodeIgniter.php(906): App\Controllers\ProfileController->__construct()
 2 SYSTEMPATH\CodeIgniter.php(490): CodeIgniter\CodeIgniter->createController()
 3 SYSTEMPATH\CodeIgniter.php(368): CodeIgniter\CodeIgniter->handleRequest(null, Object(Config\Cache), false)
 4 FCPATH\index.php(67): CodeIgniter\CodeIgniter->run()
WARNING - 2023-06-29 10:48:43 --> [DEPRECATED] Creation of dynamic property App\Controllers\ProfileController::$user is deprecated in APPPATH\Controllers\ProfileController.php on line 16.
 1 SYSTEMPATH\CodeIgniter.php(906): App\Controllers\ProfileController->__construct()
 2 SYSTEMPATH\CodeIgniter.php(490): CodeIgniter\CodeIgniter->createController()
 3 SYSTEMPATH\CodeIgniter.php(368): CodeIgniter\CodeIgniter->handleRequest(null, Object(Config\Cache), false)
 4 FCPATH\index.php(67): CodeIgniter\CodeIgniter->run()
INFO - 2023-06-29 10:48:43 --> Session: Class initialized using 'CodeIgniter\Session\Handlers\FileHandler' driver.
WARNING - 2023-06-29 10:48:43 --> [DEPRECATED] Creation of dynamic property App\Controllers\ProfileController::$validation is deprecated in APPPATH\Controllers\ProfileController.php on line 14.
 1 SYSTEMPATH\CodeIgniter.php(906): App\Controllers\ProfileController->__construct()
 2 SYSTEMPATH\CodeIgniter.php(490): CodeIgniter\CodeIgniter->createController()
 3 SYSTEMPATH\CodeIgniter.php(368): CodeIgniter\CodeIgniter->handleRequest(null, Object(Config\Cache), false)
 4 FCPATH\index.php(67): CodeIgniter\CodeIgniter->run()
WARNING - 2023-06-29 10:48:43 --> [DEPRECATED] Creation of dynamic property App\Controllers\ProfileController::$user is deprecated in APPPATH\Controllers\ProfileController.php on line 16.
 1 SYSTEMPATH\CodeIgniter.php(906): App\Controllers\ProfileController->__construct()
 2 SYSTEMPATH\CodeIgniter.php(490): CodeIgniter\CodeIgniter->createController()
 3 SYSTEMPATH\CodeIgniter.php(368): CodeIgniter\CodeIgniter->handleRequest(null, Object(Config\Cache), false)
 4 FCPATH\index.php(67): CodeIgniter\CodeIgniter->run()
INFO - 2023-06-29 10:48:43 --> Session: Class initialized using 'CodeIgniter\Session\Handlers\FileHandler' driver.
WARNING - 2023-06-29 10:48:43 --> [DEPRECATED] Creation of dynamic property App\Controllers\ProfileController::$validation is deprecated in APPPATH\Controllers\ProfileController.php on line 14.
 1 SYSTEMPATH\CodeIgniter.php(906): App\Controllers\ProfileController->__construct()
 2 SYSTEMPATH\CodeIgniter.php(490): CodeIgniter\CodeIgniter->createController()
 3 SYSTEMPATH\CodeIgniter.php(368): CodeIgniter\CodeIgniter->handleRequest(null, Object(Config\Cache), false)
 4 FCPATH\index.php(67): CodeIgniter\CodeIgniter->run()
WARNING - 2023-06-29 10:48:43 --> [DEPRECATED] Creation of dynamic property App\Controllers\ProfileController::$user is deprecated in APPPATH\Controllers\ProfileController.php on line 16.
 1 SYSTEMPATH\CodeIgniter.php(906): App\Controllers\ProfileController->__construct()
 2 SYSTEMPATH\CodeIgniter.php(490): CodeIgniter\CodeIgniter->createController()
 3 SYSTEMPATH\CodeIgniter.php(368): CodeIgniter\CodeIgniter->handleRequest(null, Object(Config\Cache), false)
 4 FCPATH\index.php(67): CodeIgniter\CodeIgniter->run()
INFO - 2023-06-29 10:48:43 --> Session: Class initialized using 'CodeIgniter\Session\Handlers\FileHandler' driver.
WARNING - 2023-06-29 10:48:43 --> [DEPRECATED] Creation of dynamic property App\Controllers\ProfileController::$validation is deprecated in APPPATH\Controllers\ProfileController.php on line 14.
 1 SYSTEMPATH\CodeIgniter.php(906): App\Controllers\ProfileController->__construct()
 2 SYSTEMPATH\CodeIgniter.php(490): CodeIgniter\CodeIgniter->createController()
 3 SYSTEMPATH\CodeIgniter.php(368): CodeIgniter\CodeIgniter->handleRequest(null, Object(Config\Cache), false)
 4 FCPATH\index.php(67): CodeIgniter\CodeIgniter->run()
WARNING - 2023-06-29 10:48:43 --> [DEPRECATED] Creation of dynamic property App\Controllers\ProfileController::$user is deprecated in APPPATH\Controllers\ProfileController.php on line 16.
 1 SYSTEMPATH\CodeIgniter.php(906): App\Controllers\ProfileController->__construct()
 2 SYSTEMPATH\CodeIgniter.php(490): CodeIgniter\CodeIgniter->createController()
 3 SYSTEMPATH\CodeIgniter.php(368): CodeIgniter\CodeIgniter->handleRequest(null, Object(Config\Cache), false)
 4 FCPATH\index.php(67): CodeIgniter\CodeIgniter->run()
INFO - 2023-06-29 10:48:43 --> Session: Class initialized using 'CodeIgniter\Session\Handlers\FileHandler' driver.
WARNING - 2023-06-29 10:48:43 --> [DEPRECATED] Creation of dynamic property App\Controllers\ProfileController::$validation is deprecated in APPPATH\Controllers\ProfileController.php on line 14.
 1 SYSTEMPATH\CodeIgniter.php(906): App\Controllers\ProfileController->__construct()
 2 SYSTEMPATH\CodeIgniter.php(490): CodeIgniter\CodeIgniter->createController()
 3 SYSTEMPATH\CodeIgniter.php(368): CodeIgniter\CodeIgniter->handleRequest(null, Object(Config\Cache), false)
 4 FCPATH\index.php(67): CodeIgniter\CodeIgniter->run()
WARNING - 2023-06-29 10:48:43 --> [DEPRECATED] Creation of dynamic property App\Controllers\ProfileController::$user is deprecated in APPPATH\Controllers\ProfileController.php on line 16.
 1 SYSTEMPATH\CodeIgniter.php(906): App\Controllers\ProfileController->__construct()
 2 SYSTEMPATH\CodeIgniter.php(490): CodeIgniter\CodeIgniter->createController()
 3 SYSTEMPATH\CodeIgniter.php(368): CodeIgniter\CodeIgniter->handleRequest(null, Object(Config\Cache), false)
 4 FCPATH\index.php(67): CodeIgniter\CodeIgniter->run()
INFO - 2023-06-29 10:51:08 --> Session: Class initialized using 'CodeIgniter\Session\Handlers\FileHandler' driver.
WARNING - 2023-06-29 10:51:08 --> [DEPRECATED] Creation of dynamic property App\Controllers\ProfileController::$validation is deprecated in APPPATH\Controllers\ProfileController.php on line 14.
 1 SYSTEMPATH\CodeIgniter.php(906): App\Controllers\ProfileController->__construct()
 2 SYSTEMPATH\CodeIgniter.php(490): CodeIgniter\CodeIgniter->createController()
 3 SYSTEMPATH\CodeIgniter.php(368): CodeIgniter\CodeIgniter->handleRequest(null, Object(Config\Cache), false)
 4 FCPATH\index.php(67): CodeIgniter\CodeIgniter->run()
WARNING - 2023-06-29 10:51:08 --> [DEPRECATED] Creation of dynamic property App\Controllers\ProfileController::$user is deprecated in APPPATH\Controllers\ProfileController.php on line 16.
 1 SYSTEMPATH\CodeIgniter.php(906): App\Controllers\ProfileController->__construct()
 2 SYSTEMPATH\CodeIgniter.php(490): CodeIgniter\CodeIgniter->createController()
 3 SYSTEMPATH\CodeIgniter.php(368): CodeIgniter\CodeIgniter->handleRequest(null, Object(Config\Cache), false)
 4 FCPATH\index.php(67): CodeIgniter\CodeIgniter->run()
INFO - 2023-06-29 10:51:10 --> Session: Class initialized using 'CodeIgniter\Session\Handlers\FileHandler' driver.
WARNING - 2023-06-29 10:51:10 --> [DEPRECATED] Creation of dynamic property App\Controllers\ProfileController::$validation is deprecated in APPPATH\Controllers\ProfileController.php on line 14.
 1 SYSTEMPATH\CodeIgniter.php(906): App\Controllers\ProfileController->__construct()
 2 SYSTEMPATH\CodeIgniter.php(490): CodeIgniter\CodeIgniter->createController()
 3 SYSTEMPATH\CodeIgniter.php(368): CodeIgniter\CodeIgniter->handleRequest(null, Object(Config\Cache), false)
 4 FCPATH\index.php(67): CodeIgniter\CodeIgniter->run()
WARNING - 2023-06-29 10:51:10 --> [DEPRECATED] Creation of dynamic property App\Controllers\ProfileController::$user is deprecated in APPPATH\Controllers\ProfileController.php on line 16.
 1 SYSTEMPATH\CodeIgniter.php(906): App\Controllers\ProfileController->__construct()
 2 SYSTEMPATH\CodeIgniter.php(490): CodeIgniter\CodeIgniter->createController()
 3 SYSTEMPATH\CodeIgniter.php(368): CodeIgniter\CodeIgniter->handleRequest(null, Object(Config\Cache), false)
 4 FCPATH\index.php(67): CodeIgniter\CodeIgniter->run()
INFO - 2023-06-29 10:51:10 --> Session: Class initialized using 'CodeIgniter\Session\Handlers\FileHandler' driver.
WARNING - 2023-06-29 10:51:10 --> [DEPRECATED] Creation of dynamic property App\Controllers\ProfileController::$validation is deprecated in APPPATH\Controllers\ProfileController.php on line 14.
 1 SYSTEMPATH\CodeIgniter.php(906): App\Controllers\ProfileController->__construct()
 2 SYSTEMPATH\CodeIgniter.php(490): CodeIgniter\CodeIgniter->createController()
 3 SYSTEMPATH\CodeIgniter.php(368): CodeIgniter\CodeIgniter->handleRequest(null, Object(Config\Cache), false)
 4 FCPATH\index.php(67): CodeIgniter\CodeIgniter->run()
WARNING - 2023-06-29 10:51:10 --> [DEPRECATED] Creation of dynamic property App\Controllers\ProfileController::$user is deprecated in APPPATH\Controllers\ProfileController.php on line 16.
 1 SYSTEMPATH\CodeIgniter.php(906): App\Controllers\ProfileController->__construct()
 2 SYSTEMPATH\CodeIgniter.php(490): CodeIgniter\CodeIgniter->createController()
 3 SYSTEMPATH\CodeIgniter.php(368): CodeIgniter\CodeIgniter->handleRequest(null, Object(Config\Cache), false)
 4 FCPATH\index.php(67): CodeIgniter\CodeIgniter->run()
INFO - 2023-06-29 10:51:10 --> Session: Class initialized using 'CodeIgniter\Session\Handlers\FileHandler' driver.
WARNING - 2023-06-29 10:51:10 --> [DEPRECATED] Creation of dynamic property App\Controllers\ProfileController::$validation is deprecated in APPPATH\Controllers\ProfileController.php on line 14.
 1 SYSTEMPATH\CodeIgniter.php(906): App\Controllers\ProfileController->__construct()
 2 SYSTEMPATH\CodeIgniter.php(490): CodeIgniter\CodeIgniter->createController()
 3 SYSTEMPATH\CodeIgniter.php(368): CodeIgniter\CodeIgniter->handleRequest(null, Object(Config\Cache), false)
 4 FCPATH\index.php(67): CodeIgniter\CodeIgniter->run()
WARNING - 2023-06-29 10:51:10 --> [DEPRECATED] Creation of dynamic property App\Controllers\ProfileController::$user is deprecated in APPPATH\Controllers\ProfileController.php on line 16.
 1 SYSTEMPATH\CodeIgniter.php(906): App\Controllers\ProfileController->__construct()
 2 SYSTEMPATH\CodeIgniter.php(490): CodeIgniter\CodeIgniter->createController()
 3 SYSTEMPATH\CodeIgniter.php(368): CodeIgniter\CodeIgniter->handleRequest(null, Object(Config\Cache), false)
 4 FCPATH\index.php(67): CodeIgniter\CodeIgniter->run()
INFO - 2023-06-29 10:51:10 --> Session: Class initialized using 'CodeIgniter\Session\Handlers\FileHandler' driver.
WARNING - 2023-06-29 10:51:10 --> [DEPRECATED] Creation of dynamic property App\Controllers\ProfileController::$validation is deprecated in APPPATH\Controllers\ProfileController.php on line 14.
 1 SYSTEMPATH\CodeIgniter.php(906): App\Controllers\ProfileController->__construct()
 2 SYSTEMPATH\CodeIgniter.php(490): CodeIgniter\CodeIgniter->createController()
 3 SYSTEMPATH\CodeIgniter.php(368): CodeIgniter\CodeIgniter->handleRequest(null, Object(Config\Cache), false)
 4 FCPATH\index.php(67): CodeIgniter\CodeIgniter->run()
WARNING - 2023-06-29 10:51:10 --> [DEPRECATED] Creation of dynamic property App\Controllers\ProfileController::$user is deprecated in APPPATH\Controllers\ProfileController.php on line 16.
 1 SYSTEMPATH\CodeIgniter.php(906): App\Controllers\ProfileController->__construct()
 2 SYSTEMPATH\CodeIgniter.php(490): CodeIgniter\CodeIgniter->createController()
 3 SYSTEMPATH\CodeIgniter.php(368): CodeIgniter\CodeIgniter->handleRequest(null, Object(Config\Cache), false)
 4 FCPATH\index.php(67): CodeIgniter\CodeIgniter->run()
INFO - 2023-06-29 10:51:10 --> Session: Class initialized using 'CodeIgniter\Session\Handlers\FileHandler' driver.
WARNING - 2023-06-29 10:51:10 --> [DEPRECATED] Creation of dynamic property App\Controllers\ProfileController::$validation is deprecated in APPPATH\Controllers\ProfileController.php on line 14.
 1 SYSTEMPATH\CodeIgniter.php(906): App\Controllers\ProfileController->__construct()
 2 SYSTEMPATH\CodeIgniter.php(490): CodeIgniter\CodeIgniter->createController()
 3 SYSTEMPATH\CodeIgniter.php(368): CodeIgniter\CodeIgniter->handleRequest(null, Object(Config\Cache), false)
 4 FCPATH\index.php(67): CodeIgniter\CodeIgniter->run()
WARNING - 2023-06-29 10:51:10 --> [DEPRECATED] Creation of dynamic property App\Controllers\ProfileController::$user is deprecated in APPPATH\Controllers\ProfileController.php on line 16.
 1 SYSTEMPATH\CodeIgniter.php(906): App\Controllers\ProfileController->__construct()
 2 SYSTEMPATH\CodeIgniter.php(490): CodeIgniter\CodeIgniter->createController()
 3 SYSTEMPATH\CodeIgniter.php(368): CodeIgniter\CodeIgniter->handleRequest(null, Object(Config\Cache), false)
 4 FCPATH\index.php(67): CodeIgniter\CodeIgniter->run()
INFO - 2023-06-29 10:51:11 --> Session: Class initialized using 'CodeIgniter\Session\Handlers\FileHandler' driver.
WARNING - 2023-06-29 10:51:11 --> [DEPRECATED] Creation of dynamic property App\Controllers\ProfileController::$validation is deprecated in APPPATH\Controllers\ProfileController.php on line 14.
 1 SYSTEMPATH\CodeIgniter.php(906): App\Controllers\ProfileController->__construct()
 2 SYSTEMPATH\CodeIgniter.php(490): CodeIgniter\CodeIgniter->createController()
 3 SYSTEMPATH\CodeIgniter.php(368): CodeIgniter\CodeIgniter->handleRequest(null, Object(Config\Cache), false)
 4 FCPATH\index.php(67): CodeIgniter\CodeIgniter->run()
WARNING - 2023-06-29 10:51:11 --> [DEPRECATED] Creation of dynamic property App\Controllers\ProfileController::$user is deprecated in APPPATH\Controllers\ProfileController.php on line 16.
 1 SYSTEMPATH\CodeIgniter.php(906): App\Controllers\ProfileController->__construct()
 2 SYSTEMPATH\CodeIgniter.php(490): CodeIgniter\CodeIgniter->createController()
 3 SYSTEMPATH\CodeIgniter.php(368): CodeIgniter\CodeIgniter->handleRequest(null, Object(Config\Cache), false)
 4 FCPATH\index.php(67): CodeIgniter\CodeIgniter->run()
INFO - 2023-06-29 10:51:12 --> Session: Class initialized using 'CodeIgniter\Session\Handlers\FileHandler' driver.
WARNING - 2023-06-29 10:51:12 --> [DEPRECATED] Creation of dynamic property App\Controllers\ProfileController::$validation is deprecated in APPPATH\Controllers\ProfileController.php on line 14.
 1 SYSTEMPATH\CodeIgniter.php(906): App\Controllers\ProfileController->__construct()
 2 SYSTEMPATH\CodeIgniter.php(490): CodeIgniter\CodeIgniter->createController()
 3 SYSTEMPATH\CodeIgniter.php(368): CodeIgniter\CodeIgniter->handleRequest(null, Object(Config\Cache), false)
 4 FCPATH\index.php(67): CodeIgniter\CodeIgniter->run()
WARNING - 2023-06-29 10:51:12 --> [DEPRECATED] Creation of dynamic property App\Controllers\ProfileController::$user is deprecated in APPPATH\Controllers\ProfileController.php on line 16.
 1 SYSTEMPATH\CodeIgniter.php(906): App\Controllers\ProfileController->__construct()
 2 SYSTEMPATH\CodeIgniter.php(490): CodeIgniter\CodeIgniter->createController()
 3 SYSTEMPATH\CodeIgniter.php(368): CodeIgniter\CodeIgniter->handleRequest(null, Object(Config\Cache), false)
 4 FCPATH\index.php(67): CodeIgniter\CodeIgniter->run()
INFO - 2023-06-29 10:51:15 --> Session: Class initialized using 'CodeIgniter\Session\Handlers\FileHandler' driver.
INFO - 2023-06-29 10:51:15 --> Session: Class initialized using 'CodeIgniter\Session\Handlers\FileHandler' driver.
INFO - 2023-06-29 10:51:17 --> Session: Class initialized using 'CodeIgniter\Session\Handlers\FileHandler' driver.
INFO - 2023-06-29 10:51:18 --> Session: Class initialized using 'CodeIgniter\Session\Handlers\FileHandler' driver.
INFO - 2023-06-29 10:51:28 --> Session: Class initialized using 'CodeIgniter\Session\Handlers\FileHandler' driver.
INFO - 2023-06-29 10:51:29 --> Session: Class initialized using 'CodeIgniter\Session\Handlers\FileHandler' driver.
WARNING - 2023-06-29 10:51:29 --> [DEPRECATED] Creation of dynamic property App\Controllers\ProdukController::$validation is deprecated in APPPATH\Controllers\ProdukController.php on line 13.
 1 SYSTEMPATH\CodeIgniter.php(906): App\Controllers\ProdukController->__construct()
 2 SYSTEMPATH\CodeIgniter.php(490): CodeIgniter\CodeIgniter->createController()
 3 SYSTEMPATH\CodeIgniter.php(368): CodeIgniter\CodeIgniter->handleRequest(null, Object(Config\Cache), false)
 4 FCPATH\index.php(67): CodeIgniter\CodeIgniter->run()
INFO - 2023-06-29 10:52:00 --> Session: Class initialized using 'CodeIgniter\Session\Handlers\FileHandler' driver.
WARNING - 2023-06-29 10:52:00 --> [DEPRECATED] Creation of dynamic property App\Controllers\ProdukController::$validation is deprecated in APPPATH\Controllers\ProdukController.php on line 13.
 1 SYSTEMPATH\CodeIgniter.php(906): App\Controllers\ProdukController->__construct()
 2 SYSTEMPATH\CodeIgniter.php(490): CodeIgniter\CodeIgniter->createController()
 3 SYSTEMPATH\CodeIgniter.php(368): CodeIgniter\CodeIgniter->handleRequest(null, Object(Config\Cache), false)
 4 FCPATH\index.php(67): CodeIgniter\CodeIgniter->run()
INFO - 2023-06-29 10:52:00 --> Session: Class initialized using 'CodeIgniter\Session\Handlers\FileHandler' driver.
WARNING - 2023-06-29 10:52:00 --> [DEPRECATED] Creation of dynamic property App\Controllers\ProdukController::$validation is deprecated in APPPATH\Controllers\ProdukController.php on line 13.
 1 SYSTEMPATH\CodeIgniter.php(906): App\Controllers\ProdukController->__construct()
 2 SYSTEMPATH\CodeIgniter.php(490): CodeIgniter\CodeIgniter->createController()
 3 SYSTEMPATH\CodeIgniter.php(368): CodeIgniter\CodeIgniter->handleRequest(null, Object(Config\Cache), false)
 4 FCPATH\index.php(67): CodeIgniter\CodeIgniter->run()
INFO - 2023-06-29 10:52:02 --> Session: Class initialized using 'CodeIgniter\Session\Handlers\FileHandler' driver.
INFO - 2023-06-29 10:53:46 --> Session: Class initialized using 'CodeIgniter\Session\Handlers\FileHandler' driver.
CRITICAL - 2023-06-29 10:53:46 --> Undefined array key "jumlah"
in APPPATH\Views\v_home.php on line 29.
 1 APPPATH\Views\v_home.php(29): CodeIgniter\Debug\Exceptions->errorHandler(2, 'Undefined array key "jumlah"', 'D:\\Development\\xampp\\htdocs\\ci4\\app\\Views\\v_home.php', 29)
 2 SYSTEMPATH\View\View.php(213): include('D:\\Development\\xampp\\htdocs\\ci4\\app\\Views\\v_home.php')
 3 SYSTEMPATH\View\View.php(216): CodeIgniter\View\View->CodeIgniter\View\{closure}()
 4 SYSTEMPATH\Common.php(1184): CodeIgniter\View\View->render('v_home', [], true)
 5 APPPATH\Controllers\Home.php(20): view('v_home', [...])
 6 SYSTEMPATH\CodeIgniter.php(934): App\Controllers\Home->index()
 7 SYSTEMPATH\CodeIgniter.php(499): CodeIgniter\CodeIgniter->runController(Object(App\Controllers\Home))
 8 SYSTEMPATH\CodeIgniter.php(368): CodeIgniter\CodeIgniter->handleRequest(null, Object(Config\Cache), false)
 9 FCPATH\index.php(67): CodeIgniter\CodeIgniter->run()
INFO - 2023-06-29 10:58:58 --> Session: Class initialized using 'CodeIgniter\Session\Handlers\FileHandler' driver.
INFO - 2023-06-29 10:59:33 --> Session: Class initialized using 'CodeIgniter\Session\Handlers\FileHandler' driver.
WARNING - 2023-06-29 10:59:33 --> [DEPRECATED] Creation of dynamic property App\Controllers\ProfileController::$validation is deprecated in APPPATH\Controllers\ProfileController.php on line 14.
 1 SYSTEMPATH\CodeIgniter.php(906): App\Controllers\ProfileController->__construct()
 2 SYSTEMPATH\CodeIgniter.php(490): CodeIgniter\CodeIgniter->createController()
 3 SYSTEMPATH\CodeIgniter.php(368): CodeIgniter\CodeIgniter->handleRequest(null, Object(Config\Cache), false)
 4 FCPATH\index.php(67): CodeIgniter\CodeIgniter->run()
WARNING - 2023-06-29 10:59:33 --> [DEPRECATED] Creation of dynamic property App\Controllers\ProfileController::$user is deprecated in APPPATH\Controllers\ProfileController.php on line 16.
 1 SYSTEMPATH\CodeIgniter.php(906): App\Controllers\ProfileController->__construct()
 2 SYSTEMPATH\CodeIgniter.php(490): CodeIgniter\CodeIgniter->createController()
 3 SYSTEMPATH\CodeIgniter.php(368): CodeIgniter\CodeIgniter->handleRequest(null, Object(Config\Cache), false)
 4 FCPATH\index.php(67): CodeIgniter\CodeIgniter->run()
INFO - 2023-06-29 10:59:35 --> Session: Class initialized using 'CodeIgniter\Session\Handlers\FileHandler' driver.
WARNING - 2023-06-29 10:59:35 --> [DEPRECATED] Creation of dynamic property App\Controllers\ProfileController::$validation is deprecated in APPPATH\Controllers\ProfileController.php on line 14.
 1 SYSTEMPATH\CodeIgniter.php(906): App\Controllers\ProfileController->__construct()
 2 SYSTEMPATH\CodeIgniter.php(490): CodeIgniter\CodeIgniter->createController()
 3 SYSTEMPATH\CodeIgniter.php(368): CodeIgniter\CodeIgniter->handleRequest(null, Object(Config\Cache), false)
 4 FCPATH\index.php(67): CodeIgniter\CodeIgniter->run()
WARNING - 2023-06-29 10:59:35 --> [DEPRECATED] Creation of dynamic property App\Controllers\ProfileController::$user is deprecated in APPPATH\Controllers\ProfileController.php on line 16.
 1 SYSTEMPATH\CodeIgniter.php(906): App\Controllers\ProfileController->__construct()
 2 SYSTEMPATH\CodeIgniter.php(490): CodeIgniter\CodeIgniter->createController()
 3 SYSTEMPATH\CodeIgniter.php(368): CodeIgniter\CodeIgniter->handleRequest(null, Object(Config\Cache), false)
 4 FCPATH\index.php(67): CodeIgniter\CodeIgniter->run()
INFO - 2023-06-29 10:59:35 --> Session: Class initialized using 'CodeIgniter\Session\Handlers\FileHandler' driver.
WARNING - 2023-06-29 10:59:35 --> [DEPRECATED] Creation of dynamic property App\Controllers\ProfileController::$validation is deprecated in APPPATH\Controllers\ProfileController.php on line 14.
 1 SYSTEMPATH\CodeIgniter.php(906): App\Controllers\ProfileController->__construct()
 2 SYSTEMPATH\CodeIgniter.php(490): CodeIgniter\CodeIgniter->createController()
 3 SYSTEMPATH\CodeIgniter.php(368): CodeIgniter\CodeIgniter->handleRequest(null, Object(Config\Cache), false)
 4 FCPATH\index.php(67): CodeIgniter\CodeIgniter->run()
WARNING - 2023-06-29 10:59:35 --> [DEPRECATED] Creation of dynamic property App\Controllers\ProfileController::$user is deprecated in APPPATH\Controllers\ProfileController.php on line 16.
 1 SYSTEMPATH\CodeIgniter.php(906): App\Controllers\ProfileController->__construct()
 2 SYSTEMPATH\CodeIgniter.php(490): CodeIgniter\CodeIgniter->createController()
 3 SYSTEMPATH\CodeIgniter.php(368): CodeIgniter\CodeIgniter->handleRequest(null, Object(Config\Cache), false)
 4 FCPATH\index.php(67): CodeIgniter\CodeIgniter->run()
INFO - 2023-06-29 10:59:35 --> Session: Class initialized using 'CodeIgniter\Session\Handlers\FileHandler' driver.
WARNING - 2023-06-29 10:59:35 --> [DEPRECATED] Creation of dynamic property App\Controllers\ProfileController::$validation is deprecated in APPPATH\Controllers\ProfileController.php on line 14.
 1 SYSTEMPATH\CodeIgniter.php(906): App\Controllers\ProfileController->__construct()
 2 SYSTEMPATH\CodeIgniter.php(490): CodeIgniter\CodeIgniter->createController()
 3 SYSTEMPATH\CodeIgniter.php(368): CodeIgniter\CodeIgniter->handleRequest(null, Object(Config\Cache), false)
 4 FCPATH\index.php(67): CodeIgniter\CodeIgniter->run()
WARNING - 2023-06-29 10:59:35 --> [DEPRECATED] Creation of dynamic property App\Controllers\ProfileController::$user is deprecated in APPPATH\Controllers\ProfileController.php on line 16.
 1 SYSTEMPATH\CodeIgniter.php(906): App\Controllers\ProfileController->__construct()
 2 SYSTEMPATH\CodeIgniter.php(490): CodeIgniter\CodeIgniter->createController()
 3 SYSTEMPATH\CodeIgniter.php(368): CodeIgniter\CodeIgniter->handleRequest(null, Object(Config\Cache), false)
 4 FCPATH\index.php(67): CodeIgniter\CodeIgniter->run()
INFO - 2023-06-29 10:59:35 --> Session: Class initialized using 'CodeIgniter\Session\Handlers\FileHandler' driver.
WARNING - 2023-06-29 10:59:35 --> [DEPRECATED] Creation of dynamic property App\Controllers\ProfileController::$validation is deprecated in APPPATH\Controllers\ProfileController.php on line 14.
 1 SYSTEMPATH\CodeIgniter.php(906): App\Controllers\ProfileController->__construct()
 2 SYSTEMPATH\CodeIgniter.php(490): CodeIgniter\CodeIgniter->createController()
 3 SYSTEMPATH\CodeIgniter.php(368): CodeIgniter\CodeIgniter->handleRequest(null, Object(Config\Cache), false)
 4 FCPATH\index.php(67): CodeIgniter\CodeIgniter->run()
WARNING - 2023-06-29 10:59:35 --> [DEPRECATED] Creation of dynamic property App\Controllers\ProfileController::$user is deprecated in APPPATH\Controllers\ProfileController.php on line 16.
 1 SYSTEMPATH\CodeIgniter.php(906): App\Controllers\ProfileController->__construct()
 2 SYSTEMPATH\CodeIgniter.php(490): CodeIgniter\CodeIgniter->createController()
 3 SYSTEMPATH\CodeIgniter.php(368): CodeIgniter\CodeIgniter->handleRequest(null, Object(Config\Cache), false)
 4 FCPATH\index.php(67): CodeIgniter\CodeIgniter->run()
INFO - 2023-06-29 10:59:35 --> Session: Class initialized using 'CodeIgniter\Session\Handlers\FileHandler' driver.
WARNING - 2023-06-29 10:59:35 --> [DEPRECATED] Creation of dynamic property App\Controllers\ProfileController::$validation is deprecated in APPPATH\Controllers\ProfileController.php on line 14.
 1 SYSTEMPATH\CodeIgniter.php(906): App\Controllers\ProfileController->__construct()
 2 SYSTEMPATH\CodeIgniter.php(490): CodeIgniter\CodeIgniter->createController()
 3 SYSTEMPATH\CodeIgniter.php(368): CodeIgniter\CodeIgniter->handleRequest(null, Object(Config\Cache), false)
 4 FCPATH\index.php(67): CodeIgniter\CodeIgniter->run()
WARNING - 2023-06-29 10:59:35 --> [DEPRECATED] Creation of dynamic property App\Controllers\ProfileController::$user is deprecated in APPPATH\Controllers\ProfileController.php on line 16.
 1 SYSTEMPATH\CodeIgniter.php(906): App\Controllers\ProfileController->__construct()
 2 SYSTEMPATH\CodeIgniter.php(490): CodeIgniter\CodeIgniter->createController()
 3 SYSTEMPATH\CodeIgniter.php(368): CodeIgniter\CodeIgniter->handleRequest(null, Object(Config\Cache), false)
 4 FCPATH\index.php(67): CodeIgniter\CodeIgniter->run()
INFO - 2023-06-29 10:59:39 --> Session: Class initialized using 'CodeIgniter\Session\Handlers\FileHandler' driver.
WARNING - 2023-06-29 10:59:39 --> [DEPRECATED] Creation of dynamic property App\Controllers\ProfileController::$validation is deprecated in APPPATH\Controllers\ProfileController.php on line 14.
 1 SYSTEMPATH\CodeIgniter.php(906): App\Controllers\ProfileController->__construct()
 2 SYSTEMPATH\CodeIgniter.php(490): CodeIgniter\CodeIgniter->createController()
 3 SYSTEMPATH\CodeIgniter.php(368): CodeIgniter\CodeIgniter->handleRequest(null, Object(Config\Cache), false)
 4 FCPATH\index.php(67): CodeIgniter\CodeIgniter->run()
WARNING - 2023-06-29 10:59:39 --> [DEPRECATED] Creation of dynamic property App\Controllers\ProfileController::$user is deprecated in APPPATH\Controllers\ProfileController.php on line 16.
 1 SYSTEMPATH\CodeIgniter.php(906): App\Controllers\ProfileController->__construct()
 2 SYSTEMPATH\CodeIgniter.php(490): CodeIgniter\CodeIgniter->createController()
 3 SYSTEMPATH\CodeIgniter.php(368): CodeIgniter\CodeIgniter->handleRequest(null, Object(Config\Cache), false)
 4 FCPATH\index.php(67): CodeIgniter\CodeIgniter->run()
INFO - 2023-06-29 10:59:39 --> Session: Class initialized using 'CodeIgniter\Session\Handlers\FileHandler' driver.
WARNING - 2023-06-29 10:59:39 --> [DEPRECATED] Creation of dynamic property App\Controllers\ProfileController::$validation is deprecated in APPPATH\Controllers\ProfileController.php on line 14.
 1 SYSTEMPATH\CodeIgniter.php(906): App\Controllers\ProfileController->__construct()
 2 SYSTEMPATH\CodeIgniter.php(490): CodeIgniter\CodeIgniter->createController()
 3 SYSTEMPATH\CodeIgniter.php(368): CodeIgniter\CodeIgniter->handleRequest(null, Object(Config\Cache), false)
 4 FCPATH\index.php(67): CodeIgniter\CodeIgniter->run()
WARNING - 2023-06-29 10:59:39 --> [DEPRECATED] Creation of dynamic property App\Controllers\ProfileController::$user is deprecated in APPPATH\Controllers\ProfileController.php on line 16.
 1 SYSTEMPATH\CodeIgniter.php(906): App\Controllers\ProfileController->__construct()
 2 SYSTEMPATH\CodeIgniter.php(490): CodeIgniter\CodeIgniter->createController()
 3 SYSTEMPATH\CodeIgniter.php(368): CodeIgniter\CodeIgniter->handleRequest(null, Object(Config\Cache), false)
 4 FCPATH\index.php(67): CodeIgniter\CodeIgniter->run()
INFO - 2023-06-29 10:59:42 --> Session: Class initialized using 'CodeIgniter\Session\Handlers\FileHandler' driver.
INFO - 2023-06-29 10:59:42 --> Session: Class initialized using 'CodeIgniter\Session\Handlers\FileHandler' driver.
INFO - 2023-06-29 10:59:45 --> Session: Class initialized using 'CodeIgniter\Session\Handlers\FileHandler' driver.
INFO - 2023-06-29 10:59:45 --> Session: Class initialized using 'CodeIgniter\Session\Handlers\FileHandler' driver.
INFO - 2023-06-29 10:59:46 --> Session: Class initialized using 'CodeIgniter\Session\Handlers\FileHandler' driver.
WARNING - 2023-06-29 10:59:46 --> [DEPRECATED] Creation of dynamic property App\Controllers\ProfileController::$validation is deprecated in APPPATH\Controllers\ProfileController.php on line 14.
 1 SYSTEMPATH\CodeIgniter.php(906): App\Controllers\ProfileController->__construct()
 2 SYSTEMPATH\CodeIgniter.php(490): CodeIgniter\CodeIgniter->createController()
 3 SYSTEMPATH\CodeIgniter.php(368): CodeIgniter\CodeIgniter->handleRequest(null, Object(Config\Cache), false)
 4 FCPATH\index.php(67): CodeIgniter\CodeIgniter->run()
WARNING - 2023-06-29 10:59:46 --> [DEPRECATED] Creation of dynamic property App\Controllers\ProfileController::$user is deprecated in APPPATH\Controllers\ProfileController.php on line 16.
 1 SYSTEMPATH\CodeIgniter.php(906): App\Controllers\ProfileController->__construct()
 2 SYSTEMPATH\CodeIgniter.php(490): CodeIgniter\CodeIgniter->createController()
 3 SYSTEMPATH\CodeIgniter.php(368): CodeIgniter\CodeIgniter->handleRequest(null, Object(Config\Cache), false)
 4 FCPATH\index.php(67): CodeIgniter\CodeIgniter->run()
INFO - 2023-06-29 10:59:47 --> Session: Class initialized using 'CodeIgniter\Session\Handlers\FileHandler' driver.
WARNING - 2023-06-29 10:59:48 --> [DEPRECATED] Creation of dynamic property App\Controllers\ProfileController::$validation is deprecated in APPPATH\Controllers\ProfileController.php on line 14.
 1 SYSTEMPATH\CodeIgniter.php(906): App\Controllers\ProfileController->__construct()
 2 SYSTEMPATH\CodeIgniter.php(490): CodeIgniter\CodeIgniter->createController()
 3 SYSTEMPATH\CodeIgniter.php(368): CodeIgniter\CodeIgniter->handleRequest(null, Object(Config\Cache), false)
 4 FCPATH\index.php(67): CodeIgniter\CodeIgniter->run()
WARNING - 2023-06-29 10:59:48 --> [DEPRECATED] Creation of dynamic property App\Controllers\ProfileController::$user is deprecated in APPPATH\Controllers\ProfileController.php on line 16.
 1 SYSTEMPATH\CodeIgniter.php(906): App\Controllers\ProfileController->__construct()
 2 SYSTEMPATH\CodeIgniter.php(490): CodeIgniter\CodeIgniter->createController()
 3 SYSTEMPATH\CodeIgniter.php(368): CodeIgniter\CodeIgniter->handleRequest(null, Object(Config\Cache), false)
 4 FCPATH\index.php(67): CodeIgniter\CodeIgniter->run()
INFO - 2023-06-29 10:59:48 --> Session: Class initialized using 'CodeIgniter\Session\Handlers\FileHandler' driver.
WARNING - 2023-06-29 10:59:48 --> [DEPRECATED] Creation of dynamic property App\Controllers\ProfileController::$validation is deprecated in APPPATH\Controllers\ProfileController.php on line 14.
 1 SYSTEMPATH\CodeIgniter.php(906): App\Controllers\ProfileController->__construct()
 2 SYSTEMPATH\CodeIgniter.php(490): CodeIgniter\CodeIgniter->createController()
 3 SYSTEMPATH\CodeIgniter.php(368): CodeIgniter\CodeIgniter->handleRequest(null, Object(Config\Cache), false)
 4 FCPATH\index.php(67): CodeIgniter\CodeIgniter->run()
WARNING - 2023-06-29 10:59:48 --> [DEPRECATED] Creation of dynamic property App\Controllers\ProfileController::$user is deprecated in APPPATH\Controllers\ProfileController.php on line 16.
 1 SYSTEMPATH\CodeIgniter.php(906): App\Controllers\ProfileController->__construct()
 2 SYSTEMPATH\CodeIgniter.php(490): CodeIgniter\CodeIgniter->createController()
 3 SYSTEMPATH\CodeIgniter.php(368): CodeIgniter\CodeIgniter->handleRequest(null, Object(Config\Cache), false)
 4 FCPATH\index.php(67): CodeIgniter\CodeIgniter->run()
INFO - 2023-06-29 10:59:48 --> Session: Class initialized using 'CodeIgniter\Session\Handlers\FileHandler' driver.
WARNING - 2023-06-29 10:59:48 --> [DEPRECATED] Creation of dynamic property App\Controllers\ProfileController::$validation is deprecated in APPPATH\Controllers\ProfileController.php on line 14.
 1 SYSTEMPATH\CodeIgniter.php(906): App\Controllers\ProfileController->__construct()
 2 SYSTEMPATH\CodeIgniter.php(490): CodeIgniter\CodeIgniter->createController()
 3 SYSTEMPATH\CodeIgniter.php(368): CodeIgniter\CodeIgniter->handleRequest(null, Object(Config\Cache), false)
 4 FCPATH\index.php(67): CodeIgniter\CodeIgniter->run()
WARNING - 2023-06-29 10:59:48 --> [DEPRECATED] Creation of dynamic property App\Controllers\ProfileController::$user is deprecated in APPPATH\Controllers\ProfileController.php on line 16.
 1 SYSTEMPATH\CodeIgniter.php(906): App\Controllers\ProfileController->__construct()
 2 SYSTEMPATH\CodeIgniter.php(490): CodeIgniter\CodeIgniter->createController()
 3 SYSTEMPATH\CodeIgniter.php(368): CodeIgniter\CodeIgniter->handleRequest(null, Object(Config\Cache), false)
 4 FCPATH\index.php(67): CodeIgniter\CodeIgniter->run()
INFO - 2023-06-29 10:59:48 --> Session: Class initialized using 'CodeIgniter\Session\Handlers\FileHandler' driver.
WARNING - 2023-06-29 10:59:48 --> [DEPRECATED] Creation of dynamic property App\Controllers\ProfileController::$validation is deprecated in APPPATH\Controllers\ProfileController.php on line 14.
 1 SYSTEMPATH\CodeIgniter.php(906): App\Controllers\ProfileController->__construct()
 2 SYSTEMPATH\CodeIgniter.php(490): CodeIgniter\CodeIgniter->createController()
 3 SYSTEMPATH\CodeIgniter.php(368): CodeIgniter\CodeIgniter->handleRequest(null, Object(Config\Cache), false)
 4 FCPATH\index.php(67): CodeIgniter\CodeIgniter->run()
WARNING - 2023-06-29 10:59:48 --> [DEPRECATED] Creation of dynamic property App\Controllers\ProfileController::$user is deprecated in APPPATH\Controllers\ProfileController.php on line 16.
 1 SYSTEMPATH\CodeIgniter.php(906): App\Controllers\ProfileController->__construct()
 2 SYSTEMPATH\CodeIgniter.php(490): CodeIgniter\CodeIgniter->createController()
 3 SYSTEMPATH\CodeIgniter.php(368): CodeIgniter\CodeIgniter->handleRequest(null, Object(Config\Cache), false)
 4 FCPATH\index.php(67): CodeIgniter\CodeIgniter->run()
INFO - 2023-06-29 10:59:48 --> Session: Class initialized using 'CodeIgniter\Session\Handlers\FileHandler' driver.
WARNING - 2023-06-29 10:59:48 --> [DEPRECATED] Creation of dynamic property App\Controllers\ProfileController::$validation is deprecated in APPPATH\Controllers\ProfileController.php on line 14.
 1 SYSTEMPATH\CodeIgniter.php(906): App\Controllers\ProfileController->__construct()
 2 SYSTEMPATH\CodeIgniter.php(490): CodeIgniter\CodeIgniter->createController()
 3 SYSTEMPATH\CodeIgniter.php(368): CodeIgniter\CodeIgniter->handleRequest(null, Object(Config\Cache), false)
 4 FCPATH\index.php(67): CodeIgniter\CodeIgniter->run()
WARNING - 2023-06-29 10:59:48 --> [DEPRECATED] Creation of dynamic property App\Controllers\ProfileController::$user is deprecated in APPPATH\Controllers\ProfileController.php on line 16.
 1 SYSTEMPATH\CodeIgniter.php(906): App\Controllers\ProfileController->__construct()
 2 SYSTEMPATH\CodeIgniter.php(490): CodeIgniter\CodeIgniter->createController()
 3 SYSTEMPATH\CodeIgniter.php(368): CodeIgniter\CodeIgniter->handleRequest(null, Object(Config\Cache), false)
 4 FCPATH\index.php(67): CodeIgniter\CodeIgniter->run()
INFO - 2023-06-29 10:59:50 --> Session: Class initialized using 'CodeIgniter\Session\Handlers\FileHandler' driver.
WARNING - 2023-06-29 10:59:50 --> [DEPRECATED] Creation of dynamic property App\Controllers\ProfileController::$validation is deprecated in APPPATH\Controllers\ProfileController.php on line 14.
 1 SYSTEMPATH\CodeIgniter.php(906): App\Controllers\ProfileController->__construct()
 2 SYSTEMPATH\CodeIgniter.php(490): CodeIgniter\CodeIgniter->createController()
 3 SYSTEMPATH\CodeIgniter.php(368): CodeIgniter\CodeIgniter->handleRequest(null, Object(Config\Cache), false)
 4 FCPATH\index.php(67): CodeIgniter\CodeIgniter->run()
WARNING - 2023-06-29 10:59:50 --> [DEPRECATED] Creation of dynamic property App\Controllers\ProfileController::$user is deprecated in APPPATH\Controllers\ProfileController.php on line 16.
 1 SYSTEMPATH\CodeIgniter.php(906): App\Controllers\ProfileController->__construct()
 2 SYSTEMPATH\CodeIgniter.php(490): CodeIgniter\CodeIgniter->createController()
 3 SYSTEMPATH\CodeIgniter.php(368): CodeIgniter\CodeIgniter->handleRequest(null, Object(Config\Cache), false)
 4 FCPATH\index.php(67): CodeIgniter\CodeIgniter->run()
INFO - 2023-06-29 10:59:50 --> Session: Class initialized using 'CodeIgniter\Session\Handlers\FileHandler' driver.
WARNING - 2023-06-29 10:59:50 --> [DEPRECATED] Creation of dynamic property App\Controllers\ProfileController::$validation is deprecated in APPPATH\Controllers\ProfileController.php on line 14.
 1 SYSTEMPATH\CodeIgniter.php(906): App\Controllers\ProfileController->__construct()
 2 SYSTEMPATH\CodeIgniter.php(490): CodeIgniter\CodeIgniter->createController()
 3 SYSTEMPATH\CodeIgniter.php(368): CodeIgniter\CodeIgniter->handleRequest(null, Object(Config\Cache), false)
 4 FCPATH\index.php(67): CodeIgniter\CodeIgniter->run()
WARNING - 2023-06-29 10:59:50 --> [DEPRECATED] Creation of dynamic property App\Controllers\ProfileController::$user is deprecated in APPPATH\Controllers\ProfileController.php on line 16.
 1 SYSTEMPATH\CodeIgniter.php(906): App\Controllers\ProfileController->__construct()
 2 SYSTEMPATH\CodeIgniter.php(490): CodeIgniter\CodeIgniter->createController()
 3 SYSTEMPATH\CodeIgniter.php(368): CodeIgniter\CodeIgniter->handleRequest(null, Object(Config\Cache), false)
 4 FCPATH\index.php(67): CodeIgniter\CodeIgniter->run()
INFO - 2023-06-29 10:59:53 --> Session: Class initialized using 'CodeIgniter\Session\Handlers\FileHandler' driver.
WARNING - 2023-06-29 10:59:53 --> [DEPRECATED] Creation of dynamic property App\Controllers\ProfileController::$validation is deprecated in APPPATH\Controllers\ProfileController.php on line 14.
 1 SYSTEMPATH\CodeIgniter.php(906): App\Controllers\ProfileController->__construct()
 2 SYSTEMPATH\CodeIgniter.php(490): CodeIgniter\CodeIgniter->createController()
 3 SYSTEMPATH\CodeIgniter.php(368): CodeIgniter\CodeIgniter->handleRequest(null, Object(Config\Cache), false)
 4 FCPATH\index.php(67): CodeIgniter\CodeIgniter->run()
WARNING - 2023-06-29 10:59:53 --> [DEPRECATED] Creation of dynamic property App\Controllers\ProfileController::$user is deprecated in APPPATH\Controllers\ProfileController.php on line 16.
 1 SYSTEMPATH\CodeIgniter.php(906): App\Controllers\ProfileController->__construct()
 2 SYSTEMPATH\CodeIgniter.php(490): CodeIgniter\CodeIgniter->createController()
 3 SYSTEMPATH\CodeIgniter.php(368): CodeIgniter\CodeIgniter->handleRequest(null, Object(Config\Cache), false)
 4 FCPATH\index.php(67): CodeIgniter\CodeIgniter->run()
INFO - 2023-06-29 10:59:53 --> Session: Class initialized using 'CodeIgniter\Session\Handlers\FileHandler' driver.
WARNING - 2023-06-29 10:59:53 --> [DEPRECATED] Creation of dynamic property App\Controllers\ProfileController::$validation is deprecated in APPPATH\Controllers\ProfileController.php on line 14.
 1 SYSTEMPATH\CodeIgniter.php(906): App\Controllers\ProfileController->__construct()
 2 SYSTEMPATH\CodeIgniter.php(490): CodeIgniter\CodeIgniter->createController()
 3 SYSTEMPATH\CodeIgniter.php(368): CodeIgniter\CodeIgniter->handleRequest(null, Object(Config\Cache), false)
 4 FCPATH\index.php(67): CodeIgniter\CodeIgniter->run()
WARNING - 2023-06-29 10:59:53 --> [DEPRECATED] Creation of dynamic property App\Controllers\ProfileController::$user is deprecated in APPPATH\Controllers\ProfileController.php on line 16.
 1 SYSTEMPATH\CodeIgniter.php(906): App\Controllers\ProfileController->__construct()
 2 SYSTEMPATH\CodeIgniter.php(490): CodeIgniter\CodeIgniter->createController()
 3 SYSTEMPATH\CodeIgniter.php(368): CodeIgniter\CodeIgniter->handleRequest(null, Object(Config\Cache), false)
 4 FCPATH\index.php(67): CodeIgniter\CodeIgniter->run()
INFO - 2023-06-29 10:59:53 --> Session: Class initialized using 'CodeIgniter\Session\Handlers\FileHandler' driver.
WARNING - 2023-06-29 10:59:53 --> [DEPRECATED] Creation of dynamic property App\Controllers\ProfileController::$validation is deprecated in APPPATH\Controllers\ProfileController.php on line 14.
 1 SYSTEMPATH\CodeIgniter.php(906): App\Controllers\ProfileController->__construct()
 2 SYSTEMPATH\CodeIgniter.php(490): CodeIgniter\CodeIgniter->createController()
 3 SYSTEMPATH\CodeIgniter.php(368): CodeIgniter\CodeIgniter->handleRequest(null, Object(Config\Cache), false)
 4 FCPATH\index.php(67): CodeIgniter\CodeIgniter->run()
WARNING - 2023-06-29 10:59:53 --> [DEPRECATED] Creation of dynamic property App\Controllers\ProfileController::$user is deprecated in APPPATH\Controllers\ProfileController.php on line 16.
 1 SYSTEMPATH\CodeIgniter.php(906): App\Controllers\ProfileController->__construct()
 2 SYSTEMPATH\CodeIgniter.php(490): CodeIgniter\CodeIgniter->createController()
 3 SYSTEMPATH\CodeIgniter.php(368): CodeIgniter\CodeIgniter->handleRequest(null, Object(Config\Cache), false)
 4 FCPATH\index.php(67): CodeIgniter\CodeIgniter->run()
INFO - 2023-06-29 10:59:53 --> Session: Class initialized using 'CodeIgniter\Session\Handlers\FileHandler' driver.
WARNING - 2023-06-29 10:59:53 --> [DEPRECATED] Creation of dynamic property App\Controllers\ProfileController::$validation is deprecated in APPPATH\Controllers\ProfileController.php on line 14.
 1 SYSTEMPATH\CodeIgniter.php(906): App\Controllers\ProfileController->__construct()
 2 SYSTEMPATH\CodeIgniter.php(490): CodeIgniter\CodeIgniter->createController()
 3 SYSTEMPATH\CodeIgniter.php(368): CodeIgniter\CodeIgniter->handleRequest(null, Object(Config\Cache), false)
 4 FCPATH\index.php(67): CodeIgniter\CodeIgniter->run()
WARNING - 2023-06-29 10:59:53 --> [DEPRECATED] Creation of dynamic property App\Controllers\ProfileController::$user is deprecated in APPPATH\Controllers\ProfileController.php on line 16.
 1 SYSTEMPATH\CodeIgniter.php(906): App\Controllers\ProfileController->__construct()
 2 SYSTEMPATH\CodeIgniter.php(490): CodeIgniter\CodeIgniter->createController()
 3 SYSTEMPATH\CodeIgniter.php(368): CodeIgniter\CodeIgniter->handleRequest(null, Object(Config\Cache), false)
 4 FCPATH\index.php(67): CodeIgniter\CodeIgniter->run()
INFO - 2023-06-29 10:59:53 --> Session: Class initialized using 'CodeIgniter\Session\Handlers\FileHandler' driver.
WARNING - 2023-06-29 10:59:53 --> [DEPRECATED] Creation of dynamic property App\Controllers\ProfileController::$validation is deprecated in APPPATH\Controllers\ProfileController.php on line 14.
 1 SYSTEMPATH\CodeIgniter.php(906): App\Controllers\ProfileController->__construct()
 2 SYSTEMPATH\CodeIgniter.php(490): CodeIgniter\CodeIgniter->createController()
 3 SYSTEMPATH\CodeIgniter.php(368): CodeIgniter\CodeIgniter->handleRequest(null, Object(Config\Cache), false)
 4 FCPATH\index.php(67): CodeIgniter\CodeIgniter->run()
WARNING - 2023-06-29 10:59:53 --> [DEPRECATED] Creation of dynamic property App\Controllers\ProfileController::$user is deprecated in APPPATH\Controllers\ProfileController.php on line 16.
 1 SYSTEMPATH\CodeIgniter.php(906): App\Controllers\ProfileController->__construct()
 2 SYSTEMPATH\CodeIgniter.php(490): CodeIgniter\CodeIgniter->createController()
 3 SYSTEMPATH\CodeIgniter.php(368): CodeIgniter\CodeIgniter->handleRequest(null, Object(Config\Cache), false)
 4 FCPATH\index.php(67): CodeIgniter\CodeIgniter->run()
INFO - 2023-06-29 10:59:54 --> Session: Class initialized using 'CodeIgniter\Session\Handlers\FileHandler' driver.
WARNING - 2023-06-29 10:59:54 --> [DEPRECATED] Creation of dynamic property App\Controllers\ProfileController::$validation is deprecated in APPPATH\Controllers\ProfileController.php on line 14.
 1 SYSTEMPATH\CodeIgniter.php(906): App\Controllers\ProfileController->__construct()
 2 SYSTEMPATH\CodeIgniter.php(490): CodeIgniter\CodeIgniter->createController()
 3 SYSTEMPATH\CodeIgniter.php(368): CodeIgniter\CodeIgniter->handleRequest(null, Object(Config\Cache), false)
 4 FCPATH\index.php(67): CodeIgniter\CodeIgniter->run()
WARNING - 2023-06-29 10:59:54 --> [DEPRECATED] Creation of dynamic property App\Controllers\ProfileController::$user is deprecated in APPPATH\Controllers\ProfileController.php on line 16.
 1 SYSTEMPATH\CodeIgniter.php(906): App\Controllers\ProfileController->__construct()
 2 SYSTEMPATH\CodeIgniter.php(490): CodeIgniter\CodeIgniter->createController()
 3 SYSTEMPATH\CodeIgniter.php(368): CodeIgniter\CodeIgniter->handleRequest(null, Object(Config\Cache), false)
 4 FCPATH\index.php(67): CodeIgniter\CodeIgniter->run()
INFO - 2023-06-29 10:59:55 --> Session: Class initialized using 'CodeIgniter\Session\Handlers\FileHandler' driver.
WARNING - 2023-06-29 10:59:55 --> [DEPRECATED] Creation of dynamic property App\Controllers\ProfileController::$validation is deprecated in APPPATH\Controllers\ProfileController.php on line 14.
 1 SYSTEMPATH\CodeIgniter.php(906): App\Controllers\ProfileController->__construct()
 2 SYSTEMPATH\CodeIgniter.php(490): CodeIgniter\CodeIgniter->createController()
 3 SYSTEMPATH\CodeIgniter.php(368): CodeIgniter\CodeIgniter->handleRequest(null, Object(Config\Cache), false)
 4 FCPATH\index.php(67): CodeIgniter\CodeIgniter->run()
WARNING - 2023-06-29 10:59:55 --> [DEPRECATED] Creation of dynamic property App\Controllers\ProfileController::$user is deprecated in APPPATH\Controllers\ProfileController.php on line 16.
 1 SYSTEMPATH\CodeIgniter.php(906): App\Controllers\ProfileController->__construct()
 2 SYSTEMPATH\CodeIgniter.php(490): CodeIgniter\CodeIgniter->createController()
 3 SYSTEMPATH\CodeIgniter.php(368): CodeIgniter\CodeIgniter->handleRequest(null, Object(Config\Cache), false)
 4 FCPATH\index.php(67): CodeIgniter\CodeIgniter->run()
INFO - 2023-06-29 10:59:55 --> Session: Class initialized using 'CodeIgniter\Session\Handlers\FileHandler' driver.
WARNING - 2023-06-29 10:59:55 --> [DEPRECATED] Creation of dynamic property App\Controllers\ProfileController::$validation is deprecated in APPPATH\Controllers\ProfileController.php on line 14.
 1 SYSTEMPATH\CodeIgniter.php(906): App\Controllers\ProfileController->__construct()
 2 SYSTEMPATH\CodeIgniter.php(490): CodeIgniter\CodeIgniter->createController()
 3 SYSTEMPATH\CodeIgniter.php(368): CodeIgniter\CodeIgniter->handleRequest(null, Object(Config\Cache), false)
 4 FCPATH\index.php(67): CodeIgniter\CodeIgniter->run()
WARNING - 2023-06-29 10:59:55 --> [DEPRECATED] Creation of dynamic property App\Controllers\ProfileController::$user is deprecated in APPPATH\Controllers\ProfileController.php on line 16.
 1 SYSTEMPATH\CodeIgniter.php(906): App\Controllers\ProfileController->__construct()
 2 SYSTEMPATH\CodeIgniter.php(490): CodeIgniter\CodeIgniter->createController()
 3 SYSTEMPATH\CodeIgniter.php(368): CodeIgniter\CodeIgniter->handleRequest(null, Object(Config\Cache), false)
 4 FCPATH\index.php(67): CodeIgniter\CodeIgniter->run()
INFO - 2023-06-29 10:59:55 --> Session: Class initialized using 'CodeIgniter\Session\Handlers\FileHandler' driver.
WARNING - 2023-06-29 10:59:55 --> [DEPRECATED] Creation of dynamic property App\Controllers\ProfileController::$validation is deprecated in APPPATH\Controllers\ProfileController.php on line 14.
 1 SYSTEMPATH\CodeIgniter.php(906): App\Controllers\ProfileController->__construct()
 2 SYSTEMPATH\CodeIgniter.php(490): CodeIgniter\CodeIgniter->createController()
 3 SYSTEMPATH\CodeIgniter.php(368): CodeIgniter\CodeIgniter->handleRequest(null, Object(Config\Cache), false)
 4 FCPATH\index.php(67): CodeIgniter\CodeIgniter->run()
WARNING - 2023-06-29 10:59:55 --> [DEPRECATED] Creation of dynamic property App\Controllers\ProfileController::$user is deprecated in APPPATH\Controllers\ProfileController.php on line 16.
 1 SYSTEMPATH\CodeIgniter.php(906): App\Controllers\ProfileController->__construct()
 2 SYSTEMPATH\CodeIgniter.php(490): CodeIgniter\CodeIgniter->createController()
 3 SYSTEMPATH\CodeIgniter.php(368): CodeIgniter\CodeIgniter->handleRequest(null, Object(Config\Cache), false)
 4 FCPATH\index.php(67): CodeIgniter\CodeIgniter->run()
INFO - 2023-06-29 10:59:55 --> Session: Class initialized using 'CodeIgniter\Session\Handlers\FileHandler' driver.
WARNING - 2023-06-29 10:59:55 --> [DEPRECATED] Creation of dynamic property App\Controllers\ProfileController::$validation is deprecated in APPPATH\Controllers\ProfileController.php on line 14.
 1 SYSTEMPATH\CodeIgniter.php(906): App\Controllers\ProfileController->__construct()
 2 SYSTEMPATH\CodeIgniter.php(490): CodeIgniter\CodeIgniter->createController()
 3 SYSTEMPATH\CodeIgniter.php(368): CodeIgniter\CodeIgniter->handleRequest(null, Object(Config\Cache), false)
 4 FCPATH\index.php(67): CodeIgniter\CodeIgniter->run()
WARNING - 2023-06-29 10:59:55 --> [DEPRECATED] Creation of dynamic property App\Controllers\ProfileController::$user is deprecated in APPPATH\Controllers\ProfileController.php on line 16.
 1 SYSTEMPATH\CodeIgniter.php(906): App\Controllers\ProfileController->__construct()
 2 SYSTEMPATH\CodeIgniter.php(490): CodeIgniter\CodeIgniter->createController()
 3 SYSTEMPATH\CodeIgniter.php(368): CodeIgniter\CodeIgniter->handleRequest(null, Object(Config\Cache), false)
 4 FCPATH\index.php(67): CodeIgniter\CodeIgniter->run()
INFO - 2023-06-29 11:00:01 --> Session: Class initialized using 'CodeIgniter\Session\Handlers\FileHandler' driver.
INFO - 2023-06-29 11:00:01 --> Session: Class initialized using 'CodeIgniter\Session\Handlers\FileHandler' driver.
